CRITICAL - 2024-10-13 09:32:06 --> Undefined index: pengahsilan
#0 E:\APLIKASI\koding\sneat\app\Views\siswa\edit_orangtua.php(53): CodeIgniter\Debug\Exceptions->errorHandler(8, 'Undefined index...', 'E:\\APLIKASI\\kod...', 53, Array)
#1 E:\APLIKASI\koding\sneat\system\View\View.php(214): include('E:\\APLIKASI\\kod...')
#2 E:\APLIKASI\koding\sneat\system\View\View.php(217): CodeIgniter\View\View->CodeIgniter\View\{closure}()
#3 E:\APLIKASI\koding\sneat\system\Common.php(1092): CodeIgniter\View\View->render('siswa/edit_oran...', Array, true)
#4 E:\APLIKASI\koding\sneat\app\Controllers\Siswa.php(136): view('siswa/edit_oran...', Array)
#5 E:\APLIKASI\koding\sneat\system\CodeIgniter.php(802): App\Controllers\Siswa->edit_orangtua()
#6 E:\APLIKASI\koding\sneat\system\CodeIgniter.php(399): CodeIgniter\CodeIgniter->runController(Object(App\Controllers\Siswa))
#7 E:\APLIKASI\koding\sneat\system\CodeIgniter.php(317): CodeIgniter\CodeIgniter->handleRequest(NULL, Object(Config\Cache), false)
#8 E:\APLIKASI\koding\sneat\public\index.php(37): CodeIgniter\CodeIgniter->run()
#9 E:\APLIKASI\koding\sneat\system\Commands\Server\rewrite.php(43): require_once('E:\\APLIKASI\\kod...')
#10 {main}
CRITICAL - 2024-10-13 09:33:36 --> Undefined index: pekerjaan
#0 E:\APLIKASI\koding\sneat\app\Views\siswa\edit_orangtua.php(58): CodeIgniter\Debug\Exceptions->errorHandler(8, 'Undefined index...', 'E:\\APLIKASI\\kod...', 58, Array)
#1 E:\APLIKASI\koding\sneat\system\View\View.php(214): include('E:\\APLIKASI\\kod...')
#2 E:\APLIKASI\koding\sneat\system\View\View.php(217): CodeIgniter\View\View->CodeIgniter\View\{closure}()
#3 E:\APLIKASI\koding\sneat\system\Common.php(1092): CodeIgniter\View\View->render('siswa/edit_oran...', Array, true)
#4 E:\APLIKASI\koding\sneat\app\Controllers\Siswa.php(136): view('siswa/edit_oran...', Array)
#5 E:\APLIKASI\koding\sneat\system\CodeIgniter.php(802): App\Controllers\Siswa->edit_orangtua()
#6 E:\APLIKASI\koding\sneat\system\CodeIgniter.php(399): CodeIgniter\CodeIgniter->runController(Object(App\Controllers\Siswa))
#7 E:\APLIKASI\koding\sneat\system\CodeIgniter.php(317): CodeIgniter\CodeIgniter->handleRequest(NULL, Object(Config\Cache), false)
#8 E:\APLIKASI\koding\sneat\public\index.php(37): CodeIgniter\CodeIgniter->run()
#9 E:\APLIKASI\koding\sneat\system\Commands\Server\rewrite.php(43): require_once('E:\\APLIKASI\\kod...')
#10 {main}
