CRITICAL - 2026-02-19 05:29:27 --> Invalid file: template/template-guru.php
#0 C:\xampp\htdocs\sabaraja\system\View\View.php(198): CodeIgniter\Exceptions\FrameworkException::forInvalidFile('template/templa...')
#1 C:\xampp\htdocs\sabaraja\system\View\View.php(230): CodeIgniter\View\View->render('template/templa...', Array, true)
#2 C:\xampp\htdocs\sabaraja\system\Common.php(1092): CodeIgniter\View\View->render('guru/v_dashboar...', Array, true)
#3 C:\xampp\htdocs\sabaraja\app\Controllers\Pendidik.php(77): view('guru/v_dashboar...', Array)
#4 C:\xampp\htdocs\sabaraja\system\CodeIgniter.php(802): App\Controllers\Pendidik->index()
#5 C:\xampp\htdocs\sabaraja\system\CodeIgniter.php(399): CodeIgniter\CodeIgniter->runController(Object(App\Controllers\Pendidik))
#6 C:\xampp\htdocs\sabaraja\system\CodeIgniter.php(317): CodeIgniter\CodeIgniter->handleRequest(NULL, Object(Config\Cache), false)
#7 C:\xampp\htdocs\sabaraja\public\index.php(37): CodeIgniter\CodeIgniter->run()
#8 C:\xampp\htdocs\sabaraja\system\Commands\Server\rewrite.php(43): require_once('C:\\xampp\\htdocs...')
#9 {main}
CRITICAL - 2026-02-19 05:42:18 --> Undefined variable: nama
#0 C:\xampp\htdocs\sabaraja\app\Views\template\template-guru.php(71): CodeIgniter\Debug\Exceptions->errorHandler(8, 'Undefined varia...', 'C:\\xampp\\htdocs...', 71, Array)
#1 C:\xampp\htdocs\sabaraja\system\View\View.php(214): include('C:\\xampp\\htdocs...')
#2 C:\xampp\htdocs\sabaraja\system\View\View.php(217): CodeIgniter\View\View->CodeIgniter\View\{closure}()
#3 C:\xampp\htdocs\sabaraja\system\View\View.php(230): CodeIgniter\View\View->render('template/templa...', Array, true)
#4 C:\xampp\htdocs\sabaraja\system\Common.php(1092): CodeIgniter\View\View->render('guru/v_dashboar...', Array, true)
#5 C:\xampp\htdocs\sabaraja\app\Controllers\Pendidik.php(77): view('guru/v_dashboar...', Array)
#6 C:\xampp\htdocs\sabaraja\system\CodeIgniter.php(802): App\Controllers\Pendidik->index()
#7 C:\xampp\htdocs\sabaraja\system\CodeIgniter.php(399): CodeIgniter\CodeIgniter->runController(Object(App\Controllers\Pendidik))
#8 C:\xampp\htdocs\sabaraja\system\CodeIgniter.php(317): CodeIgniter\CodeIgniter->handleRequest(NULL, Object(Config\Cache), false)
#9 C:\xampp\htdocs\sabaraja\public\index.php(37): CodeIgniter\CodeIgniter->run()
#10 C:\xampp\htdocs\sabaraja\system\Commands\Server\rewrite.php(43): require_once('C:\\xampp\\htdocs...')
#11 {main}
CRITICAL - 2026-02-19 05:46:59 --> Invalid file: template/template-guru.php
#0 C:\xampp\htdocs\sabaraja\system\View\View.php(198): CodeIgniter\Exceptions\FrameworkException::forInvalidFile('template/templa...')
#1 C:\xampp\htdocs\sabaraja\system\View\View.php(230): CodeIgniter\View\View->render('template/templa...', Array, true)
#2 C:\xampp\htdocs\sabaraja\system\Common.php(1092): CodeIgniter\View\View->render('guru/v_dashboar...', Array, true)
#3 C:\xampp\htdocs\sabaraja\app\Controllers\Pendidik.php(77): view('guru/v_dashboar...', Array)
#4 C:\xampp\htdocs\sabaraja\system\CodeIgniter.php(802): App\Controllers\Pendidik->index()
#5 C:\xampp\htdocs\sabaraja\system\CodeIgniter.php(399): CodeIgniter\CodeIgniter->runController(Object(App\Controllers\Pendidik))
#6 C:\xampp\htdocs\sabaraja\system\CodeIgniter.php(317): CodeIgniter\CodeIgniter->handleRequest(NULL, Object(Config\Cache), false)
#7 C:\xampp\htdocs\sabaraja\public\index.php(37): CodeIgniter\CodeIgniter->run()
#8 C:\xampp\htdocs\sabaraja\system\Commands\Server\rewrite.php(43): require_once('C:\\xampp\\htdocs...')
#9 {main}
CRITICAL - 2026-02-19 05:47:16 --> Invalid file: template/template-guru.php
#0 C:\xampp\htdocs\sabaraja\system\View\View.php(198): CodeIgniter\Exceptions\FrameworkException::forInvalidFile('template/templa...')
#1 C:\xampp\htdocs\sabaraja\system\View\View.php(230): CodeIgniter\View\View->render('template/templa...', Array, true)
#2 C:\xampp\htdocs\sabaraja\system\Common.php(1092): CodeIgniter\View\View->render('guru/v_dashboar...', Array, true)
#3 C:\xampp\htdocs\sabaraja\app\Controllers\Pendidik.php(77): view('guru/v_dashboar...', Array)
#4 C:\xampp\htdocs\sabaraja\system\CodeIgniter.php(802): App\Controllers\Pendidik->index()
#5 C:\xampp\htdocs\sabaraja\system\CodeIgniter.php(399): CodeIgniter\CodeIgniter->runController(Object(App\Controllers\Pendidik))
#6 C:\xampp\htdocs\sabaraja\system\CodeIgniter.php(317): CodeIgniter\CodeIgniter->handleRequest(NULL, Object(Config\Cache), false)
#7 C:\xampp\htdocs\sabaraja\public\index.php(37): CodeIgniter\CodeIgniter->run()
#8 C:\xampp\htdocs\sabaraja\system\Commands\Server\rewrite.php(43): require_once('C:\\xampp\\htdocs...')
#9 {main}
CRITICAL - 2026-02-19 14:17:19 --> syntax error, unexpected ','
#0 C:\xampp\htdocs\sabaraja\system\Autoloader\Autoloader.php(241): CodeIgniter\Autoloader\Autoloader->includeFile('C:\\xampp\\htdocs...')
#1 C:\xampp\htdocs\sabaraja\system\Autoloader\Autoloader.php(219): CodeIgniter\Autoloader\Autoloader->loadInNamespace('App\\Controllers...')
#2 [internal function]: CodeIgniter\Autoloader\Autoloader->loadClass('App\\Controllers...')
#3 [internal function]: spl_autoload_call('App\\Controllers...')
#4 C:\xampp\htdocs\sabaraja\system\CodeIgniter.php(767): class_exists('\\App\\Controller...', true)
#5 C:\xampp\htdocs\sabaraja\system\CodeIgniter.php(386): CodeIgniter\CodeIgniter->startController()
#6 C:\xampp\htdocs\sabaraja\system\CodeIgniter.php(317): CodeIgniter\CodeIgniter->handleRequest(NULL, Object(Config\Cache), false)
#7 C:\xampp\htdocs\sabaraja\public\index.php(37): CodeIgniter\CodeIgniter->run()
#8 C:\xampp\htdocs\sabaraja\system\Commands\Server\rewrite.php(43): require_once('C:\\xampp\\htdocs...')
#9 {main}
CRITICAL - 2026-02-19 15:28:56 --> Undefined index: kbhtn_khusus
#0 C:\xampp\htdocs\sabaraja\app\Views\admin\peserta\v_detail_siswa.php(191): CodeIgniter\Debug\Exceptions->errorHandler(8, 'Undefined index...', 'C:\\xampp\\htdocs...', 191, Array)
#1 C:\xampp\htdocs\sabaraja\system\View\View.php(214): include('C:\\xampp\\htdocs...')
#2 C:\xampp\htdocs\sabaraja\system\View\View.php(217): CodeIgniter\View\View->CodeIgniter\View\{closure}()
#3 C:\xampp\htdocs\sabaraja\system\Common.php(1092): CodeIgniter\View\View->render('admin/peserta/v...', Array, true)
#4 C:\xampp\htdocs\sabaraja\app\Controllers\Peserta.php(222): view('admin/peserta/v...', Array)
#5 C:\xampp\htdocs\sabaraja\system\CodeIgniter.php(802): App\Controllers\Peserta->detail_siswa('5364a321c85c6d3...')
#6 C:\xampp\htdocs\sabaraja\system\CodeIgniter.php(399): CodeIgniter\CodeIgniter->runController(Object(App\Controllers\Peserta))
#7 C:\xampp\htdocs\sabaraja\system\CodeIgniter.php(317): CodeIgniter\CodeIgniter->handleRequest(NULL, Object(Config\Cache), false)
#8 C:\xampp\htdocs\sabaraja\public\index.php(37): CodeIgniter\CodeIgniter->run()
#9 C:\xampp\htdocs\sabaraja\system\Commands\Server\rewrite.php(43): require_once('C:\\xampp\\htdocs...')
#10 {main}
