CRITICAL - 2025-06-23 19:58:01 --> Trying to access array offset on value of type null
#0 E:\APLIKASI\koding\sabaraja\app\Views\guru\pendidikan.php(27): CodeIgniter\Debug\Exceptions->errorHandler(8, 'Trying to acces...', 'E:\\APLIKASI\\kod...', 27, Array)
#1 E:\APLIKASI\koding\sabaraja\system\View\View.php(214): include('E:\\APLIKASI\\kod...')
#2 E:\APLIKASI\koding\sabaraja\system\View\View.php(217): CodeIgniter\View\View->CodeIgniter\View\{closure}()
#3 E:\APLIKASI\koding\sabaraja\system\Common.php(1092): CodeIgniter\View\View->render('guru/pendidikan', Array, true)
#4 E:\APLIKASI\koding\sabaraja\app\Controllers\Pendidik.php(223): view('guru/pendidikan', Array)
#5 E:\APLIKASI\koding\sabaraja\system\CodeIgniter.php(802): App\Controllers\Pendidik->pendidikan()
#6 E:\APLIKASI\koding\sabaraja\system\CodeIgniter.php(399): CodeIgniter\CodeIgniter->runController(Object(App\Controllers\Pendidik))
#7 E:\APLIKASI\koding\sabaraja\system\CodeIgniter.php(317): CodeIgniter\CodeIgniter->handleRequest(NULL, Object(Config\Cache), false)
#8 E:\APLIKASI\koding\sabaraja\public\index.php(37): CodeIgniter\CodeIgniter->run()
#9 E:\APLIKASI\koding\sabaraja\system\Commands\Server\rewrite.php(43): require_once('E:\\APLIKASI\\kod...')
#10 {main}
CRITICAL - 2025-06-23 20:39:12 --> Undefined index: nama_value
#0 E:\APLIKASI\koding\sabaraja\app\Views\admin\v_guru.php(304): CodeIgniter\Debug\Exceptions->errorHandler(8, 'Undefined index...', 'E:\\APLIKASI\\kod...', 304, Array)
#1 E:\APLIKASI\koding\sabaraja\system\View\View.php(214): include('E:\\APLIKASI\\kod...')
#2 E:\APLIKASI\koding\sabaraja\system\View\View.php(217): CodeIgniter\View\View->CodeIgniter\View\{closure}()
#3 E:\APLIKASI\koding\sabaraja\system\Common.php(1092): CodeIgniter\View\View->render('admin/v_guru', Array, true)
#4 E:\APLIKASI\koding\sabaraja\app\Controllers\Guru.php(33): view('admin/v_guru', Array)
#5 E:\APLIKASI\koding\sabaraja\system\CodeIgniter.php(802): App\Controllers\Guru->index()
#6 E:\APLIKASI\koding\sabaraja\system\CodeIgniter.php(399): CodeIgniter\CodeIgniter->runController(Object(App\Controllers\Guru))
#7 E:\APLIKASI\koding\sabaraja\system\CodeIgniter.php(317): CodeIgniter\CodeIgniter->handleRequest(NULL, Object(Config\Cache), false)
#8 E:\APLIKASI\koding\sabaraja\public\index.php(37): CodeIgniter\CodeIgniter->run()
#9 E:\APLIKASI\koding\sabaraja\system\Commands\Server\rewrite.php(43): require_once('E:\\APLIKASI\\kod...')
#10 {main}
CRITICAL - 2025-06-23 20:46:37 --> Undefined offset: -1
#0 E:\APLIKASI\koding\sabaraja\app\Helpers\formatindo_helper.php(15): CodeIgniter\Debug\Exceptions->errorHandler(8, 'Undefined offse...', 'E:\\APLIKASI\\kod...', 15, Array)
#1 E:\APLIKASI\koding\sabaraja\app\Views\admin\v_guru.php(312): formatindo('')
#2 E:\APLIKASI\koding\sabaraja\system\View\View.php(214): include('E:\\APLIKASI\\kod...')
#3 E:\APLIKASI\koding\sabaraja\system\View\View.php(217): CodeIgniter\View\View->CodeIgniter\View\{closure}()
#4 E:\APLIKASI\koding\sabaraja\system\Common.php(1092): CodeIgniter\View\View->render('admin/v_guru', Array, true)
#5 E:\APLIKASI\koding\sabaraja\app\Controllers\Guru.php(33): view('admin/v_guru', Array)
#6 E:\APLIKASI\koding\sabaraja\system\CodeIgniter.php(802): App\Controllers\Guru->index()
#7 E:\APLIKASI\koding\sabaraja\system\CodeIgniter.php(399): CodeIgniter\CodeIgniter->runController(Object(App\Controllers\Guru))
#8 E:\APLIKASI\koding\sabaraja\system\CodeIgniter.php(317): CodeIgniter\CodeIgniter->handleRequest(NULL, Object(Config\Cache), false)
#9 E:\APLIKASI\koding\sabaraja\public\index.php(37): CodeIgniter\CodeIgniter->run()
#10 E:\APLIKASI\koding\sabaraja\system\Commands\Server\rewrite.php(43): require_once('E:\\APLIKASI\\kod...')
#11 {main}
