CRITICAL - 2026-01-08 12:02:48 --> Call to undefined method App\Models\RekapModel::jumlahSiswaPerKelas
#0 C:\xampp\htdocs\sabaraja\app\Controllers\Admin.php(54): CodeIgniter\Model->__call('jumlahSiswaPerK...', Array)
#1 C:\xampp\htdocs\sabaraja\system\CodeIgniter.php(802): App\Controllers\Admin->index()
#2 C:\xampp\htdocs\sabaraja\system\CodeIgniter.php(399): CodeIgniter\CodeIgniter->runController(Object(App\Controllers\Admin))
#3 C:\xampp\htdocs\sabaraja\system\CodeIgniter.php(317): CodeIgniter\CodeIgniter->handleRequest(NULL, Object(Config\Cache), false)
#4 C:\xampp\htdocs\sabaraja\public\index.php(37): CodeIgniter\CodeIgniter->run()
#5 C:\xampp\htdocs\sabaraja\system\Commands\Server\rewrite.php(43): require_once('C:\\xampp\\htdocs...')
#6 {main}
CRITICAL - 2026-01-08 12:03:26 --> Undefined variable: rekap
#0 C:\xampp\htdocs\sabaraja\app\Views\admin\v_dashboard.php(96): CodeIgniter\Debug\Exceptions->errorHandler(8, 'Undefined varia...', 'C:\\xampp\\htdocs...', 96, Array)
#1 C:\xampp\htdocs\sabaraja\system\View\View.php(214): include('C:\\xampp\\htdocs...')
#2 C:\xampp\htdocs\sabaraja\system\View\View.php(217): CodeIgniter\View\View->CodeIgniter\View\{closure}()
#3 C:\xampp\htdocs\sabaraja\system\Common.php(1092): CodeIgniter\View\View->render('admin/v_dashboa...', Array, true)
#4 C:\xampp\htdocs\sabaraja\app\Controllers\Admin.php(63): view('admin/v_dashboa...', Array)
#5 C:\xampp\htdocs\sabaraja\system\CodeIgniter.php(802): App\Controllers\Admin->index()
#6 C:\xampp\htdocs\sabaraja\system\CodeIgniter.php(399): CodeIgniter\CodeIgniter->runController(Object(App\Controllers\Admin))
#7 C:\xampp\htdocs\sabaraja\system\CodeIgniter.php(317): CodeIgniter\CodeIgniter->handleRequest(NULL, Object(Config\Cache), false)
#8 C:\xampp\htdocs\sabaraja\public\index.php(37): CodeIgniter\CodeIgniter->run()
#9 C:\xampp\htdocs\sabaraja\system\Commands\Server\rewrite.php(43): require_once('C:\\xampp\\htdocs...')
#10 {main}
ERROR - 2026-01-08 12:09:10 --> Unknown column 'db.status' in 'where clause'
CRITICAL - 2026-01-08 12:09:10 --> Unknown column 'db.status' in 'where clause'
#0 C:\xampp\htdocs\sabaraja\system\Database\MySQLi\Connection.php(280): mysqli->query('SELECT `k`.`id_...')
#1 C:\xampp\htdocs\sabaraja\system\Database\BaseConnection.php(663): CodeIgniter\Database\MySQLi\Connection->execute('SELECT `k`.`id_...')
#2 C:\xampp\htdocs\sabaraja\system\Database\BaseConnection.php(591): CodeIgniter\Database\BaseConnection->simpleQuery('SELECT `k`.`id_...')
#3 C:\xampp\htdocs\sabaraja\system\Database\BaseBuilder.php(1428): CodeIgniter\Database\BaseConnection->query('SELECT `k`.`id_...', Array, false)
#4 C:\xampp\htdocs\sabaraja\app\Models\ModelAdmin.php(28): CodeIgniter\Database\BaseBuilder->get()
#5 C:\xampp\htdocs\sabaraja\app\Controllers\Admin.php(53): App\Models\ModelAdmin->jumlahSiswaPerKelas()
#6 C:\xampp\htdocs\sabaraja\system\CodeIgniter.php(802): App\Controllers\Admin->index()
#7 C:\xampp\htdocs\sabaraja\system\CodeIgniter.php(399): CodeIgniter\CodeIgniter->runController(Object(App\Controllers\Admin))
#8 C:\xampp\htdocs\sabaraja\system\CodeIgniter.php(317): CodeIgniter\CodeIgniter->handleRequest(NULL, Object(Config\Cache), false)
#9 C:\xampp\htdocs\sabaraja\public\index.php(37): CodeIgniter\CodeIgniter->run()
#10 C:\xampp\htdocs\sabaraja\system\Commands\Server\rewrite.php(43): require_once('C:\\xampp\\htdocs...')
#11 {main}
ERROR - 2026-01-08 12:10:33 --> Unknown column 'tbl_ta.status' in 'where clause'
CRITICAL - 2026-01-08 12:10:33 --> Unknown column 'tbl_ta.status' in 'where clause'
#0 C:\xampp\htdocs\sabaraja\system\Database\MySQLi\Connection.php(280): mysqli->query('SELECT `k`.`id_...')
#1 C:\xampp\htdocs\sabaraja\system\Database\BaseConnection.php(663): CodeIgniter\Database\MySQLi\Connection->execute('SELECT `k`.`id_...')
#2 C:\xampp\htdocs\sabaraja\system\Database\BaseConnection.php(591): CodeIgniter\Database\BaseConnection->simpleQuery('SELECT `k`.`id_...')
#3 C:\xampp\htdocs\sabaraja\system\Database\BaseBuilder.php(1428): CodeIgniter\Database\BaseConnection->query('SELECT `k`.`id_...', Array, false)
#4 C:\xampp\htdocs\sabaraja\app\Models\ModelAdmin.php(28): CodeIgniter\Database\BaseBuilder->get()
#5 C:\xampp\htdocs\sabaraja\app\Controllers\Admin.php(53): App\Models\ModelAdmin->jumlahSiswaPerKelas()
#6 C:\xampp\htdocs\sabaraja\system\CodeIgniter.php(802): App\Controllers\Admin->index()
#7 C:\xampp\htdocs\sabaraja\system\CodeIgniter.php(399): CodeIgniter\CodeIgniter->runController(Object(App\Controllers\Admin))
#8 C:\xampp\htdocs\sabaraja\system\CodeIgniter.php(317): CodeIgniter\CodeIgniter->handleRequest(NULL, Object(Config\Cache), false)
#9 C:\xampp\htdocs\sabaraja\public\index.php(37): CodeIgniter\CodeIgniter->run()
#10 C:\xampp\htdocs\sabaraja\system\Commands\Server\rewrite.php(43): require_once('C:\\xampp\\htdocs...')
#11 {main}
CRITICAL - 2026-01-08 12:48:24 --> Undefined index: rekap
#0 C:\xampp\htdocs\sabaraja\app\Controllers\Admin.php(73): CodeIgniter\Debug\Exceptions->errorHandler(8, 'Undefined index...', 'C:\\xampp\\htdocs...', 73, Array)
#1 C:\xampp\htdocs\sabaraja\system\CodeIgniter.php(802): App\Controllers\Admin->index()
#2 C:\xampp\htdocs\sabaraja\system\CodeIgniter.php(399): CodeIgniter\CodeIgniter->runController(Object(App\Controllers\Admin))
#3 C:\xampp\htdocs\sabaraja\system\CodeIgniter.php(317): CodeIgniter\CodeIgniter->handleRequest(NULL, Object(Config\Cache), false)
#4 C:\xampp\htdocs\sabaraja\public\index.php(37): CodeIgniter\CodeIgniter->run()
#5 C:\xampp\htdocs\sabaraja\system\Commands\Server\rewrite.php(43): require_once('C:\\xampp\\htdocs...')
#6 {main}
