ERROR - 2025-05-25 10:21:29 --> Unknown column 'nama_guru' in 'field list'
CRITICAL - 2025-05-25 10:21:29 --> Unknown column 'nama_guru' in 'field list'
#0 E:\APLIKASI\koding\sabaraja\system\Database\MySQLi\Connection.php(280): mysqli->query('INSERT INTO `ta...')
#1 E:\APLIKASI\koding\sabaraja\system\Database\BaseConnection.php(663): CodeIgniter\Database\MySQLi\Connection->execute('INSERT INTO `ta...')
#2 E:\APLIKASI\koding\sabaraja\system\Database\BaseConnection.php(591): CodeIgniter\Database\BaseConnection->simpleQuery('INSERT INTO `ta...')
#3 E:\APLIKASI\koding\sabaraja\system\Database\BaseBuilder.php(1733): CodeIgniter\Database\BaseConnection->query('INSERT INTO `ta...', Array, false)
#4 E:\APLIKASI\koding\sabaraja\app\Models\ModelPendidik.php(33): CodeIgniter\Database\BaseBuilder->insert(Array)
#5 E:\APLIKASI\koding\sabaraja\app\Controllers\Pendidik.php(257): App\Models\ModelPendidik->adddidik(Array)
#6 E:\APLIKASI\koding\sabaraja\system\CodeIgniter.php(802): App\Controllers\Pendidik->tambahpendidikan()
#7 E:\APLIKASI\koding\sabaraja\system\CodeIgniter.php(399): CodeIgniter\CodeIgniter->runController(Object(App\Controllers\Pendidik))
#8 E:\APLIKASI\koding\sabaraja\system\CodeIgniter.php(317): CodeIgniter\CodeIgniter->handleRequest(NULL, Object(Config\Cache), false)
#9 E:\APLIKASI\koding\sabaraja\public\index.php(37): CodeIgniter\CodeIgniter->run()
#10 E:\APLIKASI\koding\sabaraja\system\Commands\Server\rewrite.php(43): require_once('E:\\APLIKASI\\kod...')
#11 {main}
ERROR - 2025-05-25 10:23:13 --> Column 'id_guru' cannot be null
CRITICAL - 2025-05-25 10:23:13 --> Column 'id_guru' cannot be null
#0 E:\APLIKASI\koding\sabaraja\system\Database\MySQLi\Connection.php(280): mysqli->query('INSERT INTO `ta...')
#1 E:\APLIKASI\koding\sabaraja\system\Database\BaseConnection.php(663): CodeIgniter\Database\MySQLi\Connection->execute('INSERT INTO `ta...')
#2 E:\APLIKASI\koding\sabaraja\system\Database\BaseConnection.php(591): CodeIgniter\Database\BaseConnection->simpleQuery('INSERT INTO `ta...')
#3 E:\APLIKASI\koding\sabaraja\system\Database\BaseBuilder.php(1733): CodeIgniter\Database\BaseConnection->query('INSERT INTO `ta...', Array, false)
#4 E:\APLIKASI\koding\sabaraja\app\Models\ModelPendidik.php(33): CodeIgniter\Database\BaseBuilder->insert(Array)
#5 E:\APLIKASI\koding\sabaraja\app\Controllers\Pendidik.php(243): App\Models\ModelPendidik->adddidik(Array)
#6 E:\APLIKASI\koding\sabaraja\system\CodeIgniter.php(802): App\Controllers\Pendidik->tambahpendidikan()
#7 E:\APLIKASI\koding\sabaraja\system\CodeIgniter.php(399): CodeIgniter\CodeIgniter->runController(Object(App\Controllers\Pendidik))
#8 E:\APLIKASI\koding\sabaraja\system\CodeIgniter.php(317): CodeIgniter\CodeIgniter->handleRequest(NULL, Object(Config\Cache), false)
#9 E:\APLIKASI\koding\sabaraja\public\index.php(37): CodeIgniter\CodeIgniter->run()
#10 E:\APLIKASI\koding\sabaraja\system\Commands\Server\rewrite.php(43): require_once('E:\\APLIKASI\\kod...')
#11 {main}
CRITICAL - 2025-05-25 10:39:14 --> Trying to access array offset on value of type null
#0 E:\APLIKASI\koding\sabaraja\app\Views\siswa\orangtua.php(22): CodeIgniter\Debug\Exceptions->errorHandler(8, 'Trying to acces...', 'E:\\APLIKASI\\kod...', 22, Array)
#1 E:\APLIKASI\koding\sabaraja\system\View\View.php(214): include('E:\\APLIKASI\\kod...')
#2 E:\APLIKASI\koding\sabaraja\system\View\View.php(217): CodeIgniter\View\View->CodeIgniter\View\{closure}()
#3 E:\APLIKASI\koding\sabaraja\system\Common.php(1092): CodeIgniter\View\View->render('siswa/orangtua', Array, true)
#4 E:\APLIKASI\koding\sabaraja\app\Controllers\Siswa.php(113): view('siswa/orangtua', Array)
#5 E:\APLIKASI\koding\sabaraja\system\CodeIgniter.php(802): App\Controllers\Siswa->orangtua()
#6 E:\APLIKASI\koding\sabaraja\system\CodeIgniter.php(399): CodeIgniter\CodeIgniter->runController(Object(App\Controllers\Siswa))
#7 E:\APLIKASI\koding\sabaraja\system\CodeIgniter.php(317): CodeIgniter\CodeIgniter->handleRequest(NULL, Object(Config\Cache), false)
#8 E:\APLIKASI\koding\sabaraja\public\index.php(37): CodeIgniter\CodeIgniter->run()
#9 E:\APLIKASI\koding\sabaraja\system\Commands\Server\rewrite.php(43): require_once('E:\\APLIKASI\\kod...')
#10 {main}
CRITICAL - 2025-05-25 10:40:02 --> Undefined variable: datapendidikan
#0 E:\APLIKASI\koding\sabaraja\app\Views\guru\keluarga.php(39): CodeIgniter\Debug\Exceptions->errorHandler(8, 'Undefined varia...', 'E:\\APLIKASI\\kod...', 39, Array)
#1 E:\APLIKASI\koding\sabaraja\system\View\View.php(214): include('E:\\APLIKASI\\kod...')
#2 E:\APLIKASI\koding\sabaraja\system\View\View.php(217): CodeIgniter\View\View->CodeIgniter\View\{closure}()
#3 E:\APLIKASI\koding\sabaraja\system\Common.php(1092): CodeIgniter\View\View->render('guru/keluarga', Array, true)
#4 E:\APLIKASI\koding\sabaraja\app\Controllers\Pendidik.php(263): view('guru/keluarga', Array)
#5 E:\APLIKASI\koding\sabaraja\system\CodeIgniter.php(802): App\Controllers\Pendidik->keluarga()
#6 E:\APLIKASI\koding\sabaraja\system\CodeIgniter.php(399): CodeIgniter\CodeIgniter->runController(Object(App\Controllers\Pendidik))
#7 E:\APLIKASI\koding\sabaraja\system\CodeIgniter.php(317): CodeIgniter\CodeIgniter->handleRequest(NULL, Object(Config\Cache), false)
#8 E:\APLIKASI\koding\sabaraja\public\index.php(37): CodeIgniter\CodeIgniter->run()
#9 E:\APLIKASI\koding\sabaraja\system\Commands\Server\rewrite.php(43): require_once('E:\\APLIKASI\\kod...')
#10 {main}
CRITICAL - 2025-05-25 10:40:19 --> Undefined variable: datapendidikan
#0 E:\APLIKASI\koding\sabaraja\app\Views\guru\keluarga.php(39): CodeIgniter\Debug\Exceptions->errorHandler(8, 'Undefined varia...', 'E:\\APLIKASI\\kod...', 39, Array)
#1 E:\APLIKASI\koding\sabaraja\system\View\View.php(214): include('E:\\APLIKASI\\kod...')
#2 E:\APLIKASI\koding\sabaraja\system\View\View.php(217): CodeIgniter\View\View->CodeIgniter\View\{closure}()
#3 E:\APLIKASI\koding\sabaraja\system\Common.php(1092): CodeIgniter\View\View->render('guru/keluarga', Array, true)
#4 E:\APLIKASI\koding\sabaraja\app\Controllers\Pendidik.php(263): view('guru/keluarga', Array)
#5 E:\APLIKASI\koding\sabaraja\system\CodeIgniter.php(802): App\Controllers\Pendidik->keluarga()
#6 E:\APLIKASI\koding\sabaraja\system\CodeIgniter.php(399): CodeIgniter\CodeIgniter->runController(Object(App\Controllers\Pendidik))
#7 E:\APLIKASI\koding\sabaraja\system\CodeIgniter.php(317): CodeIgniter\CodeIgniter->handleRequest(NULL, Object(Config\Cache), false)
#8 E:\APLIKASI\koding\sabaraja\public\index.php(37): CodeIgniter\CodeIgniter->run()
#9 E:\APLIKASI\koding\sabaraja\system\Commands\Server\rewrite.php(43): require_once('E:\\APLIKASI\\kod...')
#10 {main}
CRITICAL - 2025-05-25 10:43:28 --> Too few arguments to function App\Models\ModelPendidik::Datakeluarga(), 0 passed in E:\APLIKASI\koding\sabaraja\app\Controllers\Pendidik.php on line 261 and exactly 1 expected
#0 E:\APLIKASI\koding\sabaraja\app\Controllers\Pendidik.php(261): App\Models\ModelPendidik->Datakeluarga()
#1 E:\APLIKASI\koding\sabaraja\system\CodeIgniter.php(802): App\Controllers\Pendidik->keluarga()
#2 E:\APLIKASI\koding\sabaraja\system\CodeIgniter.php(399): CodeIgniter\CodeIgniter->runController(Object(App\Controllers\Pendidik))
#3 E:\APLIKASI\koding\sabaraja\system\CodeIgniter.php(317): CodeIgniter\CodeIgniter->handleRequest(NULL, Object(Config\Cache), false)
#4 E:\APLIKASI\koding\sabaraja\public\index.php(37): CodeIgniter\CodeIgniter->run()
#5 E:\APLIKASI\koding\sabaraja\system\Commands\Server\rewrite.php(43): require_once('E:\\APLIKASI\\kod...')
#6 {main}
ERROR - 2025-05-25 10:50:51 --> Column 'nama_sekolah' cannot be null
CRITICAL - 2025-05-25 10:50:51 --> Column 'nama_sekolah' cannot be null
#0 E:\APLIKASI\koding\sabaraja\system\Database\MySQLi\Connection.php(280): mysqli->query('INSERT INTO `ta...')
#1 E:\APLIKASI\koding\sabaraja\system\Database\BaseConnection.php(663): CodeIgniter\Database\MySQLi\Connection->execute('INSERT INTO `ta...')
#2 E:\APLIKASI\koding\sabaraja\system\Database\BaseConnection.php(591): CodeIgniter\Database\BaseConnection->simpleQuery('INSERT INTO `ta...')
#3 E:\APLIKASI\koding\sabaraja\system\Database\BaseBuilder.php(1733): CodeIgniter\Database\BaseConnection->query('INSERT INTO `ta...', Array, false)
#4 E:\APLIKASI\koding\sabaraja\app\Models\ModelPendidik.php(33): CodeIgniter\Database\BaseBuilder->insert(Array)
#5 E:\APLIKASI\koding\sabaraja\app\Controllers\Pendidik.php(244): App\Models\ModelPendidik->adddidik(Array)
#6 E:\APLIKASI\koding\sabaraja\system\CodeIgniter.php(802): App\Controllers\Pendidik->tambahpendidikan()
#7 E:\APLIKASI\koding\sabaraja\system\CodeIgniter.php(399): CodeIgniter\CodeIgniter->runController(Object(App\Controllers\Pendidik))
#8 E:\APLIKASI\koding\sabaraja\system\CodeIgniter.php(317): CodeIgniter\CodeIgniter->handleRequest(NULL, Object(Config\Cache), false)
#9 E:\APLIKASI\koding\sabaraja\public\index.php(37): CodeIgniter\CodeIgniter->run()
#10 E:\APLIKASI\koding\sabaraja\system\Commands\Server\rewrite.php(43): require_once('E:\\APLIKASI\\kod...')
#11 {main}
ERROR - 2025-05-25 10:51:23 --> Column 'nama_sekolah' cannot be null
CRITICAL - 2025-05-25 10:51:23 --> Column 'nama_sekolah' cannot be null
#0 E:\APLIKASI\koding\sabaraja\system\Database\MySQLi\Connection.php(280): mysqli->query('INSERT INTO `ta...')
#1 E:\APLIKASI\koding\sabaraja\system\Database\BaseConnection.php(663): CodeIgniter\Database\MySQLi\Connection->execute('INSERT INTO `ta...')
#2 E:\APLIKASI\koding\sabaraja\system\Database\BaseConnection.php(591): CodeIgniter\Database\BaseConnection->simpleQuery('INSERT INTO `ta...')
#3 E:\APLIKASI\koding\sabaraja\system\Database\BaseBuilder.php(1733): CodeIgniter\Database\BaseConnection->query('INSERT INTO `ta...', Array, false)
#4 E:\APLIKASI\koding\sabaraja\app\Models\ModelPendidik.php(33): CodeIgniter\Database\BaseBuilder->insert(Array)
#5 E:\APLIKASI\koding\sabaraja\app\Controllers\Pendidik.php(244): App\Models\ModelPendidik->adddidik(Array)
#6 E:\APLIKASI\koding\sabaraja\system\CodeIgniter.php(802): App\Controllers\Pendidik->tambahpendidikan()
#7 E:\APLIKASI\koding\sabaraja\system\CodeIgniter.php(399): CodeIgniter\CodeIgniter->runController(Object(App\Controllers\Pendidik))
#8 E:\APLIKASI\koding\sabaraja\system\CodeIgniter.php(317): CodeIgniter\CodeIgniter->handleRequest(NULL, Object(Config\Cache), false)
#9 E:\APLIKASI\koding\sabaraja\public\index.php(37): CodeIgniter\CodeIgniter->run()
#10 E:\APLIKASI\koding\sabaraja\system\Commands\Server\rewrite.php(43): require_once('E:\\APLIKASI\\kod...')
#11 {main}
CRITICAL - 2025-05-25 10:51:31 --> Trying to access array offset on value of type null
#0 E:\APLIKASI\koding\sabaraja\app\Views\siswa\orangtua.php(22): CodeIgniter\Debug\Exceptions->errorHandler(8, 'Trying to acces...', 'E:\\APLIKASI\\kod...', 22, Array)
#1 E:\APLIKASI\koding\sabaraja\system\View\View.php(214): include('E:\\APLIKASI\\kod...')
#2 E:\APLIKASI\koding\sabaraja\system\View\View.php(217): CodeIgniter\View\View->CodeIgniter\View\{closure}()
#3 E:\APLIKASI\koding\sabaraja\system\Common.php(1092): CodeIgniter\View\View->render('siswa/orangtua', Array, true)
#4 E:\APLIKASI\koding\sabaraja\app\Controllers\Siswa.php(113): view('siswa/orangtua', Array)
#5 E:\APLIKASI\koding\sabaraja\system\CodeIgniter.php(802): App\Controllers\Siswa->orangtua()
#6 E:\APLIKASI\koding\sabaraja\system\CodeIgniter.php(399): CodeIgniter\CodeIgniter->runController(Object(App\Controllers\Siswa))
#7 E:\APLIKASI\koding\sabaraja\system\CodeIgniter.php(317): CodeIgniter\CodeIgniter->handleRequest(NULL, Object(Config\Cache), false)
#8 E:\APLIKASI\koding\sabaraja\public\index.php(37): CodeIgniter\CodeIgniter->run()
#9 E:\APLIKASI\koding\sabaraja\system\Commands\Server\rewrite.php(43): require_once('E:\\APLIKASI\\kod...')
#10 {main}
CRITICAL - 2025-05-25 10:52:09 --> Trying to access array offset on value of type null
#0 E:\APLIKASI\koding\sabaraja\app\Views\siswa\orangtua.php(22): CodeIgniter\Debug\Exceptions->errorHandler(8, 'Trying to acces...', 'E:\\APLIKASI\\kod...', 22, Array)
#1 E:\APLIKASI\koding\sabaraja\system\View\View.php(214): include('E:\\APLIKASI\\kod...')
#2 E:\APLIKASI\koding\sabaraja\system\View\View.php(217): CodeIgniter\View\View->CodeIgniter\View\{closure}()
#3 E:\APLIKASI\koding\sabaraja\system\Common.php(1092): CodeIgniter\View\View->render('siswa/orangtua', Array, true)
#4 E:\APLIKASI\koding\sabaraja\app\Controllers\Siswa.php(113): view('siswa/orangtua', Array)
#5 E:\APLIKASI\koding\sabaraja\system\CodeIgniter.php(802): App\Controllers\Siswa->orangtua()
#6 E:\APLIKASI\koding\sabaraja\system\CodeIgniter.php(399): CodeIgniter\CodeIgniter->runController(Object(App\Controllers\Siswa))
#7 E:\APLIKASI\koding\sabaraja\system\CodeIgniter.php(317): CodeIgniter\CodeIgniter->handleRequest(NULL, Object(Config\Cache), false)
#8 E:\APLIKASI\koding\sabaraja\public\index.php(37): CodeIgniter\CodeIgniter->run()
#9 E:\APLIKASI\koding\sabaraja\system\Commands\Server\rewrite.php(43): require_once('E:\\APLIKASI\\kod...')
#10 {main}
CRITICAL - 2025-05-25 11:00:51 --> Trying to access array offset on value of type null
#0 E:\APLIKASI\koding\sabaraja\app\Views\siswa\periodik.php(22): CodeIgniter\Debug\Exceptions->errorHandler(8, 'Trying to acces...', 'E:\\APLIKASI\\kod...', 22, Array)
#1 E:\APLIKASI\koding\sabaraja\system\View\View.php(214): include('E:\\APLIKASI\\kod...')
#2 E:\APLIKASI\koding\sabaraja\system\View\View.php(217): CodeIgniter\View\View->CodeIgniter\View\{closure}()
#3 E:\APLIKASI\koding\sabaraja\system\Common.php(1092): CodeIgniter\View\View->render('siswa/periodik', Array, true)
#4 E:\APLIKASI\koding\sabaraja\app\Controllers\Siswa.php(133): view('siswa/periodik', Array)
#5 E:\APLIKASI\koding\sabaraja\system\CodeIgniter.php(802): App\Controllers\Siswa->dataperiodik()
#6 E:\APLIKASI\koding\sabaraja\system\CodeIgniter.php(399): CodeIgniter\CodeIgniter->runController(Object(App\Controllers\Siswa))
#7 E:\APLIKASI\koding\sabaraja\system\CodeIgniter.php(317): CodeIgniter\CodeIgniter->handleRequest(NULL, Object(Config\Cache), false)
#8 E:\APLIKASI\koding\sabaraja\public\index.php(37): CodeIgniter\CodeIgniter->run()
#9 E:\APLIKASI\koding\sabaraja\system\Commands\Server\rewrite.php(43): require_once('E:\\APLIKASI\\kod...')
#10 {main}
CRITICAL - 2025-05-25 11:04:10 --> Trying to access array offset on value of type null
#0 E:\APLIKASI\koding\sabaraja\app\Views\siswa\periodik.php(22): CodeIgniter\Debug\Exceptions->errorHandler(8, 'Trying to acces...', 'E:\\APLIKASI\\kod...', 22, Array)
#1 E:\APLIKASI\koding\sabaraja\system\View\View.php(214): include('E:\\APLIKASI\\kod...')
#2 E:\APLIKASI\koding\sabaraja\system\View\View.php(217): CodeIgniter\View\View->CodeIgniter\View\{closure}()
#3 E:\APLIKASI\koding\sabaraja\system\Common.php(1092): CodeIgniter\View\View->render('siswa/periodik', Array, true)
#4 E:\APLIKASI\koding\sabaraja\app\Controllers\Siswa.php(133): view('siswa/periodik', Array)
#5 E:\APLIKASI\koding\sabaraja\system\CodeIgniter.php(802): App\Controllers\Siswa->dataperiodik()
#6 E:\APLIKASI\koding\sabaraja\system\CodeIgniter.php(399): CodeIgniter\CodeIgniter->runController(Object(App\Controllers\Siswa))
#7 E:\APLIKASI\koding\sabaraja\system\CodeIgniter.php(317): CodeIgniter\CodeIgniter->handleRequest(NULL, Object(Config\Cache), false)
#8 E:\APLIKASI\koding\sabaraja\public\index.php(37): CodeIgniter\CodeIgniter->run()
#9 E:\APLIKASI\koding\sabaraja\system\Commands\Server\rewrite.php(43): require_once('E:\\APLIKASI\\kod...')
#10 {main}
CRITICAL - 2025-05-25 11:09:55 --> Call to undefined function nomorhp()
#0 E:\APLIKASI\koding\sabaraja\system\View\View.php(214): include()
#1 E:\APLIKASI\koding\sabaraja\system\View\View.php(217): CodeIgniter\View\View->CodeIgniter\View\{closure}()
#2 E:\APLIKASI\koding\sabaraja\system\Common.php(1092): CodeIgniter\View\View->render('guru/rombel/ang...', Array, true)
#3 E:\APLIKASI\koding\sabaraja\app\Controllers\Pendidik.php(539): view('guru/rombel/ang...', Array)
#4 E:\APLIKASI\koding\sabaraja\system\CodeIgniter.php(802): App\Controllers\Pendidik->rombel()
#5 E:\APLIKASI\koding\sabaraja\system\CodeIgniter.php(399): CodeIgniter\CodeIgniter->runController(Object(App\Controllers\Pendidik))
#6 E:\APLIKASI\koding\sabaraja\system\CodeIgniter.php(317): CodeIgniter\CodeIgniter->handleRequest(NULL, Object(Config\Cache), false)
#7 E:\APLIKASI\koding\sabaraja\public\index.php(37): CodeIgniter\CodeIgniter->run()
#8 E:\APLIKASI\koding\sabaraja\system\Commands\Server\rewrite.php(43): require_once('E:\\APLIKASI\\kod...')
#9 {main}
CRITICAL - 2025-05-25 11:10:55 --> Call to undefined function nomorhp()
#0 E:\APLIKASI\koding\sabaraja\system\View\View.php(214): include()
#1 E:\APLIKASI\koding\sabaraja\system\View\View.php(217): CodeIgniter\View\View->CodeIgniter\View\{closure}()
#2 E:\APLIKASI\koding\sabaraja\system\Common.php(1092): CodeIgniter\View\View->render('guru/rombel/ang...', Array, true)
#3 E:\APLIKASI\koding\sabaraja\app\Controllers\Pendidik.php(539): view('guru/rombel/ang...', Array)
#4 E:\APLIKASI\koding\sabaraja\system\CodeIgniter.php(802): App\Controllers\Pendidik->rombel()
#5 E:\APLIKASI\koding\sabaraja\system\CodeIgniter.php(399): CodeIgniter\CodeIgniter->runController(Object(App\Controllers\Pendidik))
#6 E:\APLIKASI\koding\sabaraja\system\CodeIgniter.php(317): CodeIgniter\CodeIgniter->handleRequest(NULL, Object(Config\Cache), false)
#7 E:\APLIKASI\koding\sabaraja\public\index.php(37): CodeIgniter\CodeIgniter->run()
#8 E:\APLIKASI\koding\sabaraja\system\Commands\Server\rewrite.php(43): require_once('E:\\APLIKASI\\kod...')
#9 {main}
ERROR - 2025-05-25 11:13:16 --> Unknown column 'tbl_database.id_kelas' in 'on clause'
CRITICAL - 2025-05-25 11:13:16 --> Unknown column 'tbl_database.id_kelas' in 'on clause'
#0 E:\APLIKASI\koding\sabaraja\system\Database\MySQLi\Connection.php(280): mysqli->query('SELECT *\nFROM `...')
#1 E:\APLIKASI\koding\sabaraja\system\Database\BaseConnection.php(663): CodeIgniter\Database\MySQLi\Connection->execute('SELECT *\nFROM `...')
#2 E:\APLIKASI\koding\sabaraja\system\Database\BaseConnection.php(591): CodeIgniter\Database\BaseConnection->simpleQuery('SELECT *\nFROM `...')
#3 E:\APLIKASI\koding\sabaraja\system\Database\BaseBuilder.php(1428): CodeIgniter\Database\BaseConnection->query('SELECT *\nFROM `...', Array, false)
#4 E:\APLIKASI\koding\sabaraja\app\Models\ModelPendidik.php(144): CodeIgniter\Database\BaseBuilder->get()
#5 E:\APLIKASI\koding\sabaraja\app\Controllers\Pendidik.php(554): App\Models\ModelPendidik->nilaikelas('4')
#6 E:\APLIKASI\koding\sabaraja\system\CodeIgniter.php(802): App\Controllers\Pendidik->nilai()
#7 E:\APLIKASI\koding\sabaraja\system\CodeIgniter.php(399): CodeIgniter\CodeIgniter->runController(Object(App\Controllers\Pendidik))
#8 E:\APLIKASI\koding\sabaraja\system\CodeIgniter.php(317): CodeIgniter\CodeIgniter->handleRequest(NULL, Object(Config\Cache), false)
#9 E:\APLIKASI\koding\sabaraja\public\index.php(37): CodeIgniter\CodeIgniter->run()
#10 E:\APLIKASI\koding\sabaraja\system\Commands\Server\rewrite.php(43): require_once('E:\\APLIKASI\\kod...')
#11 {main}
