CRITICAL - 2025-05-18 06:50:56 --> Undefined variable: validation
#0 E:\APLIKASI\koding\sabaraja\app\Views\lulus\index.php(52): CodeIgniter\Debug\Exceptions->errorHandler(8, 'Undefined varia...', 'E:\\APLIKASI\\kod...', 52, Array)
#1 E:\APLIKASI\koding\sabaraja\system\View\View.php(214): include('E:\\APLIKASI\\kod...')
#2 E:\APLIKASI\koding\sabaraja\system\View\View.php(217): CodeIgniter\View\View->CodeIgniter\View\{closure}()
#3 E:\APLIKASI\koding\sabaraja\system\Common.php(1092): CodeIgniter\View\View->render('lulus/index', Array, true)
#4 E:\APLIKASI\koding\sabaraja\app\Controllers\Kelulusan.php(42): view('lulus/index', Array)
#5 E:\APLIKASI\koding\sabaraja\system\CodeIgniter.php(802): App\Controllers\Kelulusan->index()
#6 E:\APLIKASI\koding\sabaraja\system\CodeIgniter.php(399): CodeIgniter\CodeIgniter->runController(Object(App\Controllers\Kelulusan))
#7 E:\APLIKASI\koding\sabaraja\system\CodeIgniter.php(317): CodeIgniter\CodeIgniter->handleRequest(NULL, Object(Config\Cache), false)
#8 E:\APLIKASI\koding\sabaraja\public\index.php(37): CodeIgniter\CodeIgniter->run()
#9 E:\APLIKASI\koding\sabaraja\system\Commands\Server\rewrite.php(43): require_once('E:\\APLIKASI\\kod...')
#10 {main}
CRITICAL - 2025-05-18 10:59:13 --> Trying to access array offset on value of type null
#0 E:\APLIKASI\koding\sabaraja\app\Views\lulus\index.php(29): CodeIgniter\Debug\Exceptions->errorHandler(8, 'Trying to acces...', 'E:\\APLIKASI\\kod...', 29, Array)
#1 E:\APLIKASI\koding\sabaraja\system\View\View.php(214): include('E:\\APLIKASI\\kod...')
#2 E:\APLIKASI\koding\sabaraja\system\View\View.php(217): CodeIgniter\View\View->CodeIgniter\View\{closure}()
#3 E:\APLIKASI\koding\sabaraja\system\Common.php(1092): CodeIgniter\View\View->render('lulus/index', Array, true)
#4 E:\APLIKASI\koding\sabaraja\app\Controllers\Kelulusan.php(47): view('lulus/index', Array)
#5 E:\APLIKASI\koding\sabaraja\system\CodeIgniter.php(802): App\Controllers\Kelulusan->index()
#6 E:\APLIKASI\koding\sabaraja\system\CodeIgniter.php(399): CodeIgniter\CodeIgniter->runController(Object(App\Controllers\Kelulusan))
#7 E:\APLIKASI\koding\sabaraja\system\CodeIgniter.php(317): CodeIgniter\CodeIgniter->handleRequest(NULL, Object(Config\Cache), false)
#8 E:\APLIKASI\koding\sabaraja\public\index.php(37): CodeIgniter\CodeIgniter->run()
#9 E:\APLIKASI\koding\sabaraja\system\Commands\Server\rewrite.php(43): require_once('E:\\APLIKASI\\kod...')
#10 {main}
CRITICAL - 2025-05-18 11:01:26 --> Call to undefined function formatindo()
#0 E:\APLIKASI\koding\sabaraja\system\View\View.php(214): include()
#1 E:\APLIKASI\koding\sabaraja\system\View\View.php(217): CodeIgniter\View\View->CodeIgniter\View\{closure}()
#2 E:\APLIKASI\koding\sabaraja\system\Common.php(1092): CodeIgniter\View\View->render('lulus/index', Array, true)
#3 E:\APLIKASI\koding\sabaraja\app\Controllers\Kelulusan.php(47): view('lulus/index', Array)
#4 E:\APLIKASI\koding\sabaraja\system\CodeIgniter.php(802): App\Controllers\Kelulusan->index()
#5 E:\APLIKASI\koding\sabaraja\system\CodeIgniter.php(399): CodeIgniter\CodeIgniter->runController(Object(App\Controllers\Kelulusan))
#6 E:\APLIKASI\koding\sabaraja\system\CodeIgniter.php(317): CodeIgniter\CodeIgniter->handleRequest(NULL, Object(Config\Cache), false)
#7 E:\APLIKASI\koding\sabaraja\public\index.php(37): CodeIgniter\CodeIgniter->run()
#8 E:\APLIKASI\koding\sabaraja\system\Commands\Server\rewrite.php(43): require_once('E:\\APLIKASI\\kod...')
#9 {main}
