ERROR - 2026-02-09 20:42:28 --> Error connecting to the database: No connection could be made because the target machine actively refused it.

CRITICAL - 2026-02-09 20:42:28 --> Unable to connect to the database.
Main connection [MySQLi]: No connection could be made because the target machine actively refused it.

#0 C:\xampp\htdocs\sabaraja\system\Database\BaseConnection.php(570): CodeIgniter\Database\BaseConnection->initialize()
#1 C:\xampp\htdocs\sabaraja\system\Database\BaseBuilder.php(1428): CodeIgniter\Database\BaseConnection->query('SELECT *\nFROM `...', Array, false)
#2 C:\xampp\htdocs\sabaraja\system\Model.php(210): CodeIgniter\Database\BaseBuilder->get()
#3 C:\xampp\htdocs\sabaraja\system\BaseModel.php(622): CodeIgniter\Model->doFirst()
#4 C:\xampp\htdocs\sabaraja\app\Models\ModelMaintenance.php(15): CodeIgniter\BaseModel->first()
#5 C:\xampp\htdocs\sabaraja\app\Filters\Maintenance.php(15): App\Models\ModelMaintenance->getMaintenance()
#6 C:\xampp\htdocs\sabaraja\system\Filters\Filters.php(169): App\Filters\Maintenance->before(Object(CodeIgniter\HTTP\IncomingRequest), NULL)
#7 C:\xampp\htdocs\sabaraja\system\CodeIgniter.php(374): CodeIgniter\Filters\Filters->run('auth', 'before')
#8 C:\xampp\htdocs\sabaraja\system\CodeIgniter.php(317): CodeIgniter\CodeIgniter->handleRequest(NULL, Object(Config\Cache), false)
#9 C:\xampp\htdocs\sabaraja\public\index.php(37): CodeIgniter\CodeIgniter->run()
#10 C:\xampp\htdocs\sabaraja\system\Commands\Server\rewrite.php(43): require_once('C:\\xampp\\htdocs...')
#11 {main}
CRITICAL - 2026-02-09 22:45:29 --> Error! The command "tesseract" was not found.

Make sure you have Tesseract OCR installed on your system:
https://github.com/tesseract-ocr/tesseract

The current $PATH is C:\WINDOWS\system32;C:\WINDOWS;C:\WINDOWS\System32\Wbem;C:\WINDOWS\System32\WindowsPowerShell\v1.0\;C:\WINDOWS\System32\OpenSSH\;C:\xampp\php;C:\Program Files\Git\cmd;C:\ProgramData\ComposerSetup\bin;C:\Program Files\nodejs\;C:\ProgramData\chocolatey\bin;C:\Users\Win 10\AppData\Local\Microsoft\WindowsApps;C:\xampp\php;C:\Users\Win 10\AppData\Local\Programs\Microsoft VS Code\bin;C:\Users\Win 10\AppData\Roaming\Composer\vendor\bin;C:\Users\Win 10\AppData\Roaming\npm
#0 C:\xampp\htdocs\sabaraja\vendor\thiagoalessio\tesseract_ocr\src\TesseractOCR.php(26): thiagoalessio\TesseractOCR\FriendlyErrors::checkTesseractPresence('tesseract')
#1 C:\xampp\htdocs\sabaraja\app\Controllers\Siswa.php(1182): thiagoalessio\TesseractOCR\TesseractOCR->run()
#2 C:\xampp\htdocs\sabaraja\system\CodeIgniter.php(802): App\Controllers\Siswa->ocrIjazah()
#3 C:\xampp\htdocs\sabaraja\system\CodeIgniter.php(399): CodeIgniter\CodeIgniter->runController(Object(App\Controllers\Siswa))
#4 C:\xampp\htdocs\sabaraja\system\CodeIgniter.php(317): CodeIgniter\CodeIgniter->handleRequest(NULL, Object(Config\Cache), false)
#5 C:\xampp\htdocs\sabaraja\public\index.php(37): CodeIgniter\CodeIgniter->run()
#6 C:\xampp\htdocs\sabaraja\system\Commands\Server\rewrite.php(43): require_once('C:\\xampp\\htdocs...')
#7 {main}
CRITICAL - 2026-02-09 22:53:07 --> Error! The command "tesseract" was not found.

Make sure you have Tesseract OCR installed on your system:
https://github.com/tesseract-ocr/tesseract

The current $PATH is C:\WINDOWS\system32;C:\WINDOWS;C:\WINDOWS\System32\Wbem;C:\WINDOWS\System32\WindowsPowerShell\v1.0\;C:\WINDOWS\System32\OpenSSH\;C:\xampp\php;C:\Program Files\Git\cmd;C:\ProgramData\ComposerSetup\bin;C:\Program Files\nodejs\;C:\ProgramData\chocolatey\bin;C:\Users\Win 10\AppData\Local\Microsoft\WindowsApps;C:\xampp\php;C:\Users\Win 10\AppData\Local\Programs\Microsoft VS Code\bin;C:\Users\Win 10\AppData\Roaming\Composer\vendor\bin;C:\Users\Win 10\AppData\Roaming\npm
#0 C:\xampp\htdocs\sabaraja\vendor\thiagoalessio\tesseract_ocr\src\TesseractOCR.php(26): thiagoalessio\TesseractOCR\FriendlyErrors::checkTesseractPresence('tesseract')
#1 C:\xampp\htdocs\sabaraja\app\Controllers\Siswa.php(1182): thiagoalessio\TesseractOCR\TesseractOCR->run()
#2 C:\xampp\htdocs\sabaraja\system\CodeIgniter.php(802): App\Controllers\Siswa->ocrIjazah()
#3 C:\xampp\htdocs\sabaraja\system\CodeIgniter.php(399): CodeIgniter\CodeIgniter->runController(Object(App\Controllers\Siswa))
#4 C:\xampp\htdocs\sabaraja\system\CodeIgniter.php(317): CodeIgniter\CodeIgniter->handleRequest(NULL, Object(Config\Cache), false)
#5 C:\xampp\htdocs\sabaraja\public\index.php(37): CodeIgniter\CodeIgniter->run()
#6 C:\xampp\htdocs\sabaraja\system\Commands\Server\rewrite.php(43): require_once('C:\\xampp\\htdocs...')
#7 {main}
