ERROR - 2026-01-09 08:18:52 --> Unknown column 'tbl_siswa.id_kelas' in 'on clause'
CRITICAL - 2026-01-09 08:18:52 --> Unknown column 'tbl_siswa.id_kelas' in 'on clause'
#0 C:\xampp\htdocs\sabaraja\system\Database\MySQLi\Connection.php(280): mysqli->query('SELECT *\nFROM `...')
#1 C:\xampp\htdocs\sabaraja\system\Database\BaseConnection.php(663): CodeIgniter\Database\MySQLi\Connection->execute('SELECT *\nFROM `...')
#2 C:\xampp\htdocs\sabaraja\system\Database\BaseConnection.php(591): CodeIgniter\Database\BaseConnection->simpleQuery('SELECT *\nFROM `...')
#3 C:\xampp\htdocs\sabaraja\system\Database\BaseBuilder.php(1428): CodeIgniter\Database\BaseConnection->query('SELECT *\nFROM `...', Array, false)
#4 C:\xampp\htdocs\sabaraja\app\Models\ModelSiswa.php(23): CodeIgniter\Database\BaseBuilder->get()
#5 C:\xampp\htdocs\sabaraja\app\Controllers\Siswa.php(41): App\Models\ModelSiswa->DataSiswa()
#6 C:\xampp\htdocs\sabaraja\system\CodeIgniter.php(802): App\Controllers\Siswa->index()
#7 C:\xampp\htdocs\sabaraja\system\CodeIgniter.php(399): CodeIgniter\CodeIgniter->runController(Object(App\Controllers\Siswa))
#8 C:\xampp\htdocs\sabaraja\system\CodeIgniter.php(317): CodeIgniter\CodeIgniter->handleRequest(NULL, Object(Config\Cache), false)
#9 C:\xampp\htdocs\sabaraja\public\index.php(37): CodeIgniter\CodeIgniter->run()
#10 C:\xampp\htdocs\sabaraja\system\Commands\Server\rewrite.php(43): require_once('C:\\xampp\\htdocs...')
#11 {main}
ERROR - 2026-01-09 08:24:18 --> Unknown column 'tbl_database.nisn_siswa' in 'where clause'
CRITICAL - 2026-01-09 08:24:18 --> Unknown column 'tbl_database.nisn_siswa' in 'where clause'
#0 C:\xampp\htdocs\sabaraja\system\Database\MySQLi\Connection.php(280): mysqli->query('SELECT *\nFROM `...')
#1 C:\xampp\htdocs\sabaraja\system\Database\BaseConnection.php(663): CodeIgniter\Database\MySQLi\Connection->execute('SELECT *\nFROM `...')
#2 C:\xampp\htdocs\sabaraja\system\Database\BaseConnection.php(591): CodeIgniter\Database\BaseConnection->simpleQuery('SELECT *\nFROM `...')
#3 C:\xampp\htdocs\sabaraja\system\Database\BaseBuilder.php(1428): CodeIgniter\Database\BaseConnection->query('SELECT *\nFROM `...', Array, false)
#4 C:\xampp\htdocs\sabaraja\app\Models\ModelSiswa.php(59): CodeIgniter\Database\BaseBuilder->get()
#5 C:\xampp\htdocs\sabaraja\app\Controllers\Siswa.php(48): App\Models\ModelSiswa->datakelas('3120269432')
#6 C:\xampp\htdocs\sabaraja\system\CodeIgniter.php(802): App\Controllers\Siswa->index()
#7 C:\xampp\htdocs\sabaraja\system\CodeIgniter.php(399): CodeIgniter\CodeIgniter->runController(Object(App\Controllers\Siswa))
#8 C:\xampp\htdocs\sabaraja\system\CodeIgniter.php(317): CodeIgniter\CodeIgniter->handleRequest(NULL, Object(Config\Cache), false)
#9 C:\xampp\htdocs\sabaraja\public\index.php(37): CodeIgniter\CodeIgniter->run()
#10 C:\xampp\htdocs\sabaraja\system\Commands\Server\rewrite.php(43): require_once('C:\\xampp\\htdocs...')
#11 {main}
CRITICAL - 2026-01-09 08:24:57 --> Trying to access array offset on value of type null
#0 C:\xampp\htdocs\sabaraja\app\Controllers\Siswa.php(48): CodeIgniter\Debug\Exceptions->errorHandler(8, 'Trying to acces...', 'C:\\xampp\\htdocs...', 48, Array)
#1 C:\xampp\htdocs\sabaraja\system\CodeIgniter.php(802): App\Controllers\Siswa->index()
#2 C:\xampp\htdocs\sabaraja\system\CodeIgniter.php(399): CodeIgniter\CodeIgniter->runController(Object(App\Controllers\Siswa))
#3 C:\xampp\htdocs\sabaraja\system\CodeIgniter.php(317): CodeIgniter\CodeIgniter->handleRequest(NULL, Object(Config\Cache), false)
#4 C:\xampp\htdocs\sabaraja\public\index.php(37): CodeIgniter\CodeIgniter->run()
#5 C:\xampp\htdocs\sabaraja\system\Commands\Server\rewrite.php(43): require_once('C:\\xampp\\htdocs...')
#6 {main}
CRITICAL - 2026-01-09 08:25:39 --> Trying to access array offset on value of type null
#0 C:\xampp\htdocs\sabaraja\app\Controllers\Siswa.php(48): CodeIgniter\Debug\Exceptions->errorHandler(8, 'Trying to acces...', 'C:\\xampp\\htdocs...', 48, Array)
#1 C:\xampp\htdocs\sabaraja\system\CodeIgniter.php(802): App\Controllers\Siswa->index()
#2 C:\xampp\htdocs\sabaraja\system\CodeIgniter.php(399): CodeIgniter\CodeIgniter->runController(Object(App\Controllers\Siswa))
#3 C:\xampp\htdocs\sabaraja\system\CodeIgniter.php(317): CodeIgniter\CodeIgniter->handleRequest(NULL, Object(Config\Cache), false)
#4 C:\xampp\htdocs\sabaraja\public\index.php(37): CodeIgniter\CodeIgniter->run()
#5 C:\xampp\htdocs\sabaraja\system\Commands\Server\rewrite.php(43): require_once('C:\\xampp\\htdocs...')
#6 {main}
CRITICAL - 2026-01-09 08:27:05 --> Trying to access array offset on value of type null
#0 C:\xampp\htdocs\sabaraja\app\Controllers\Siswa.php(48): CodeIgniter\Debug\Exceptions->errorHandler(8, 'Trying to acces...', 'C:\\xampp\\htdocs...', 48, Array)
#1 C:\xampp\htdocs\sabaraja\system\CodeIgniter.php(802): App\Controllers\Siswa->index()
#2 C:\xampp\htdocs\sabaraja\system\CodeIgniter.php(399): CodeIgniter\CodeIgniter->runController(Object(App\Controllers\Siswa))
#3 C:\xampp\htdocs\sabaraja\system\CodeIgniter.php(317): CodeIgniter\CodeIgniter->handleRequest(NULL, Object(Config\Cache), false)
#4 C:\xampp\htdocs\sabaraja\public\index.php(37): CodeIgniter\CodeIgniter->run()
#5 C:\xampp\htdocs\sabaraja\system\Commands\Server\rewrite.php(43): require_once('C:\\xampp\\htdocs...')
#6 {main}
CRITICAL - 2026-01-09 08:28:07 --> Trying to access array offset on value of type null
#0 C:\xampp\htdocs\sabaraja\app\Controllers\Siswa.php(48): CodeIgniter\Debug\Exceptions->errorHandler(8, 'Trying to acces...', 'C:\\xampp\\htdocs...', 48, Array)
#1 C:\xampp\htdocs\sabaraja\system\CodeIgniter.php(802): App\Controllers\Siswa->index()
#2 C:\xampp\htdocs\sabaraja\system\CodeIgniter.php(399): CodeIgniter\CodeIgniter->runController(Object(App\Controllers\Siswa))
#3 C:\xampp\htdocs\sabaraja\system\CodeIgniter.php(317): CodeIgniter\CodeIgniter->handleRequest(NULL, Object(Config\Cache), false)
#4 C:\xampp\htdocs\sabaraja\public\index.php(37): CodeIgniter\CodeIgniter->run()
#5 C:\xampp\htdocs\sabaraja\system\Commands\Server\rewrite.php(43): require_once('C:\\xampp\\htdocs...')
#6 {main}
CRITICAL - 2026-01-09 08:29:46 --> Trying to access array offset on value of type null
#0 C:\xampp\htdocs\sabaraja\app\Controllers\Siswa.php(48): CodeIgniter\Debug\Exceptions->errorHandler(8, 'Trying to acces...', 'C:\\xampp\\htdocs...', 48, Array)
#1 C:\xampp\htdocs\sabaraja\system\CodeIgniter.php(802): App\Controllers\Siswa->index()
#2 C:\xampp\htdocs\sabaraja\system\CodeIgniter.php(399): CodeIgniter\CodeIgniter->runController(Object(App\Controllers\Siswa))
#3 C:\xampp\htdocs\sabaraja\system\CodeIgniter.php(317): CodeIgniter\CodeIgniter->handleRequest(NULL, Object(Config\Cache), false)
#4 C:\xampp\htdocs\sabaraja\public\index.php(37): CodeIgniter\CodeIgniter->run()
#5 C:\xampp\htdocs\sabaraja\system\Commands\Server\rewrite.php(43): require_once('C:\\xampp\\htdocs...')
#6 {main}
CRITICAL - 2026-01-09 08:30:20 --> Trying to access array offset on value of type null
#0 C:\xampp\htdocs\sabaraja\app\Views\siswa\v_dashboard.php(27): CodeIgniter\Debug\Exceptions->errorHandler(8, 'Trying to acces...', 'C:\\xampp\\htdocs...', 27, Array)
#1 C:\xampp\htdocs\sabaraja\system\View\View.php(214): include('C:\\xampp\\htdocs...')
#2 C:\xampp\htdocs\sabaraja\system\View\View.php(217): CodeIgniter\View\View->CodeIgniter\View\{closure}()
#3 C:\xampp\htdocs\sabaraja\system\Common.php(1092): CodeIgniter\View\View->render('siswa/v_dashboa...', Array, true)
#4 C:\xampp\htdocs\sabaraja\app\Controllers\Siswa.php(50): view('siswa/v_dashboa...', Array)
#5 C:\xampp\htdocs\sabaraja\system\CodeIgniter.php(802): App\Controllers\Siswa->index()
#6 C:\xampp\htdocs\sabaraja\system\CodeIgniter.php(399): CodeIgniter\CodeIgniter->runController(Object(App\Controllers\Siswa))
#7 C:\xampp\htdocs\sabaraja\system\CodeIgniter.php(317): CodeIgniter\CodeIgniter->handleRequest(NULL, Object(Config\Cache), false)
#8 C:\xampp\htdocs\sabaraja\public\index.php(37): CodeIgniter\CodeIgniter->run()
#9 C:\xampp\htdocs\sabaraja\system\Commands\Server\rewrite.php(43): require_once('C:\\xampp\\htdocs...')
#10 {main}
ERROR - 2026-01-09 08:35:06 --> Unknown column 'tbl_ta.status' in 'where clause'
CRITICAL - 2026-01-09 08:35:06 --> Unknown column 'tbl_ta.status' in 'where clause'
#0 C:\xampp\htdocs\sabaraja\system\Database\MySQLi\Connection.php(280): mysqli->query('SELECT *\nFROM `...')
#1 C:\xampp\htdocs\sabaraja\system\Database\BaseConnection.php(663): CodeIgniter\Database\MySQLi\Connection->execute('SELECT *\nFROM `...')
#2 C:\xampp\htdocs\sabaraja\system\Database\BaseConnection.php(591): CodeIgniter\Database\BaseConnection->simpleQuery('SELECT *\nFROM `...')
#3 C:\xampp\htdocs\sabaraja\system\Database\BaseBuilder.php(1428): CodeIgniter\Database\BaseConnection->query('SELECT *\nFROM `...', Array, false)
#4 C:\xampp\htdocs\sabaraja\app\Models\ModelSiswa.php(24): CodeIgniter\Database\BaseBuilder->get()
#5 C:\xampp\htdocs\sabaraja\app\Controllers\Siswa.php(47): App\Models\ModelSiswa->DataSiswa()
#6 C:\xampp\htdocs\sabaraja\system\CodeIgniter.php(802): App\Controllers\Siswa->index()
#7 C:\xampp\htdocs\sabaraja\system\CodeIgniter.php(399): CodeIgniter\CodeIgniter->runController(Object(App\Controllers\Siswa))
#8 C:\xampp\htdocs\sabaraja\system\CodeIgniter.php(317): CodeIgniter\CodeIgniter->handleRequest(NULL, Object(Config\Cache), false)
#9 C:\xampp\htdocs\sabaraja\public\index.php(37): CodeIgniter\CodeIgniter->run()
#10 C:\xampp\htdocs\sabaraja\system\Commands\Server\rewrite.php(43): require_once('C:\\xampp\\htdocs...')
#11 {main}
CRITICAL - 2026-01-09 08:35:38 --> Trying to access array offset on value of type null
#0 C:\xampp\htdocs\sabaraja\app\Views\siswa\v_dashboard.php(27): CodeIgniter\Debug\Exceptions->errorHandler(8, 'Trying to acces...', 'C:\\xampp\\htdocs...', 27, Array)
#1 C:\xampp\htdocs\sabaraja\system\View\View.php(214): include('C:\\xampp\\htdocs...')
#2 C:\xampp\htdocs\sabaraja\system\View\View.php(217): CodeIgniter\View\View->CodeIgniter\View\{closure}()
#3 C:\xampp\htdocs\sabaraja\system\Common.php(1092): CodeIgniter\View\View->render('siswa/v_dashboa...', Array, true)
#4 C:\xampp\htdocs\sabaraja\app\Controllers\Siswa.php(50): view('siswa/v_dashboa...', Array)
#5 C:\xampp\htdocs\sabaraja\system\CodeIgniter.php(802): App\Controllers\Siswa->index()
#6 C:\xampp\htdocs\sabaraja\system\CodeIgniter.php(399): CodeIgniter\CodeIgniter->runController(Object(App\Controllers\Siswa))
#7 C:\xampp\htdocs\sabaraja\system\CodeIgniter.php(317): CodeIgniter\CodeIgniter->handleRequest(NULL, Object(Config\Cache), false)
#8 C:\xampp\htdocs\sabaraja\public\index.php(37): CodeIgniter\CodeIgniter->run()
#9 C:\xampp\htdocs\sabaraja\system\Commands\Server\rewrite.php(43): require_once('C:\\xampp\\htdocs...')
#10 {main}
CRITICAL - 2026-01-09 08:40:04 --> Trying to access array offset on value of type null
#0 C:\xampp\htdocs\sabaraja\app\Views\siswa\portofolio.php(55): CodeIgniter\Debug\Exceptions->errorHandler(8, 'Trying to acces...', 'C:\\xampp\\htdocs...', 55, Array)
#1 C:\xampp\htdocs\sabaraja\system\View\View.php(214): include('C:\\xampp\\htdocs...')
#2 C:\xampp\htdocs\sabaraja\system\View\View.php(217): CodeIgniter\View\View->CodeIgniter\View\{closure}()
#3 C:\xampp\htdocs\sabaraja\system\Common.php(1092): CodeIgniter\View\View->render('siswa/portofoli...', Array, true)
#4 C:\xampp\htdocs\sabaraja\app\Controllers\Siswa.php(68): view('siswa/portofoli...', Array)
#5 C:\xampp\htdocs\sabaraja\system\CodeIgniter.php(802): App\Controllers\Siswa->portofolio()
#6 C:\xampp\htdocs\sabaraja\system\CodeIgniter.php(399): CodeIgniter\CodeIgniter->runController(Object(App\Controllers\Siswa))
#7 C:\xampp\htdocs\sabaraja\system\CodeIgniter.php(317): CodeIgniter\CodeIgniter->handleRequest(NULL, Object(Config\Cache), false)
#8 C:\xampp\htdocs\sabaraja\public\index.php(37): CodeIgniter\CodeIgniter->run()
#9 C:\xampp\htdocs\sabaraja\system\Commands\Server\rewrite.php(43): require_once('C:\\xampp\\htdocs...')
#10 {main}
CRITICAL - 2026-01-09 08:40:10 --> Trying to access array offset on value of type null
#0 C:\xampp\htdocs\sabaraja\app\Views\siswa\portofolio.php(55): CodeIgniter\Debug\Exceptions->errorHandler(8, 'Trying to acces...', 'C:\\xampp\\htdocs...', 55, Array)
#1 C:\xampp\htdocs\sabaraja\system\View\View.php(214): include('C:\\xampp\\htdocs...')
#2 C:\xampp\htdocs\sabaraja\system\View\View.php(217): CodeIgniter\View\View->CodeIgniter\View\{closure}()
#3 C:\xampp\htdocs\sabaraja\system\Common.php(1092): CodeIgniter\View\View->render('siswa/portofoli...', Array, true)
#4 C:\xampp\htdocs\sabaraja\app\Controllers\Siswa.php(68): view('siswa/portofoli...', Array)
#5 C:\xampp\htdocs\sabaraja\system\CodeIgniter.php(802): App\Controllers\Siswa->portofolio()
#6 C:\xampp\htdocs\sabaraja\system\CodeIgniter.php(399): CodeIgniter\CodeIgniter->runController(Object(App\Controllers\Siswa))
#7 C:\xampp\htdocs\sabaraja\system\CodeIgniter.php(317): CodeIgniter\CodeIgniter->handleRequest(NULL, Object(Config\Cache), false)
#8 C:\xampp\htdocs\sabaraja\public\index.php(37): CodeIgniter\CodeIgniter->run()
#9 C:\xampp\htdocs\sabaraja\system\Commands\Server\rewrite.php(43): require_once('C:\\xampp\\htdocs...')
#10 {main}
CRITICAL - 2026-01-09 08:40:54 --> Trying to access array offset on value of type null
#0 C:\xampp\htdocs\sabaraja\app\Views\siswa\v_dashboard.php(60): CodeIgniter\Debug\Exceptions->errorHandler(8, 'Trying to acces...', 'C:\\xampp\\htdocs...', 60, Array)
#1 C:\xampp\htdocs\sabaraja\system\View\View.php(214): include('C:\\xampp\\htdocs...')
#2 C:\xampp\htdocs\sabaraja\system\View\View.php(217): CodeIgniter\View\View->CodeIgniter\View\{closure}()
#3 C:\xampp\htdocs\sabaraja\system\Common.php(1092): CodeIgniter\View\View->render('siswa/v_dashboa...', Array, true)
#4 C:\xampp\htdocs\sabaraja\app\Controllers\Siswa.php(50): view('siswa/v_dashboa...', Array)
#5 C:\xampp\htdocs\sabaraja\system\CodeIgniter.php(802): App\Controllers\Siswa->index()
#6 C:\xampp\htdocs\sabaraja\system\CodeIgniter.php(399): CodeIgniter\CodeIgniter->runController(Object(App\Controllers\Siswa))
#7 C:\xampp\htdocs\sabaraja\system\CodeIgniter.php(317): CodeIgniter\CodeIgniter->handleRequest(NULL, Object(Config\Cache), false)
#8 C:\xampp\htdocs\sabaraja\public\index.php(37): CodeIgniter\CodeIgniter->run()
#9 C:\xampp\htdocs\sabaraja\system\Commands\Server\rewrite.php(43): require_once('C:\\xampp\\htdocs...')
#10 {main}
CRITICAL - 2026-01-09 08:42:10 --> You must set the database table to be used with your query.
#0 C:\xampp\htdocs\sabaraja\system\Model.php(545): CodeIgniter\Database\BaseConnection->table(NULL)
#1 C:\xampp\htdocs\sabaraja\system\Model.php(719): CodeIgniter\Model->builder()
#2 C:\xampp\htdocs\sabaraja\app\Controllers\Siswa.php(82): CodeIgniter\Model->__call('provinsi', Array)
#3 C:\xampp\htdocs\sabaraja\system\CodeIgniter.php(802): App\Controllers\Siswa->profile()
#4 C:\xampp\htdocs\sabaraja\system\CodeIgniter.php(399): CodeIgniter\CodeIgniter->runController(Object(App\Controllers\Siswa))
#5 C:\xampp\htdocs\sabaraja\system\CodeIgniter.php(317): CodeIgniter\CodeIgniter->handleRequest(NULL, Object(Config\Cache), false)
#6 C:\xampp\htdocs\sabaraja\public\index.php(37): CodeIgniter\CodeIgniter->run()
#7 C:\xampp\htdocs\sabaraja\system\Commands\Server\rewrite.php(43): require_once('C:\\xampp\\htdocs...')
#8 {main}
CRITICAL - 2026-01-09 08:42:13 --> You must set the database table to be used with your query.
#0 C:\xampp\htdocs\sabaraja\system\Model.php(545): CodeIgniter\Database\BaseConnection->table(NULL)
#1 C:\xampp\htdocs\sabaraja\system\Model.php(719): CodeIgniter\Model->builder()
#2 C:\xampp\htdocs\sabaraja\app\Controllers\Siswa.php(104): CodeIgniter\Model->__call('provinsi', Array)
#3 C:\xampp\htdocs\sabaraja\system\CodeIgniter.php(802): App\Controllers\Siswa->orangtua()
#4 C:\xampp\htdocs\sabaraja\system\CodeIgniter.php(399): CodeIgniter\CodeIgniter->runController(Object(App\Controllers\Siswa))
#5 C:\xampp\htdocs\sabaraja\system\CodeIgniter.php(317): CodeIgniter\CodeIgniter->handleRequest(NULL, Object(Config\Cache), false)
#6 C:\xampp\htdocs\sabaraja\public\index.php(37): CodeIgniter\CodeIgniter->run()
#7 C:\xampp\htdocs\sabaraja\system\Commands\Server\rewrite.php(43): require_once('C:\\xampp\\htdocs...')
#8 {main}
ERROR - 2026-01-09 08:43:08 --> Unknown column 'tbl_database.id_ta' in 'on clause'
CRITICAL - 2026-01-09 08:43:08 --> Unknown column 'tbl_database.id_ta' in 'on clause'
#0 C:\xampp\htdocs\sabaraja\system\Database\MySQLi\Connection.php(280): mysqli->query('SELECT *\nFROM `...')
#1 C:\xampp\htdocs\sabaraja\system\Database\BaseConnection.php(663): CodeIgniter\Database\MySQLi\Connection->execute('SELECT *\nFROM `...')
#2 C:\xampp\htdocs\sabaraja\system\Database\BaseConnection.php(591): CodeIgniter\Database\BaseConnection->simpleQuery('SELECT *\nFROM `...')
#3 C:\xampp\htdocs\sabaraja\system\Database\BaseBuilder.php(1428): CodeIgniter\Database\BaseConnection->query('SELECT *\nFROM `...', Array, false)
#4 C:\xampp\htdocs\sabaraja\app\Models\ModelSiswa.php(24): CodeIgniter\Database\BaseBuilder->get()
#5 C:\xampp\htdocs\sabaraja\app\Controllers\Siswa.php(47): App\Models\ModelSiswa->DataSiswa()
#6 C:\xampp\htdocs\sabaraja\system\CodeIgniter.php(802): App\Controllers\Siswa->index()
#7 C:\xampp\htdocs\sabaraja\system\CodeIgniter.php(399): CodeIgniter\CodeIgniter->runController(Object(App\Controllers\Siswa))
#8 C:\xampp\htdocs\sabaraja\system\CodeIgniter.php(317): CodeIgniter\CodeIgniter->handleRequest(NULL, Object(Config\Cache), false)
#9 C:\xampp\htdocs\sabaraja\public\index.php(37): CodeIgniter\CodeIgniter->run()
#10 C:\xampp\htdocs\sabaraja\system\Commands\Server\rewrite.php(43): require_once('C:\\xampp\\htdocs...')
#11 {main}
ERROR - 2026-01-09 08:43:24 --> Unknown column 'tbl_ta.status' in 'where clause'
CRITICAL - 2026-01-09 08:43:24 --> Unknown column 'tbl_ta.status' in 'where clause'
#0 C:\xampp\htdocs\sabaraja\system\Database\MySQLi\Connection.php(280): mysqli->query('SELECT *\nFROM `...')
#1 C:\xampp\htdocs\sabaraja\system\Database\BaseConnection.php(663): CodeIgniter\Database\MySQLi\Connection->execute('SELECT *\nFROM `...')
#2 C:\xampp\htdocs\sabaraja\system\Database\BaseConnection.php(591): CodeIgniter\Database\BaseConnection->simpleQuery('SELECT *\nFROM `...')
#3 C:\xampp\htdocs\sabaraja\system\Database\BaseBuilder.php(1428): CodeIgniter\Database\BaseConnection->query('SELECT *\nFROM `...', Array, false)
#4 C:\xampp\htdocs\sabaraja\app\Models\ModelSiswa.php(24): CodeIgniter\Database\BaseBuilder->get()
#5 C:\xampp\htdocs\sabaraja\app\Controllers\Siswa.php(47): App\Models\ModelSiswa->DataSiswa()
#6 C:\xampp\htdocs\sabaraja\system\CodeIgniter.php(802): App\Controllers\Siswa->index()
#7 C:\xampp\htdocs\sabaraja\system\CodeIgniter.php(399): CodeIgniter\CodeIgniter->runController(Object(App\Controllers\Siswa))
#8 C:\xampp\htdocs\sabaraja\system\CodeIgniter.php(317): CodeIgniter\CodeIgniter->handleRequest(NULL, Object(Config\Cache), false)
#9 C:\xampp\htdocs\sabaraja\public\index.php(37): CodeIgniter\CodeIgniter->run()
#10 C:\xampp\htdocs\sabaraja\system\Commands\Server\rewrite.php(43): require_once('C:\\xampp\\htdocs...')
#11 {main}
ERROR - 2026-01-09 08:43:45 --> Unknown column 'tbl_database.id_ta' in 'on clause'
CRITICAL - 2026-01-09 08:43:45 --> Unknown column 'tbl_database.id_ta' in 'on clause'
#0 C:\xampp\htdocs\sabaraja\system\Database\MySQLi\Connection.php(280): mysqli->query('SELECT *\nFROM `...')
#1 C:\xampp\htdocs\sabaraja\system\Database\BaseConnection.php(663): CodeIgniter\Database\MySQLi\Connection->execute('SELECT *\nFROM `...')
#2 C:\xampp\htdocs\sabaraja\system\Database\BaseConnection.php(591): CodeIgniter\Database\BaseConnection->simpleQuery('SELECT *\nFROM `...')
#3 C:\xampp\htdocs\sabaraja\system\Database\BaseBuilder.php(1428): CodeIgniter\Database\BaseConnection->query('SELECT *\nFROM `...', Array, false)
#4 C:\xampp\htdocs\sabaraja\app\Models\ModelSiswa.php(24): CodeIgniter\Database\BaseBuilder->get()
#5 C:\xampp\htdocs\sabaraja\app\Controllers\Siswa.php(47): App\Models\ModelSiswa->DataSiswa()
#6 C:\xampp\htdocs\sabaraja\system\CodeIgniter.php(802): App\Controllers\Siswa->index()
#7 C:\xampp\htdocs\sabaraja\system\CodeIgniter.php(399): CodeIgniter\CodeIgniter->runController(Object(App\Controllers\Siswa))
#8 C:\xampp\htdocs\sabaraja\system\CodeIgniter.php(317): CodeIgniter\CodeIgniter->handleRequest(NULL, Object(Config\Cache), false)
#9 C:\xampp\htdocs\sabaraja\public\index.php(37): CodeIgniter\CodeIgniter->run()
#10 C:\xampp\htdocs\sabaraja\system\Commands\Server\rewrite.php(43): require_once('C:\\xampp\\htdocs...')
#11 {main}
ERROR - 2026-01-09 08:45:04 --> Unknown column 'tbl_kelas.id_guru' in 'on clause'
CRITICAL - 2026-01-09 08:45:04 --> Unknown column 'tbl_kelas.id_guru' in 'on clause'
#0 C:\xampp\htdocs\sabaraja\system\Database\MySQLi\Connection.php(280): mysqli->query('SELECT *\nFROM `...')
#1 C:\xampp\htdocs\sabaraja\system\Database\BaseConnection.php(663): CodeIgniter\Database\MySQLi\Connection->execute('SELECT *\nFROM `...')
#2 C:\xampp\htdocs\sabaraja\system\Database\BaseConnection.php(591): CodeIgniter\Database\BaseConnection->simpleQuery('SELECT *\nFROM `...')
#3 C:\xampp\htdocs\sabaraja\system\Database\BaseBuilder.php(1428): CodeIgniter\Database\BaseConnection->query('SELECT *\nFROM `...', Array, false)
#4 C:\xampp\htdocs\sabaraja\app\Models\ModelSiswa.php(24): CodeIgniter\Database\BaseBuilder->get()
#5 C:\xampp\htdocs\sabaraja\app\Controllers\Siswa.php(47): App\Models\ModelSiswa->DataSiswa()
#6 C:\xampp\htdocs\sabaraja\system\CodeIgniter.php(802): App\Controllers\Siswa->index()
#7 C:\xampp\htdocs\sabaraja\system\CodeIgniter.php(399): CodeIgniter\CodeIgniter->runController(Object(App\Controllers\Siswa))
#8 C:\xampp\htdocs\sabaraja\system\CodeIgniter.php(317): CodeIgniter\CodeIgniter->handleRequest(NULL, Object(Config\Cache), false)
#9 C:\xampp\htdocs\sabaraja\public\index.php(37): CodeIgniter\CodeIgniter->run()
#10 C:\xampp\htdocs\sabaraja\system\Commands\Server\rewrite.php(43): require_once('C:\\xampp\\htdocs...')
#11 {main}
CRITICAL - 2026-01-09 08:45:53 --> Trying to access array offset on value of type null
#0 C:\xampp\htdocs\sabaraja\app\Views\siswa\v_dashboard.php(34): CodeIgniter\Debug\Exceptions->errorHandler(8, 'Trying to acces...', 'C:\\xampp\\htdocs...', 34, Array)
#1 C:\xampp\htdocs\sabaraja\system\View\View.php(214): include('C:\\xampp\\htdocs...')
#2 C:\xampp\htdocs\sabaraja\system\View\View.php(217): CodeIgniter\View\View->CodeIgniter\View\{closure}()
#3 C:\xampp\htdocs\sabaraja\system\Common.php(1092): CodeIgniter\View\View->render('siswa/v_dashboa...', Array, true)
#4 C:\xampp\htdocs\sabaraja\app\Controllers\Siswa.php(50): view('siswa/v_dashboa...', Array)
#5 C:\xampp\htdocs\sabaraja\system\CodeIgniter.php(802): App\Controllers\Siswa->index()
#6 C:\xampp\htdocs\sabaraja\system\CodeIgniter.php(399): CodeIgniter\CodeIgniter->runController(Object(App\Controllers\Siswa))
#7 C:\xampp\htdocs\sabaraja\system\CodeIgniter.php(317): CodeIgniter\CodeIgniter->handleRequest(NULL, Object(Config\Cache), false)
#8 C:\xampp\htdocs\sabaraja\public\index.php(37): CodeIgniter\CodeIgniter->run()
#9 C:\xampp\htdocs\sabaraja\system\Commands\Server\rewrite.php(43): require_once('C:\\xampp\\htdocs...')
#10 {main}
CRITICAL - 2026-01-09 08:46:36 --> Undefined index: link_wa
#0 C:\xampp\htdocs\sabaraja\app\Views\siswa\v_dashboard.php(50): CodeIgniter\Debug\Exceptions->errorHandler(8, 'Undefined index...', 'C:\\xampp\\htdocs...', 50, Array)
#1 C:\xampp\htdocs\sabaraja\system\View\View.php(214): include('C:\\xampp\\htdocs...')
#2 C:\xampp\htdocs\sabaraja\system\View\View.php(217): CodeIgniter\View\View->CodeIgniter\View\{closure}()
#3 C:\xampp\htdocs\sabaraja\system\Common.php(1092): CodeIgniter\View\View->render('siswa/v_dashboa...', Array, true)
#4 C:\xampp\htdocs\sabaraja\app\Controllers\Siswa.php(50): view('siswa/v_dashboa...', Array)
#5 C:\xampp\htdocs\sabaraja\system\CodeIgniter.php(802): App\Controllers\Siswa->index()
#6 C:\xampp\htdocs\sabaraja\system\CodeIgniter.php(399): CodeIgniter\CodeIgniter->runController(Object(App\Controllers\Siswa))
#7 C:\xampp\htdocs\sabaraja\system\CodeIgniter.php(317): CodeIgniter\CodeIgniter->handleRequest(NULL, Object(Config\Cache), false)
#8 C:\xampp\htdocs\sabaraja\public\index.php(37): CodeIgniter\CodeIgniter->run()
#9 C:\xampp\htdocs\sabaraja\system\Commands\Server\rewrite.php(43): require_once('C:\\xampp\\htdocs...')
#10 {main}
CRITICAL - 2026-01-09 08:48:40 --> Trying to access array offset on value of type null
#0 C:\xampp\htdocs\sabaraja\app\Views\siswa\v_dashboard.php(44): CodeIgniter\Debug\Exceptions->errorHandler(8, 'Trying to acces...', 'C:\\xampp\\htdocs...', 44, Array)
#1 C:\xampp\htdocs\sabaraja\system\View\View.php(214): include('C:\\xampp\\htdocs...')
#2 C:\xampp\htdocs\sabaraja\system\View\View.php(217): CodeIgniter\View\View->CodeIgniter\View\{closure}()
#3 C:\xampp\htdocs\sabaraja\system\Common.php(1092): CodeIgniter\View\View->render('siswa/v_dashboa...', Array, true)
#4 C:\xampp\htdocs\sabaraja\app\Controllers\Siswa.php(50): view('siswa/v_dashboa...', Array)
#5 C:\xampp\htdocs\sabaraja\system\CodeIgniter.php(802): App\Controllers\Siswa->index()
#6 C:\xampp\htdocs\sabaraja\system\CodeIgniter.php(399): CodeIgniter\CodeIgniter->runController(Object(App\Controllers\Siswa))
#7 C:\xampp\htdocs\sabaraja\system\CodeIgniter.php(317): CodeIgniter\CodeIgniter->handleRequest(NULL, Object(Config\Cache), false)
#8 C:\xampp\htdocs\sabaraja\public\index.php(37): CodeIgniter\CodeIgniter->run()
#9 C:\xampp\htdocs\sabaraja\system\Commands\Server\rewrite.php(43): require_once('C:\\xampp\\htdocs...')
#10 {main}
CRITICAL - 2026-01-09 08:52:41 --> You must set the database table to be used with your query.
#0 C:\xampp\htdocs\sabaraja\system\Model.php(545): CodeIgniter\Database\BaseConnection->table(NULL)
#1 C:\xampp\htdocs\sabaraja\system\Model.php(719): CodeIgniter\Model->builder()
#2 C:\xampp\htdocs\sabaraja\app\Controllers\Siswa.php(82): CodeIgniter\Model->__call('provinsi', Array)
#3 C:\xampp\htdocs\sabaraja\system\CodeIgniter.php(802): App\Controllers\Siswa->profile()
#4 C:\xampp\htdocs\sabaraja\system\CodeIgniter.php(399): CodeIgniter\CodeIgniter->runController(Object(App\Controllers\Siswa))
#5 C:\xampp\htdocs\sabaraja\system\CodeIgniter.php(317): CodeIgniter\CodeIgniter->handleRequest(NULL, Object(Config\Cache), false)
#6 C:\xampp\htdocs\sabaraja\public\index.php(37): CodeIgniter\CodeIgniter->run()
#7 C:\xampp\htdocs\sabaraja\system\Commands\Server\rewrite.php(43): require_once('C:\\xampp\\htdocs...')
#8 {main}
CRITICAL - 2026-01-09 08:57:09 --> You must set the database table to be used with your query.
#0 C:\xampp\htdocs\sabaraja\system\Model.php(545): CodeIgniter\Database\BaseConnection->table(NULL)
#1 C:\xampp\htdocs\sabaraja\system\Model.php(719): CodeIgniter\Model->builder()
#2 C:\xampp\htdocs\sabaraja\app\Controllers\Siswa.php(104): CodeIgniter\Model->__call('provinsi', Array)
#3 C:\xampp\htdocs\sabaraja\system\CodeIgniter.php(802): App\Controllers\Siswa->orangtua()
#4 C:\xampp\htdocs\sabaraja\system\CodeIgniter.php(399): CodeIgniter\CodeIgniter->runController(Object(App\Controllers\Siswa))
#5 C:\xampp\htdocs\sabaraja\system\CodeIgniter.php(317): CodeIgniter\CodeIgniter->handleRequest(NULL, Object(Config\Cache), false)
#6 C:\xampp\htdocs\sabaraja\public\index.php(37): CodeIgniter\CodeIgniter->run()
#7 C:\xampp\htdocs\sabaraja\system\Commands\Server\rewrite.php(43): require_once('C:\\xampp\\htdocs...')
#8 {main}
CRITICAL - 2026-01-09 09:27:39 --> Trying to access array offset on value of type null
#0 C:\xampp\htdocs\sabaraja\app\Views\template\sidebar.php(172): CodeIgniter\Debug\Exceptions->errorHandler(8, 'Trying to acces...', 'C:\\xampp\\htdocs...', 172, Array)
#1 C:\xampp\htdocs\sabaraja\system\View\View.php(214): include('C:\\xampp\\htdocs...')
#2 C:\xampp\htdocs\sabaraja\system\View\View.php(217): CodeIgniter\View\View->CodeIgniter\View\{closure}()
#3 C:\xampp\htdocs\sabaraja\system\View\View.php(432): CodeIgniter\View\View->render('template/sideba...', NULL, true)
#4 C:\xampp\htdocs\sabaraja\app\Views\template\template-biodata.php(19): CodeIgniter\View\View->include('template/sideba...')
#5 C:\xampp\htdocs\sabaraja\system\View\View.php(214): include('C:\\xampp\\htdocs...')
#6 C:\xampp\htdocs\sabaraja\system\View\View.php(217): CodeIgniter\View\View->CodeIgniter\View\{closure}()
#7 C:\xampp\htdocs\sabaraja\system\View\View.php(230): CodeIgniter\View\View->render('template/templa...', Array, true)
#8 C:\xampp\htdocs\sabaraja\system\Common.php(1092): CodeIgniter\View\View->render('siswa/v_profile', Array, true)
#9 C:\xampp\htdocs\sabaraja\app\Controllers\Siswa.php(91): view('siswa/v_profile', Array)
#10 C:\xampp\htdocs\sabaraja\system\CodeIgniter.php(802): App\Controllers\Siswa->profile()
#11 C:\xampp\htdocs\sabaraja\system\CodeIgniter.php(399): CodeIgniter\CodeIgniter->runController(Object(App\Controllers\Siswa))
#12 C:\xampp\htdocs\sabaraja\system\CodeIgniter.php(317): CodeIgniter\CodeIgniter->handleRequest(NULL, Object(Config\Cache), false)
#13 C:\xampp\htdocs\sabaraja\public\index.php(37): CodeIgniter\CodeIgniter->run()
#14 C:\xampp\htdocs\sabaraja\system\Commands\Server\rewrite.php(43): require_once('C:\\xampp\\htdocs...')
#15 {main}
CRITICAL - 2026-01-09 09:28:18 --> Trying to access array offset on value of type null
#0 C:\xampp\htdocs\sabaraja\app\Views\template\sidebar.php(172): CodeIgniter\Debug\Exceptions->errorHandler(8, 'Trying to acces...', 'C:\\xampp\\htdocs...', 172, Array)
#1 C:\xampp\htdocs\sabaraja\system\View\View.php(214): include('C:\\xampp\\htdocs...')
#2 C:\xampp\htdocs\sabaraja\system\View\View.php(217): CodeIgniter\View\View->CodeIgniter\View\{closure}()
#3 C:\xampp\htdocs\sabaraja\system\View\View.php(432): CodeIgniter\View\View->render('template/sideba...', NULL, true)
#4 C:\xampp\htdocs\sabaraja\app\Views\template\template-biodata.php(19): CodeIgniter\View\View->include('template/sideba...')
#5 C:\xampp\htdocs\sabaraja\system\View\View.php(214): include('C:\\xampp\\htdocs...')
#6 C:\xampp\htdocs\sabaraja\system\View\View.php(217): CodeIgniter\View\View->CodeIgniter\View\{closure}()
#7 C:\xampp\htdocs\sabaraja\system\View\View.php(230): CodeIgniter\View\View->render('template/templa...', Array, true)
#8 C:\xampp\htdocs\sabaraja\system\Common.php(1092): CodeIgniter\View\View->render('siswa/v_profile', Array, true)
#9 C:\xampp\htdocs\sabaraja\app\Controllers\Siswa.php(91): view('siswa/v_profile', Array)
#10 C:\xampp\htdocs\sabaraja\system\CodeIgniter.php(802): App\Controllers\Siswa->profile()
#11 C:\xampp\htdocs\sabaraja\system\CodeIgniter.php(399): CodeIgniter\CodeIgniter->runController(Object(App\Controllers\Siswa))
#12 C:\xampp\htdocs\sabaraja\system\CodeIgniter.php(317): CodeIgniter\CodeIgniter->handleRequest(NULL, Object(Config\Cache), false)
#13 C:\xampp\htdocs\sabaraja\public\index.php(37): CodeIgniter\CodeIgniter->run()
#14 C:\xampp\htdocs\sabaraja\system\Commands\Server\rewrite.php(43): require_once('C:\\xampp\\htdocs...')
#15 {main}
CRITICAL - 2026-01-09 09:35:00 --> You must set the database table to be used with your query.
#0 C:\xampp\htdocs\sabaraja\system\Model.php(545): CodeIgniter\Database\BaseConnection->table(NULL)
#1 C:\xampp\htdocs\sabaraja\system\Model.php(719): CodeIgniter\Model->builder()
#2 C:\xampp\htdocs\sabaraja\app\Controllers\Siswa.php(154): CodeIgniter\Model->__call('provinsi', Array)
#3 C:\xampp\htdocs\sabaraja\system\CodeIgniter.php(802): App\Controllers\Siswa->edit_alamat('1011')
#4 C:\xampp\htdocs\sabaraja\system\CodeIgniter.php(399): CodeIgniter\CodeIgniter->runController(Object(App\Controllers\Siswa))
#5 C:\xampp\htdocs\sabaraja\system\CodeIgniter.php(317): CodeIgniter\CodeIgniter->handleRequest(NULL, Object(Config\Cache), false)
#6 C:\xampp\htdocs\sabaraja\public\index.php(37): CodeIgniter\CodeIgniter->run()
#7 C:\xampp\htdocs\sabaraja\system\Commands\Server\rewrite.php(43): require_once('C:\\xampp\\htdocs...')
#8 {main}
CRITICAL - 2026-01-09 10:40:36 --> You must set the database table to be used with your query.
#0 C:\xampp\htdocs\sabaraja\system\Model.php(545): CodeIgniter\Database\BaseConnection->table(NULL)
#1 C:\xampp\htdocs\sabaraja\system\Model.php(719): CodeIgniter\Model->builder()
#2 C:\xampp\htdocs\sabaraja\app\Controllers\Siswa.php(175): CodeIgniter\Model->__call('provinsi', Array)
#3 C:\xampp\htdocs\sabaraja\system\CodeIgniter.php(802): App\Controllers\Siswa->edit_orangtua('1011')
#4 C:\xampp\htdocs\sabaraja\system\CodeIgniter.php(399): CodeIgniter\CodeIgniter->runController(Object(App\Controllers\Siswa))
#5 C:\xampp\htdocs\sabaraja\system\CodeIgniter.php(317): CodeIgniter\CodeIgniter->handleRequest(NULL, Object(Config\Cache), false)
#6 C:\xampp\htdocs\sabaraja\public\index.php(37): CodeIgniter\CodeIgniter->run()
#7 C:\xampp\htdocs\sabaraja\system\Commands\Server\rewrite.php(43): require_once('C:\\xampp\\htdocs...')
#8 {main}
CRITICAL - 2026-01-09 13:50:17 --> Undefined variable: nilai
#0 C:\xampp\htdocs\sabaraja\app\Views\siswa\v_nilai.php(53): CodeIgniter\Debug\Exceptions->errorHandler(8, 'Undefined varia...', 'C:\\xampp\\htdocs...', 53, Array)
#1 C:\xampp\htdocs\sabaraja\system\View\View.php(214): include('C:\\xampp\\htdocs...')
#2 C:\xampp\htdocs\sabaraja\system\View\View.php(217): CodeIgniter\View\View->CodeIgniter\View\{closure}()
#3 C:\xampp\htdocs\sabaraja\system\Common.php(1092): CodeIgniter\View\View->render('siswa/v_nilai', Array, true)
#4 C:\xampp\htdocs\sabaraja\app\Controllers\Siswa.php(154): view('siswa/v_nilai', Array)
#5 C:\xampp\htdocs\sabaraja\system\CodeIgniter.php(802): App\Controllers\Siswa->datanilai()
#6 C:\xampp\htdocs\sabaraja\system\CodeIgniter.php(399): CodeIgniter\CodeIgniter->runController(Object(App\Controllers\Siswa))
#7 C:\xampp\htdocs\sabaraja\system\CodeIgniter.php(317): CodeIgniter\CodeIgniter->handleRequest(NULL, Object(Config\Cache), false)
#8 C:\xampp\htdocs\sabaraja\public\index.php(37): CodeIgniter\CodeIgniter->run()
#9 C:\xampp\htdocs\sabaraja\system\Commands\Server\rewrite.php(43): require_once('C:\\xampp\\htdocs...')
#10 {main}
