CRITICAL - 2024-10-12 20:33:46 --> Undefined variable: siswa
#0 E:\APLIKASI\koding\sneat\app\Views\guru\v_dashboard.php(41): CodeIgniter\Debug\Exceptions->errorHandler(8, 'Undefined varia...', 'E:\\APLIKASI\\kod...', 41, Array)
#1 E:\APLIKASI\koding\sneat\system\View\View.php(214): include('E:\\APLIKASI\\kod...')
#2 E:\APLIKASI\koding\sneat\system\View\View.php(217): CodeIgniter\View\View->CodeIgniter\View\{closure}()
#3 E:\APLIKASI\koding\sneat\system\Common.php(1092): CodeIgniter\View\View->render('guru/v_dashboar...', Array, true)
#4 E:\APLIKASI\koding\sneat\app\Controllers\Pendidik.php(41): view('guru/v_dashboar...', Array)
#5 E:\APLIKASI\koding\sneat\system\CodeIgniter.php(802): App\Controllers\Pendidik->index()
#6 E:\APLIKASI\koding\sneat\system\CodeIgniter.php(399): CodeIgniter\CodeIgniter->runController(Object(App\Controllers\Pendidik))
#7 E:\APLIKASI\koding\sneat\system\CodeIgniter.php(317): CodeIgniter\CodeIgniter->handleRequest(NULL, Object(Config\Cache), false)
#8 E:\APLIKASI\koding\sneat\public\index.php(37): CodeIgniter\CodeIgniter->run()
#9 E:\APLIKASI\koding\sneat\system\Commands\Server\rewrite.php(43): require_once('E:\\APLIKASI\\kod...')
#10 {main}
CRITICAL - 2024-10-12 20:42:35 --> Trying to access array offset on value of type null
#0 E:\APLIKASI\koding\sneat\app\Controllers\Siswa.php(90): CodeIgniter\Debug\Exceptions->errorHandler(8, 'Trying to acces...', 'E:\\APLIKASI\\kod...', 90, Array)
#1 E:\APLIKASI\koding\sneat\system\CodeIgniter.php(802): App\Controllers\Siswa->profile()
#2 E:\APLIKASI\koding\sneat\system\CodeIgniter.php(399): CodeIgniter\CodeIgniter->runController(Object(App\Controllers\Siswa))
#3 E:\APLIKASI\koding\sneat\system\CodeIgniter.php(317): CodeIgniter\CodeIgniter->handleRequest(NULL, Object(Config\Cache), false)
#4 E:\APLIKASI\koding\sneat\public\index.php(37): CodeIgniter\CodeIgniter->run()
#5 E:\APLIKASI\koding\sneat\system\Commands\Server\rewrite.php(43): require_once('E:\\APLIKASI\\kod...')
#6 {main}
CRITICAL - 2024-10-12 20:46:13 --> Invalid file: guru/pendidikan.php
#0 E:\APLIKASI\koding\sneat\system\View\View.php(198): CodeIgniter\Exceptions\FrameworkException::forInvalidFile('guru/pendidikan...')
#1 E:\APLIKASI\koding\sneat\system\Common.php(1092): CodeIgniter\View\View->render('guru/pendidikan', Array, true)
#2 E:\APLIKASI\koding\sneat\app\Controllers\Pendidik.php(70): view('guru/pendidikan', Array)
#3 E:\APLIKASI\koding\sneat\system\CodeIgniter.php(802): App\Controllers\Pendidik->pendidikan()
#4 E:\APLIKASI\koding\sneat\system\CodeIgniter.php(399): CodeIgniter\CodeIgniter->runController(Object(App\Controllers\Pendidik))
#5 E:\APLIKASI\koding\sneat\system\CodeIgniter.php(317): CodeIgniter\CodeIgniter->handleRequest(NULL, Object(Config\Cache), false)
#6 E:\APLIKASI\koding\sneat\public\index.php(37): CodeIgniter\CodeIgniter->run()
#7 E:\APLIKASI\koding\sneat\system\Commands\Server\rewrite.php(43): require_once('E:\\APLIKASI\\kod...')
#8 {main}
CRITICAL - 2024-10-12 21:01:32 --> Trying to access array offset on value of type null
#0 E:\APLIKASI\koding\sneat\app\Controllers\Siswa.php(980): CodeIgniter\Debug\Exceptions->errorHandler(8, 'Trying to acces...', 'E:\\APLIKASI\\kod...', 980, Array)
#1 E:\APLIKASI\koding\sneat\system\CodeIgniter.php(802): App\Controllers\Siswa->nilai()
#2 E:\APLIKASI\koding\sneat\system\CodeIgniter.php(399): CodeIgniter\CodeIgniter->runController(Object(App\Controllers\Siswa))
#3 E:\APLIKASI\koding\sneat\system\CodeIgniter.php(317): CodeIgniter\CodeIgniter->handleRequest(NULL, Object(Config\Cache), false)
#4 E:\APLIKASI\koding\sneat\public\index.php(37): CodeIgniter\CodeIgniter->run()
#5 E:\APLIKASI\koding\sneat\system\Commands\Server\rewrite.php(43): require_once('E:\\APLIKASI\\kod...')
#6 {main}
CRITICAL - 2024-10-12 21:02:13 --> Trying to access array offset on value of type null
#0 E:\APLIKASI\koding\sneat\app\Controllers\Siswa.php(980): CodeIgniter\Debug\Exceptions->errorHandler(8, 'Trying to acces...', 'E:\\APLIKASI\\kod...', 980, Array)
#1 E:\APLIKASI\koding\sneat\system\CodeIgniter.php(802): App\Controllers\Siswa->nilai()
#2 E:\APLIKASI\koding\sneat\system\CodeIgniter.php(399): CodeIgniter\CodeIgniter->runController(Object(App\Controllers\Siswa))
#3 E:\APLIKASI\koding\sneat\system\CodeIgniter.php(317): CodeIgniter\CodeIgniter->handleRequest(NULL, Object(Config\Cache), false)
#4 E:\APLIKASI\koding\sneat\public\index.php(37): CodeIgniter\CodeIgniter->run()
#5 E:\APLIKASI\koding\sneat\system\Commands\Server\rewrite.php(43): require_once('E:\\APLIKASI\\kod...')
#6 {main}
CRITICAL - 2024-10-12 21:18:28 --> Trying to access array offset on value of type null
#0 E:\APLIKASI\koding\sneat\app\Controllers\Siswa.php(980): CodeIgniter\Debug\Exceptions->errorHandler(8, 'Trying to acces...', 'E:\\APLIKASI\\kod...', 980, Array)
#1 E:\APLIKASI\koding\sneat\system\CodeIgniter.php(802): App\Controllers\Siswa->nilai()
#2 E:\APLIKASI\koding\sneat\system\CodeIgniter.php(399): CodeIgniter\CodeIgniter->runController(Object(App\Controllers\Siswa))
#3 E:\APLIKASI\koding\sneat\system\CodeIgniter.php(317): CodeIgniter\CodeIgniter->handleRequest(NULL, Object(Config\Cache), false)
#4 E:\APLIKASI\koding\sneat\public\index.php(37): CodeIgniter\CodeIgniter->run()
#5 E:\APLIKASI\koding\sneat\system\Commands\Server\rewrite.php(43): require_once('E:\\APLIKASI\\kod...')
#6 {main}
CRITICAL - 2024-10-12 21:29:45 --> Trying to access array offset on value of type null
#0 E:\APLIKASI\koding\sneat\app\Controllers\Siswa.php(980): CodeIgniter\Debug\Exceptions->errorHandler(8, 'Trying to acces...', 'E:\\APLIKASI\\kod...', 980, Array)
#1 E:\APLIKASI\koding\sneat\system\CodeIgniter.php(802): App\Controllers\Siswa->nilai()
#2 E:\APLIKASI\koding\sneat\system\CodeIgniter.php(399): CodeIgniter\CodeIgniter->runController(Object(App\Controllers\Siswa))
#3 E:\APLIKASI\koding\sneat\system\CodeIgniter.php(317): CodeIgniter\CodeIgniter->handleRequest(NULL, Object(Config\Cache), false)
#4 E:\APLIKASI\koding\sneat\public\index.php(37): CodeIgniter\CodeIgniter->run()
#5 E:\APLIKASI\koding\sneat\system\Commands\Server\rewrite.php(43): require_once('E:\\APLIKASI\\kod...')
#6 {main}
CRITICAL - 2024-10-12 21:36:09 --> Call to undefined function form_open_multipart()
#0 E:\APLIKASI\koding\sneat\system\View\View.php(214): include()
#1 E:\APLIKASI\koding\sneat\system\View\View.php(217): CodeIgniter\View\View->CodeIgniter\View\{closure}()
#2 E:\APLIKASI\koding\sneat\system\Common.php(1092): CodeIgniter\View\View->render('guru/nilai/nila...', Array, true)
#3 E:\APLIKASI\koding\sneat\app\Controllers\Pendidik.php(126): view('guru/nilai/nila...', Array)
#4 E:\APLIKASI\koding\sneat\system\CodeIgniter.php(802): App\Controllers\Pendidik->nilai()
#5 E:\APLIKASI\koding\sneat\system\CodeIgniter.php(399): CodeIgniter\CodeIgniter->runController(Object(App\Controllers\Pendidik))
#6 E:\APLIKASI\koding\sneat\system\CodeIgniter.php(317): CodeIgniter\CodeIgniter->handleRequest(NULL, Object(Config\Cache), false)
#7 E:\APLIKASI\koding\sneat\public\index.php(37): CodeIgniter\CodeIgniter->run()
#8 E:\APLIKASI\koding\sneat\system\Commands\Server\rewrite.php(43): require_once('E:\\APLIKASI\\kod...')
#9 {main}
CRITICAL - 2024-10-12 21:53:56 --> Call to undefined function form_open_multipart()
#0 E:\APLIKASI\koding\sneat\system\View\View.php(214): include()
#1 E:\APLIKASI\koding\sneat\system\View\View.php(217): CodeIgniter\View\View->CodeIgniter\View\{closure}()
#2 E:\APLIKASI\koding\sneat\system\Common.php(1092): CodeIgniter\View\View->render('guru/nilai/nila...', Array, true)
#3 E:\APLIKASI\koding\sneat\app\Controllers\Pendidik.php(126): view('guru/nilai/nila...', Array)
#4 E:\APLIKASI\koding\sneat\system\CodeIgniter.php(802): App\Controllers\Pendidik->nilai()
#5 E:\APLIKASI\koding\sneat\system\CodeIgniter.php(399): CodeIgniter\CodeIgniter->runController(Object(App\Controllers\Pendidik))
#6 E:\APLIKASI\koding\sneat\system\CodeIgniter.php(317): CodeIgniter\CodeIgniter->handleRequest(NULL, Object(Config\Cache), false)
#7 E:\APLIKASI\koding\sneat\public\index.php(37): CodeIgniter\CodeIgniter->run()
#8 E:\APLIKASI\koding\sneat\system\Commands\Server\rewrite.php(43): require_once('E:\\APLIKASI\\kod...')
#9 {main}
CRITICAL - 2024-10-12 21:54:28 --> syntax error, unexpected '(', expecting identifier (T_STRING) or variable (T_VARIABLE) or '{' or '$'
#0 E:\APLIKASI\koding\sneat\system\Router\Router.php(160): CodeIgniter\Router\Router->autoRoute('pendidik/nilai')
#1 E:\APLIKASI\koding\sneat\system\CodeIgniter.php(702): CodeIgniter\Router\Router->handle('pendidik/nilai')
#2 E:\APLIKASI\koding\sneat\system\CodeIgniter.php(358): CodeIgniter\CodeIgniter->tryToRouteIt(Object(CodeIgniter\Router\RouteCollection))
#3 E:\APLIKASI\koding\sneat\system\CodeIgniter.php(317): CodeIgniter\CodeIgniter->handleRequest(NULL, Object(Config\Cache), false)
#4 E:\APLIKASI\koding\sneat\public\index.php(37): CodeIgniter\CodeIgniter->run()
#5 E:\APLIKASI\koding\sneat\system\Commands\Server\rewrite.php(43): require_once('E:\\APLIKASI\\kod...')
#6 {main}
CRITICAL - 2024-10-12 21:55:10 --> Undefined variable: nilai
#0 E:\APLIKASI\koding\sneat\app\Views\guru\nilai\nilai.php(76): CodeIgniter\Debug\Exceptions->errorHandler(8, 'Undefined varia...', 'E:\\APLIKASI\\kod...', 76, Array)
#1 E:\APLIKASI\koding\sneat\system\View\View.php(214): include('E:\\APLIKASI\\kod...')
#2 E:\APLIKASI\koding\sneat\system\View\View.php(217): CodeIgniter\View\View->CodeIgniter\View\{closure}()
#3 E:\APLIKASI\koding\sneat\system\Common.php(1092): CodeIgniter\View\View->render('guru/nilai/nila...', Array, true)
#4 E:\APLIKASI\koding\sneat\app\Controllers\Pendidik.php(127): view('guru/nilai/nila...', Array)
#5 E:\APLIKASI\koding\sneat\system\CodeIgniter.php(802): App\Controllers\Pendidik->nilai()
#6 E:\APLIKASI\koding\sneat\system\CodeIgniter.php(399): CodeIgniter\CodeIgniter->runController(Object(App\Controllers\Pendidik))
#7 E:\APLIKASI\koding\sneat\system\CodeIgniter.php(317): CodeIgniter\CodeIgniter->handleRequest(NULL, Object(Config\Cache), false)
#8 E:\APLIKASI\koding\sneat\public\index.php(37): CodeIgniter\CodeIgniter->run()
#9 E:\APLIKASI\koding\sneat\system\Commands\Server\rewrite.php(43): require_once('E:\\APLIKASI\\kod...')
#10 {main}
CRITICAL - 2024-10-12 21:56:03 --> Undefined variable: nilai
#0 E:\APLIKASI\koding\sneat\app\Views\guru\nilai\nilai.php(76): CodeIgniter\Debug\Exceptions->errorHandler(8, 'Undefined varia...', 'E:\\APLIKASI\\kod...', 76, Array)
#1 E:\APLIKASI\koding\sneat\system\View\View.php(214): include('E:\\APLIKASI\\kod...')
#2 E:\APLIKASI\koding\sneat\system\View\View.php(217): CodeIgniter\View\View->CodeIgniter\View\{closure}()
#3 E:\APLIKASI\koding\sneat\system\Common.php(1092): CodeIgniter\View\View->render('guru/nilai/nila...', Array, true)
#4 E:\APLIKASI\koding\sneat\app\Controllers\Pendidik.php(127): view('guru/nilai/nila...', Array)
#5 E:\APLIKASI\koding\sneat\system\CodeIgniter.php(802): App\Controllers\Pendidik->nilai()
#6 E:\APLIKASI\koding\sneat\system\CodeIgniter.php(399): CodeIgniter\CodeIgniter->runController(Object(App\Controllers\Pendidik))
#7 E:\APLIKASI\koding\sneat\system\CodeIgniter.php(317): CodeIgniter\CodeIgniter->handleRequest(NULL, Object(Config\Cache), false)
#8 E:\APLIKASI\koding\sneat\public\index.php(37): CodeIgniter\CodeIgniter->run()
#9 E:\APLIKASI\koding\sneat\system\Commands\Server\rewrite.php(43): require_once('E:\\APLIKASI\\kod...')
#10 {main}
CRITICAL - 2024-10-12 21:56:06 --> Undefined variable: nilai
#0 E:\APLIKASI\koding\sneat\app\Views\guru\nilai\nilai.php(76): CodeIgniter\Debug\Exceptions->errorHandler(8, 'Undefined varia...', 'E:\\APLIKASI\\kod...', 76, Array)
#1 E:\APLIKASI\koding\sneat\system\View\View.php(214): include('E:\\APLIKASI\\kod...')
#2 E:\APLIKASI\koding\sneat\system\View\View.php(217): CodeIgniter\View\View->CodeIgniter\View\{closure}()
#3 E:\APLIKASI\koding\sneat\system\Common.php(1092): CodeIgniter\View\View->render('guru/nilai/nila...', Array, true)
#4 E:\APLIKASI\koding\sneat\app\Controllers\Pendidik.php(127): view('guru/nilai/nila...', Array)
#5 E:\APLIKASI\koding\sneat\system\CodeIgniter.php(802): App\Controllers\Pendidik->nilai()
#6 E:\APLIKASI\koding\sneat\system\CodeIgniter.php(399): CodeIgniter\CodeIgniter->runController(Object(App\Controllers\Pendidik))
#7 E:\APLIKASI\koding\sneat\system\CodeIgniter.php(317): CodeIgniter\CodeIgniter->handleRequest(NULL, Object(Config\Cache), false)
#8 E:\APLIKASI\koding\sneat\public\index.php(37): CodeIgniter\CodeIgniter->run()
#9 E:\APLIKASI\koding\sneat\system\Commands\Server\rewrite.php(43): require_once('E:\\APLIKASI\\kod...')
#10 {main}
CRITICAL - 2024-10-12 21:56:28 --> Too few arguments to function App\Models\ModelPendidik::nilaikelas(), 0 passed in E:\APLIKASI\koding\sneat\app\Controllers\Pendidik.php on line 125 and exactly 1 expected
#0 E:\APLIKASI\koding\sneat\app\Controllers\Pendidik.php(125): App\Models\ModelPendidik->nilaikelas()
#1 E:\APLIKASI\koding\sneat\system\CodeIgniter.php(802): App\Controllers\Pendidik->nilai()
#2 E:\APLIKASI\koding\sneat\system\CodeIgniter.php(399): CodeIgniter\CodeIgniter->runController(Object(App\Controllers\Pendidik))
#3 E:\APLIKASI\koding\sneat\system\CodeIgniter.php(317): CodeIgniter\CodeIgniter->handleRequest(NULL, Object(Config\Cache), false)
#4 E:\APLIKASI\koding\sneat\public\index.php(37): CodeIgniter\CodeIgniter->run()
#5 E:\APLIKASI\koding\sneat\system\Commands\Server\rewrite.php(43): require_once('E:\\APLIKASI\\kod...')
#6 {main}
CRITICAL - 2024-10-12 21:57:01 --> Undefined variable: nilai
#0 E:\APLIKASI\koding\sneat\app\Views\guru\nilai\nilai.php(76): CodeIgniter\Debug\Exceptions->errorHandler(8, 'Undefined varia...', 'E:\\APLIKASI\\kod...', 76, Array)
#1 E:\APLIKASI\koding\sneat\system\View\View.php(214): include('E:\\APLIKASI\\kod...')
#2 E:\APLIKASI\koding\sneat\system\View\View.php(217): CodeIgniter\View\View->CodeIgniter\View\{closure}()
#3 E:\APLIKASI\koding\sneat\system\Common.php(1092): CodeIgniter\View\View->render('guru/nilai/nila...', Array, true)
#4 E:\APLIKASI\koding\sneat\app\Controllers\Pendidik.php(127): view('guru/nilai/nila...', Array)
#5 E:\APLIKASI\koding\sneat\system\CodeIgniter.php(802): App\Controllers\Pendidik->nilai()
#6 E:\APLIKASI\koding\sneat\system\CodeIgniter.php(399): CodeIgniter\CodeIgniter->runController(Object(App\Controllers\Pendidik))
#7 E:\APLIKASI\koding\sneat\system\CodeIgniter.php(317): CodeIgniter\CodeIgniter->handleRequest(NULL, Object(Config\Cache), false)
#8 E:\APLIKASI\koding\sneat\public\index.php(37): CodeIgniter\CodeIgniter->run()
#9 E:\APLIKASI\koding\sneat\system\Commands\Server\rewrite.php(43): require_once('E:\\APLIKASI\\kod...')
#10 {main}
CRITICAL - 2024-10-12 22:00:20 --> Too few arguments to function App\Controllers\Nilai::printrapot(), 0 passed in E:\APLIKASI\koding\sneat\system\CodeIgniter.php on line 802 and exactly 1 expected
#0 E:\APLIKASI\koding\sneat\system\CodeIgniter.php(802): App\Controllers\Nilai->printrapot()
#1 E:\APLIKASI\koding\sneat\system\CodeIgniter.php(399): CodeIgniter\CodeIgniter->runController(Object(App\Controllers\Nilai))
#2 E:\APLIKASI\koding\sneat\system\CodeIgniter.php(317): CodeIgniter\CodeIgniter->handleRequest(NULL, Object(Config\Cache), false)
#3 E:\APLIKASI\koding\sneat\public\index.php(37): CodeIgniter\CodeIgniter->run()
#4 E:\APLIKASI\koding\sneat\system\Commands\Server\rewrite.php(43): require_once('E:\\APLIKASI\\kod...')
#5 {main}
CRITICAL - 2024-10-12 22:07:25 --> Undefined variable: ta
#0 E:\APLIKASI\koding\sneat\app\Views\admin\nilai\uts.php(8): CodeIgniter\Debug\Exceptions->errorHandler(8, 'Undefined varia...', 'E:\\APLIKASI\\kod...', 8, Array)
#1 E:\APLIKASI\koding\sneat\system\View\View.php(214): include('E:\\APLIKASI\\kod...')
#2 E:\APLIKASI\koding\sneat\system\View\View.php(217): CodeIgniter\View\View->CodeIgniter\View\{closure}()
#3 E:\APLIKASI\koding\sneat\system\Common.php(1092): CodeIgniter\View\View->render('admin/nilai/uts', Array, true)
#4 E:\APLIKASI\koding\sneat\app\Controllers\Nilai.php(38): view('admin/nilai/uts', Array)
#5 E:\APLIKASI\koding\sneat\system\CodeIgniter.php(802): App\Controllers\Nilai->index()
#6 E:\APLIKASI\koding\sneat\system\CodeIgniter.php(399): CodeIgniter\CodeIgniter->runController(Object(App\Controllers\Nilai))
#7 E:\APLIKASI\koding\sneat\system\CodeIgniter.php(317): CodeIgniter\CodeIgniter->handleRequest(NULL, Object(Config\Cache), false)
#8 E:\APLIKASI\koding\sneat\public\index.php(37): CodeIgniter\CodeIgniter->run()
#9 E:\APLIKASI\koding\sneat\system\Commands\Server\rewrite.php(43): require_once('E:\\APLIKASI\\kod...')
#10 {main}
