ERROR - 2025-05-02 09:26:02 --> Error connecting to the database: No connection could be made because the target machine actively refused it.

CRITICAL - 2025-05-02 09:26:02 --> Unable to connect to the database.
Main connection [MySQLi]: No connection could be made because the target machine actively refused it.

#0 E:\APLIKASI\koding\sabaraja\system\Database\BaseConnection.php(570): CodeIgniter\Database\BaseConnection->initialize()
#1 E:\APLIKASI\koding\sabaraja\system\Database\BaseBuilder.php(1428): CodeIgniter\Database\BaseConnection->query('SELECT *\nFROM `...', Array, false)
#2 E:\APLIKASI\koding\sabaraja\app\Models\ModelAuth.php(44): CodeIgniter\Database\BaseBuilder->get()
#3 E:\APLIKASI\koding\sabaraja\app\Controllers\Auth.php(109): App\Models\ModelAuth->loginguru('1234567890', 'Kamil123')
#4 E:\APLIKASI\koding\sabaraja\system\CodeIgniter.php(802): App\Controllers\Auth->cekloginguru()
#5 E:\APLIKASI\koding\sabaraja\system\CodeIgniter.php(399): CodeIgniter\CodeIgniter->runController(Object(App\Controllers\Auth))
#6 E:\APLIKASI\koding\sabaraja\system\CodeIgniter.php(317): CodeIgniter\CodeIgniter->handleRequest(NULL, Object(Config\Cache), false)
#7 E:\APLIKASI\koding\sabaraja\public\index.php(37): CodeIgniter\CodeIgniter->run()
#8 E:\APLIKASI\koding\sabaraja\system\Commands\Server\rewrite.php(43): require_once('E:\\APLIKASI\\kod...')
#9 {main}
ERROR - 2025-05-02 10:57:56 --> Unknown column 'tbl_database.id_kelas' in 'on clause'
CRITICAL - 2025-05-02 10:57:56 --> Unknown column 'tbl_database.id_kelas' in 'on clause'
#0 E:\APLIKASI\koding\sabaraja\system\Database\MySQLi\Connection.php(280): mysqli->query('SELECT *\nFROM `...')
#1 E:\APLIKASI\koding\sabaraja\system\Database\BaseConnection.php(663): CodeIgniter\Database\MySQLi\Connection->execute('SELECT *\nFROM `...')
#2 E:\APLIKASI\koding\sabaraja\system\Database\BaseConnection.php(591): CodeIgniter\Database\BaseConnection->simpleQuery('SELECT *\nFROM `...')
#3 E:\APLIKASI\koding\sabaraja\system\Database\BaseBuilder.php(1428): CodeIgniter\Database\BaseConnection->query('SELECT *\nFROM `...', Array, false)
#4 E:\APLIKASI\koding\sabaraja\app\Models\ModelPendidik.php(108): CodeIgniter\Database\BaseBuilder->get()
#5 E:\APLIKASI\koding\sabaraja\app\Controllers\Pendidik.php(357): App\Models\ModelPendidik->nilaikelas('10')
#6 E:\APLIKASI\koding\sabaraja\system\CodeIgniter.php(802): App\Controllers\Pendidik->nilai()
#7 E:\APLIKASI\koding\sabaraja\system\CodeIgniter.php(399): CodeIgniter\CodeIgniter->runController(Object(App\Controllers\Pendidik))
#8 E:\APLIKASI\koding\sabaraja\system\CodeIgniter.php(317): CodeIgniter\CodeIgniter->handleRequest(NULL, Object(Config\Cache), false)
#9 E:\APLIKASI\koding\sabaraja\public\index.php(37): CodeIgniter\CodeIgniter->run()
#10 E:\APLIKASI\koding\sabaraja\system\Commands\Server\rewrite.php(43): require_once('E:\\APLIKASI\\kod...')
#11 {main}
CRITICAL - 2025-05-02 11:04:07 --> Undefined variable: siswa
#0 E:\APLIKASI\koding\sabaraja\app\Views\guru\edit_guru.php(29): CodeIgniter\Debug\Exceptions->errorHandler(8, 'Undefined varia...', 'E:\\APLIKASI\\kod...', 29, Array)
#1 E:\APLIKASI\koding\sabaraja\system\View\View.php(214): include('E:\\APLIKASI\\kod...')
#2 E:\APLIKASI\koding\sabaraja\system\View\View.php(217): CodeIgniter\View\View->CodeIgniter\View\{closure}()
#3 E:\APLIKASI\koding\sabaraja\system\Common.php(1092): CodeIgniter\View\View->render('guru/edit_guru', Array, true)
#4 E:\APLIKASI\koding\sabaraja\app\Controllers\Pendidik.php(57): view('guru/edit_guru', Array)
#5 E:\APLIKASI\koding\sabaraja\system\CodeIgniter.php(802): App\Controllers\Pendidik->profile()
#6 E:\APLIKASI\koding\sabaraja\system\CodeIgniter.php(399): CodeIgniter\CodeIgniter->runController(Object(App\Controllers\Pendidik))
#7 E:\APLIKASI\koding\sabaraja\system\CodeIgniter.php(317): CodeIgniter\CodeIgniter->handleRequest(NULL, Object(Config\Cache), false)
#8 E:\APLIKASI\koding\sabaraja\public\index.php(37): CodeIgniter\CodeIgniter->run()
#9 E:\APLIKASI\koding\sabaraja\system\Commands\Server\rewrite.php(43): require_once('E:\\APLIKASI\\kod...')
#10 {main}
