CRITICAL - 2024-10-08 20:18:32 --> Call to undefined function nomorhp()
#0 E:\APLIKASI\koding\sneat\system\View\View.php(214): include()
#1 E:\APLIKASI\koding\sneat\system\View\View.php(217): CodeIgniter\View\View->CodeIgniter\View\{closure}()
#2 E:\APLIKASI\koding\sneat\system\Common.php(1092): CodeIgniter\View\View->render('admin/peserta/v...', Array, true)
#3 E:\APLIKASI\koding\sneat\app\Controllers\Peserta.php(160): view('admin/peserta/v...', Array)
#4 E:\APLIKASI\koding\sneat\system\CodeIgniter.php(802): App\Controllers\Peserta->detail_siswa('0106980279')
#5 E:\APLIKASI\koding\sneat\system\CodeIgniter.php(399): CodeIgniter\CodeIgniter->runController(Object(App\Controllers\Peserta))
#6 E:\APLIKASI\koding\sneat\system\CodeIgniter.php(317): CodeIgniter\CodeIgniter->handleRequest(NULL, Object(Config\Cache), false)
#7 E:\APLIKASI\koding\sneat\public\index.php(37): CodeIgniter\CodeIgniter->run()
#8 E:\APLIKASI\koding\sneat\system\Commands\Server\rewrite.php(43): require_once('E:\\APLIKASI\\kod...')
#9 {main}
CRITICAL - 2024-10-08 20:24:42 --> Undefined offset: -1
#0 E:\APLIKASI\koding\sneat\app\Helpers\formatindo_helper.php(15): CodeIgniter\Debug\Exceptions->errorHandler(8, 'Undefined offse...', 'E:\\APLIKASI\\kod...', 15, Array)
#1 E:\APLIKASI\koding\sneat\app\Views\siswa\portofolio.php(77): formatindo('0000-00-00')
#2 E:\APLIKASI\koding\sneat\system\View\View.php(214): include('E:\\APLIKASI\\kod...')
#3 E:\APLIKASI\koding\sneat\system\View\View.php(217): CodeIgniter\View\View->CodeIgniter\View\{closure}()
#4 E:\APLIKASI\koding\sneat\system\Common.php(1092): CodeIgniter\View\View->render('siswa/portofoli...', Array, true)
#5 E:\APLIKASI\koding\sneat\app\Controllers\Siswa.php(69): view('siswa/portofoli...', Array)
#6 E:\APLIKASI\koding\sneat\system\CodeIgniter.php(802): App\Controllers\Siswa->portofolio()
#7 E:\APLIKASI\koding\sneat\system\CodeIgniter.php(399): CodeIgniter\CodeIgniter->runController(Object(App\Controllers\Siswa))
#8 E:\APLIKASI\koding\sneat\system\CodeIgniter.php(317): CodeIgniter\CodeIgniter->handleRequest(NULL, Object(Config\Cache), false)
#9 E:\APLIKASI\koding\sneat\public\index.php(37): CodeIgniter\CodeIgniter->run()
#10 E:\APLIKASI\koding\sneat\system\Commands\Server\rewrite.php(43): require_once('E:\\APLIKASI\\kod...')
#11 {main}
CRITICAL - 2024-10-08 20:34:38 --> Trying to access array offset on value of type null
#0 E:\APLIKASI\koding\sneat\app\Views\admin\peserta\v_detail_siswa.php(29): CodeIgniter\Debug\Exceptions->errorHandler(8, 'Trying to acces...', 'E:\\APLIKASI\\kod...', 29, Array)
#1 E:\APLIKASI\koding\sneat\system\View\View.php(214): include('E:\\APLIKASI\\kod...')
#2 E:\APLIKASI\koding\sneat\system\View\View.php(217): CodeIgniter\View\View->CodeIgniter\View\{closure}()
#3 E:\APLIKASI\koding\sneat\system\Common.php(1092): CodeIgniter\View\View->render('admin/peserta/v...', Array, true)
#4 E:\APLIKASI\koding\sneat\app\Controllers\Peserta.php(160): view('admin/peserta/v...', Array)
#5 E:\APLIKASI\koding\sneat\system\CodeIgniter.php(802): App\Controllers\Peserta->detail_siswa('687')
#6 E:\APLIKASI\koding\sneat\system\CodeIgniter.php(399): CodeIgniter\CodeIgniter->runController(Object(App\Controllers\Peserta))
#7 E:\APLIKASI\koding\sneat\system\CodeIgniter.php(317): CodeIgniter\CodeIgniter->handleRequest(NULL, Object(Config\Cache), false)
#8 E:\APLIKASI\koding\sneat\public\index.php(37): CodeIgniter\CodeIgniter->run()
#9 E:\APLIKASI\koding\sneat\system\Commands\Server\rewrite.php(43): require_once('E:\\APLIKASI\\kod...')
#10 {main}
CRITICAL - 2024-10-08 20:34:52 --> Trying to access array offset on value of type null
#0 E:\APLIKASI\koding\sneat\app\Views\admin\peserta\v_detail_siswa.php(29): CodeIgniter\Debug\Exceptions->errorHandler(8, 'Trying to acces...', 'E:\\APLIKASI\\kod...', 29, Array)
#1 E:\APLIKASI\koding\sneat\system\View\View.php(214): include('E:\\APLIKASI\\kod...')
#2 E:\APLIKASI\koding\sneat\system\View\View.php(217): CodeIgniter\View\View->CodeIgniter\View\{closure}()
#3 E:\APLIKASI\koding\sneat\system\Common.php(1092): CodeIgniter\View\View->render('admin/peserta/v...', Array, true)
#4 E:\APLIKASI\koding\sneat\app\Controllers\Peserta.php(160): view('admin/peserta/v...', Array)
#5 E:\APLIKASI\koding\sneat\system\CodeIgniter.php(802): App\Controllers\Peserta->detail_siswa('687')
#6 E:\APLIKASI\koding\sneat\system\CodeIgniter.php(399): CodeIgniter\CodeIgniter->runController(Object(App\Controllers\Peserta))
#7 E:\APLIKASI\koding\sneat\system\CodeIgniter.php(317): CodeIgniter\CodeIgniter->handleRequest(NULL, Object(Config\Cache), false)
#8 E:\APLIKASI\koding\sneat\public\index.php(37): CodeIgniter\CodeIgniter->run()
#9 E:\APLIKASI\koding\sneat\system\Commands\Server\rewrite.php(43): require_once('E:\\APLIKASI\\kod...')
#10 {main}
CRITICAL - 2024-10-08 21:44:10 --> syntax error, unexpected '<', expecting end of file
#0 E:\APLIKASI\koding\sneat\system\View\View.php(217): CodeIgniter\View\View->CodeIgniter\View\{closure}()
#1 E:\APLIKASI\koding\sneat\system\Common.php(1092): CodeIgniter\View\View->render('siswa/v_profile', Array, true)
#2 E:\APLIKASI\koding\sneat\app\Controllers\Siswa.php(93): view('siswa/v_profile', Array)
#3 E:\APLIKASI\koding\sneat\system\CodeIgniter.php(802): App\Controllers\Siswa->profile()
#4 E:\APLIKASI\koding\sneat\system\CodeIgniter.php(399): CodeIgniter\CodeIgniter->runController(Object(App\Controllers\Siswa))
#5 E:\APLIKASI\koding\sneat\system\CodeIgniter.php(317): CodeIgniter\CodeIgniter->handleRequest(NULL, Object(Config\Cache), false)
#6 E:\APLIKASI\koding\sneat\public\index.php(37): CodeIgniter\CodeIgniter->run()
#7 E:\APLIKASI\koding\sneat\system\Commands\Server\rewrite.php(43): require_once('E:\\APLIKASI\\kod...')
#8 {main}
CRITICAL - 2024-10-08 22:22:16 --> Undefined index: provinsi
#0 E:\APLIKASI\koding\sneat\app\Views\siswa\v_profile.php(124): CodeIgniter\Debug\Exceptions->errorHandler(8, 'Undefined index...', 'E:\\APLIKASI\\kod...', 124, Array)
#1 E:\APLIKASI\koding\sneat\system\View\View.php(214): include('E:\\APLIKASI\\kod...')
#2 E:\APLIKASI\koding\sneat\system\View\View.php(217): CodeIgniter\View\View->CodeIgniter\View\{closure}()
#3 E:\APLIKASI\koding\sneat\system\Common.php(1092): CodeIgniter\View\View->render('siswa/v_profile', Array, true)
#4 E:\APLIKASI\koding\sneat\app\Controllers\Siswa.php(93): view('siswa/v_profile', Array)
#5 E:\APLIKASI\koding\sneat\system\CodeIgniter.php(802): App\Controllers\Siswa->profile()
#6 E:\APLIKASI\koding\sneat\system\CodeIgniter.php(399): CodeIgniter\CodeIgniter->runController(Object(App\Controllers\Siswa))
#7 E:\APLIKASI\koding\sneat\system\CodeIgniter.php(317): CodeIgniter\CodeIgniter->handleRequest(NULL, Object(Config\Cache), false)
#8 E:\APLIKASI\koding\sneat\public\index.php(37): CodeIgniter\CodeIgniter->run()
#9 E:\APLIKASI\koding\sneat\system\Commands\Server\rewrite.php(43): require_once('E:\\APLIKASI\\kod...')
#10 {main}
CRITICAL - 2024-10-08 22:50:21 --> Too few arguments to function App\Controllers\Siswa::dataKabupaten(), 0 passed in E:\APLIKASI\koding\sneat\system\CodeIgniter.php on line 802 and exactly 1 expected
#0 E:\APLIKASI\koding\sneat\system\CodeIgniter.php(802): App\Controllers\Siswa->dataKabupaten()
#1 E:\APLIKASI\koding\sneat\system\CodeIgniter.php(399): CodeIgniter\CodeIgniter->runController(Object(App\Controllers\Siswa))
#2 E:\APLIKASI\koding\sneat\system\CodeIgniter.php(317): CodeIgniter\CodeIgniter->handleRequest(NULL, Object(Config\Cache), false)
#3 E:\APLIKASI\koding\sneat\public\index.php(37): CodeIgniter\CodeIgniter->run()
#4 E:\APLIKASI\koding\sneat\system\Commands\Server\rewrite.php(43): require_once('E:\\APLIKASI\\kod...')
#5 {main}
CRITICAL - 2024-10-08 22:56:40 --> Undefined index: id_kecamatan
#0 E:\APLIKASI\koding\sneat\app\Controllers\Siswa.php(1002): CodeIgniter\Debug\Exceptions->errorHandler(8, 'Undefined index...', 'E:\\APLIKASI\\kod...', 1002, Array)
#1 E:\APLIKASI\koding\sneat\system\CodeIgniter.php(802): App\Controllers\Siswa->dataKabupaten('11')
#2 E:\APLIKASI\koding\sneat\system\CodeIgniter.php(399): CodeIgniter\CodeIgniter->runController(Object(App\Controllers\Siswa))
#3 E:\APLIKASI\koding\sneat\system\CodeIgniter.php(317): CodeIgniter\CodeIgniter->handleRequest(NULL, Object(Config\Cache), false)
#4 E:\APLIKASI\koding\sneat\public\index.php(37): CodeIgniter\CodeIgniter->run()
#5 E:\APLIKASI\koding\sneat\system\Commands\Server\rewrite.php(43): require_once('E:\\APLIKASI\\kod...')
#6 {main}
