CRITICAL - 2024-10-07 21:17:50 --> Call to undefined function nomorhp()
#0 E:\APLIKASI\koding\sneat\system\View\View.php(214): include()
#1 E:\APLIKASI\koding\sneat\system\View\View.php(217): CodeIgniter\View\View->CodeIgniter\View\{closure}()
#2 E:\APLIKASI\koding\sneat\system\Common.php(1092): CodeIgniter\View\View->render('siswa/v_profile', Array, true)
#3 E:\APLIKASI\koding\sneat\app\Controllers\Siswa.php(93): view('siswa/v_profile', Array)
#4 E:\APLIKASI\koding\sneat\system\CodeIgniter.php(802): App\Controllers\Siswa->profile()
#5 E:\APLIKASI\koding\sneat\system\CodeIgniter.php(399): CodeIgniter\CodeIgniter->runController(Object(App\Controllers\Siswa))
#6 E:\APLIKASI\koding\sneat\system\CodeIgniter.php(317): CodeIgniter\CodeIgniter->handleRequest(NULL, Object(Config\Cache), false)
#7 E:\APLIKASI\koding\sneat\public\index.php(37): CodeIgniter\CodeIgniter->run()
#8 E:\APLIKASI\koding\sneat\system\Commands\Server\rewrite.php(43): require_once('E:\\APLIKASI\\kod...')
#9 {main}
ERROR - 2024-10-07 21:20:29 --> Unknown column 'pai' in 'field list'
CRITICAL - 2024-10-07 21:20:29 --> Unknown column 'pai' in 'field list'
#0 E:\APLIKASI\koding\sneat\system\Database\MySQLi\Connection.php(280): mysqli->query('INSERT INTO `tb...')
#1 E:\APLIKASI\koding\sneat\system\Database\BaseConnection.php(663): CodeIgniter\Database\MySQLi\Connection->execute('INSERT INTO `tb...')
#2 E:\APLIKASI\koding\sneat\system\Database\BaseConnection.php(591): CodeIgniter\Database\BaseConnection->simpleQuery('INSERT INTO `tb...')
#3 E:\APLIKASI\koding\sneat\system\Database\BaseBuilder.php(1733): CodeIgniter\Database\BaseConnection->query('INSERT INTO `tb...', Array, false)
#4 E:\APLIKASI\koding\sneat\app\Controllers\Kelas.php(453): CodeIgniter\Database\BaseBuilder->insert(Array)
#5 E:\APLIKASI\koding\sneat\system\CodeIgniter.php(802): App\Controllers\Kelas->upload('23')
#6 E:\APLIKASI\koding\sneat\system\CodeIgniter.php(399): CodeIgniter\CodeIgniter->runController(Object(App\Controllers\Kelas))
#7 E:\APLIKASI\koding\sneat\system\CodeIgniter.php(317): CodeIgniter\CodeIgniter->handleRequest(NULL, Object(Config\Cache), false)
#8 E:\APLIKASI\koding\sneat\public\index.php(37): CodeIgniter\CodeIgniter->run()
#9 E:\APLIKASI\koding\sneat\system\Commands\Server\rewrite.php(43): require_once('E:\\APLIKASI\\kod...')
#10 {main}
CRITICAL - 2024-10-07 21:28:55 --> syntax error, unexpected 'return' (T_RETURN), expecting function (T_FUNCTION) or const (T_CONST)
#0 E:\APLIKASI\koding\sneat\system\Router\Router.php(160): CodeIgniter\Router\Router->autoRoute('kelas/rincian_k...')
#1 E:\APLIKASI\koding\sneat\system\CodeIgniter.php(702): CodeIgniter\Router\Router->handle('kelas/rincian_k...')
#2 E:\APLIKASI\koding\sneat\system\CodeIgniter.php(358): CodeIgniter\CodeIgniter->tryToRouteIt(Object(CodeIgniter\Router\RouteCollection))
#3 E:\APLIKASI\koding\sneat\system\CodeIgniter.php(317): CodeIgniter\CodeIgniter->handleRequest(NULL, Object(Config\Cache), false)
#4 E:\APLIKASI\koding\sneat\public\index.php(37): CodeIgniter\CodeIgniter->run()
#5 E:\APLIKASI\koding\sneat\system\Commands\Server\rewrite.php(43): require_once('E:\\APLIKASI\\kod...')
#6 {main}
ERROR - 2024-10-07 21:29:22 --> Column 'pai' cannot be null
CRITICAL - 2024-10-07 21:29:22 --> Column 'pai' cannot be null
#0 E:\APLIKASI\koding\sneat\system\Database\MySQLi\Connection.php(280): mysqli->query('INSERT INTO `tb...')
#1 E:\APLIKASI\koding\sneat\system\Database\BaseConnection.php(663): CodeIgniter\Database\MySQLi\Connection->execute('INSERT INTO `tb...')
#2 E:\APLIKASI\koding\sneat\system\Database\BaseConnection.php(591): CodeIgniter\Database\BaseConnection->simpleQuery('INSERT INTO `tb...')
#3 E:\APLIKASI\koding\sneat\system\Database\BaseBuilder.php(1733): CodeIgniter\Database\BaseConnection->query('INSERT INTO `tb...', Array, false)
#4 E:\APLIKASI\koding\sneat\app\Controllers\Kelas.php(452): CodeIgniter\Database\BaseBuilder->insert(Array)
#5 E:\APLIKASI\koding\sneat\system\CodeIgniter.php(802): App\Controllers\Kelas->upload('23')
#6 E:\APLIKASI\koding\sneat\system\CodeIgniter.php(399): CodeIgniter\CodeIgniter->runController(Object(App\Controllers\Kelas))
#7 E:\APLIKASI\koding\sneat\system\CodeIgniter.php(317): CodeIgniter\CodeIgniter->handleRequest(NULL, Object(Config\Cache), false)
#8 E:\APLIKASI\koding\sneat\public\index.php(37): CodeIgniter\CodeIgniter->run()
#9 E:\APLIKASI\koding\sneat\system\Commands\Server\rewrite.php(43): require_once('E:\\APLIKASI\\kod...')
#10 {main}
CRITICAL - 2024-10-07 21:32:16 --> Undefined variable: jumlahsukses
#0 E:\APLIKASI\koding\sneat\app\Controllers\Kelas.php(453): CodeIgniter\Debug\Exceptions->errorHandler(8, 'Undefined varia...', 'E:\\APLIKASI\\kod...', 453, Array)
#1 E:\APLIKASI\koding\sneat\system\CodeIgniter.php(802): App\Controllers\Kelas->upload('23')
#2 E:\APLIKASI\koding\sneat\system\CodeIgniter.php(399): CodeIgniter\CodeIgniter->runController(Object(App\Controllers\Kelas))
#3 E:\APLIKASI\koding\sneat\system\CodeIgniter.php(317): CodeIgniter\CodeIgniter->handleRequest(NULL, Object(Config\Cache), false)
#4 E:\APLIKASI\koding\sneat\public\index.php(37): CodeIgniter\CodeIgniter->run()
#5 E:\APLIKASI\koding\sneat\system\Commands\Server\rewrite.php(43): require_once('E:\\APLIKASI\\kod...')
#6 {main}
CRITICAL - 2024-10-07 21:32:31 --> Call to a member function getClientExtension() on null
#0 E:\APLIKASI\koding\sneat\system\CodeIgniter.php(802): App\Controllers\Kelas->upload('23')
#1 E:\APLIKASI\koding\sneat\system\CodeIgniter.php(399): CodeIgniter\CodeIgniter->runController(Object(App\Controllers\Kelas))
#2 E:\APLIKASI\koding\sneat\system\CodeIgniter.php(317): CodeIgniter\CodeIgniter->handleRequest(NULL, Object(Config\Cache), false)
#3 E:\APLIKASI\koding\sneat\public\index.php(37): CodeIgniter\CodeIgniter->run()
#4 E:\APLIKASI\koding\sneat\system\Commands\Server\rewrite.php(43): require_once('E:\\APLIKASI\\kod...')
#5 {main}
CRITICAL - 2024-10-07 21:34:55 --> Call to a member function getClientExtension() on null
#0 E:\APLIKASI\koding\sneat\system\CodeIgniter.php(802): App\Controllers\Kelas->upload('23')
#1 E:\APLIKASI\koding\sneat\system\CodeIgniter.php(399): CodeIgniter\CodeIgniter->runController(Object(App\Controllers\Kelas))
#2 E:\APLIKASI\koding\sneat\system\CodeIgniter.php(317): CodeIgniter\CodeIgniter->handleRequest(NULL, Object(Config\Cache), false)
#3 E:\APLIKASI\koding\sneat\public\index.php(37): CodeIgniter\CodeIgniter->run()
#4 E:\APLIKASI\koding\sneat\system\Commands\Server\rewrite.php(43): require_once('E:\\APLIKASI\\kod...')
#5 {main}
CRITICAL - 2024-10-07 21:35:01 --> Undefined offset: 1
#0 E:\APLIKASI\koding\sneat\app\Controllers\Kelas.php(399): CodeIgniter\Debug\Exceptions->errorHandler(8, 'Undefined offse...', 'E:\\APLIKASI\\kod...', 399, Array)
#1 E:\APLIKASI\koding\sneat\system\CodeIgniter.php(802): App\Controllers\Kelas->upload('23')
#2 E:\APLIKASI\koding\sneat\system\CodeIgniter.php(399): CodeIgniter\CodeIgniter->runController(Object(App\Controllers\Kelas))
#3 E:\APLIKASI\koding\sneat\system\CodeIgniter.php(317): CodeIgniter\CodeIgniter->handleRequest(NULL, Object(Config\Cache), false)
#4 E:\APLIKASI\koding\sneat\public\index.php(37): CodeIgniter\CodeIgniter->run()
#5 E:\APLIKASI\koding\sneat\system\Commands\Server\rewrite.php(43): require_once('E:\\APLIKASI\\kod...')
#6 {main}
CRITICAL - 2024-10-07 21:43:19 --> Undefined index: C
#0 E:\APLIKASI\koding\sneat\app\Controllers\Kelas.php(399): CodeIgniter\Debug\Exceptions->errorHandler(8, 'Undefined index...', 'E:\\APLIKASI\\kod...', 399, Array)
#1 E:\APLIKASI\koding\sneat\system\CodeIgniter.php(802): App\Controllers\Kelas->upload('23')
#2 E:\APLIKASI\koding\sneat\system\CodeIgniter.php(399): CodeIgniter\CodeIgniter->runController(Object(App\Controllers\Kelas))
#3 E:\APLIKASI\koding\sneat\system\CodeIgniter.php(317): CodeIgniter\CodeIgniter->handleRequest(NULL, Object(Config\Cache), false)
#4 E:\APLIKASI\koding\sneat\public\index.php(37): CodeIgniter\CodeIgniter->run()
#5 E:\APLIKASI\koding\sneat\system\Commands\Server\rewrite.php(43): require_once('E:\\APLIKASI\\kod...')
#6 {main}
CRITICAL - 2024-10-07 21:59:35 --> Undefined offset: 8
#0 E:\APLIKASI\koding\sneat\app\Controllers\Kelas.php(407): CodeIgniter\Debug\Exceptions->errorHandler(8, 'Undefined offse...', 'E:\\APLIKASI\\kod...', 407, Array)
#1 E:\APLIKASI\koding\sneat\system\CodeIgniter.php(802): App\Controllers\Kelas->upload('23')
#2 E:\APLIKASI\koding\sneat\system\CodeIgniter.php(399): CodeIgniter\CodeIgniter->runController(Object(App\Controllers\Kelas))
#3 E:\APLIKASI\koding\sneat\system\CodeIgniter.php(317): CodeIgniter\CodeIgniter->handleRequest(NULL, Object(Config\Cache), false)
#4 E:\APLIKASI\koding\sneat\public\index.php(37): CodeIgniter\CodeIgniter->run()
#5 E:\APLIKASI\koding\sneat\system\Commands\Server\rewrite.php(43): require_once('E:\\APLIKASI\\kod...')
#6 {main}
CRITICAL - 2024-10-07 22:30:47 --> Trying to access array offset on value of type null
#0 E:\APLIKASI\koding\sneat\app\Controllers\Siswa.php(90): CodeIgniter\Debug\Exceptions->errorHandler(8, 'Trying to acces...', 'E:\\APLIKASI\\kod...', 90, Array)
#1 E:\APLIKASI\koding\sneat\system\CodeIgniter.php(802): App\Controllers\Siswa->profile()
#2 E:\APLIKASI\koding\sneat\system\CodeIgniter.php(399): CodeIgniter\CodeIgniter->runController(Object(App\Controllers\Siswa))
#3 E:\APLIKASI\koding\sneat\system\CodeIgniter.php(317): CodeIgniter\CodeIgniter->handleRequest(NULL, Object(Config\Cache), false)
#4 E:\APLIKASI\koding\sneat\public\index.php(37): CodeIgniter\CodeIgniter->run()
#5 E:\APLIKASI\koding\sneat\system\Commands\Server\rewrite.php(43): require_once('E:\\APLIKASI\\kod...')
#6 {main}
ERROR - 2024-10-07 23:36:01 --> Error connecting to the database: No connection could be made because the target machine actively refused it.

CRITICAL - 2024-10-07 23:36:01 --> Unable to connect to the database.
Main connection [MySQLi]: No connection could be made because the target machine actively refused it.

#0 E:\APLIKASI\koding\sneat\system\Database\BaseConnection.php(570): CodeIgniter\Database\BaseConnection->initialize()
#1 E:\APLIKASI\koding\sneat\system\Database\BaseBuilder.php(1428): CodeIgniter\Database\BaseConnection->query('SELECT *\nFROM `...', Array, false)
#2 E:\APLIKASI\koding\sneat\app\Models\ModelAuth.php(16): CodeIgniter\Database\BaseBuilder->get()
#3 E:\APLIKASI\koding\sneat\app\Controllers\Auth.php(164): App\Models\ModelAuth->login('admin@gmail.com', 'admin123')
#4 E:\APLIKASI\koding\sneat\system\CodeIgniter.php(802): App\Controllers\Auth->cekloginadmin()
#5 E:\APLIKASI\koding\sneat\system\CodeIgniter.php(399): CodeIgniter\CodeIgniter->runController(Object(App\Controllers\Auth))
#6 E:\APLIKASI\koding\sneat\system\CodeIgniter.php(317): CodeIgniter\CodeIgniter->handleRequest(NULL, Object(Config\Cache), false)
#7 E:\APLIKASI\koding\sneat\public\index.php(37): CodeIgniter\CodeIgniter->run()
#8 E:\APLIKASI\koding\sneat\system\Commands\Server\rewrite.php(43): require_once('E:\\APLIKASI\\kod...')
#9 {main}
CRITICAL - 2024-10-07 23:45:43 --> Undefined index: pkn
#0 E:\APLIKASI\koding\sneat\app\Views\admin\kelas\nilairapot.php(218): CodeIgniter\Debug\Exceptions->errorHandler(8, 'Undefined index...', 'E:\\APLIKASI\\kod...', 218, Array)
#1 E:\APLIKASI\koding\sneat\system\View\View.php(214): include('E:\\APLIKASI\\kod...')
#2 E:\APLIKASI\koding\sneat\system\View\View.php(217): CodeIgniter\View\View->CodeIgniter\View\{closure}()
#3 E:\APLIKASI\koding\sneat\system\Common.php(1092): CodeIgniter\View\View->render('admin/kelas/nil...', Array, true)
#4 E:\APLIKASI\koding\sneat\app\Controllers\Kelas.php(192): view('admin/kelas/nil...', Array)
#5 E:\APLIKASI\koding\sneat\system\CodeIgniter.php(802): App\Controllers\Kelas->nilai('23')
#6 E:\APLIKASI\koding\sneat\system\CodeIgniter.php(399): CodeIgniter\CodeIgniter->runController(Object(App\Controllers\Kelas))
#7 E:\APLIKASI\koding\sneat\system\CodeIgniter.php(317): CodeIgniter\CodeIgniter->handleRequest(NULL, Object(Config\Cache), false)
#8 E:\APLIKASI\koding\sneat\public\index.php(37): CodeIgniter\CodeIgniter->run()
#9 E:\APLIKASI\koding\sneat\system\Commands\Server\rewrite.php(43): require_once('E:\\APLIKASI\\kod...')
#10 {main}
CRITICAL - 2024-10-07 23:45:44 --> Undefined index: pkn
#0 E:\APLIKASI\koding\sneat\app\Views\admin\kelas\nilairapot.php(218): CodeIgniter\Debug\Exceptions->errorHandler(8, 'Undefined index...', 'E:\\APLIKASI\\kod...', 218, Array)
#1 E:\APLIKASI\koding\sneat\system\View\View.php(214): include('E:\\APLIKASI\\kod...')
#2 E:\APLIKASI\koding\sneat\system\View\View.php(217): CodeIgniter\View\View->CodeIgniter\View\{closure}()
#3 E:\APLIKASI\koding\sneat\system\Common.php(1092): CodeIgniter\View\View->render('admin/kelas/nil...', Array, true)
#4 E:\APLIKASI\koding\sneat\app\Controllers\Kelas.php(192): view('admin/kelas/nil...', Array)
#5 E:\APLIKASI\koding\sneat\system\CodeIgniter.php(802): App\Controllers\Kelas->nilai('23')
#6 E:\APLIKASI\koding\sneat\system\CodeIgniter.php(399): CodeIgniter\CodeIgniter->runController(Object(App\Controllers\Kelas))
#7 E:\APLIKASI\koding\sneat\system\CodeIgniter.php(317): CodeIgniter\CodeIgniter->handleRequest(NULL, Object(Config\Cache), false)
#8 E:\APLIKASI\koding\sneat\public\index.php(37): CodeIgniter\CodeIgniter->run()
#9 E:\APLIKASI\koding\sneat\system\Commands\Server\rewrite.php(43): require_once('E:\\APLIKASI\\kod...')
#10 {main}
CRITICAL - 2024-10-07 23:47:01 --> Undefined index: prky
#0 E:\APLIKASI\koding\sneat\app\Views\admin\kelas\nilairapot.php(351): CodeIgniter\Debug\Exceptions->errorHandler(8, 'Undefined index...', 'E:\\APLIKASI\\kod...', 351, Array)
#1 E:\APLIKASI\koding\sneat\system\View\View.php(214): include('E:\\APLIKASI\\kod...')
#2 E:\APLIKASI\koding\sneat\system\View\View.php(217): CodeIgniter\View\View->CodeIgniter\View\{closure}()
#3 E:\APLIKASI\koding\sneat\system\Common.php(1092): CodeIgniter\View\View->render('admin/kelas/nil...', Array, true)
#4 E:\APLIKASI\koding\sneat\app\Controllers\Kelas.php(192): view('admin/kelas/nil...', Array)
#5 E:\APLIKASI\koding\sneat\system\CodeIgniter.php(802): App\Controllers\Kelas->nilai('23')
#6 E:\APLIKASI\koding\sneat\system\CodeIgniter.php(399): CodeIgniter\CodeIgniter->runController(Object(App\Controllers\Kelas))
#7 E:\APLIKASI\koding\sneat\system\CodeIgniter.php(317): CodeIgniter\CodeIgniter->handleRequest(NULL, Object(Config\Cache), false)
#8 E:\APLIKASI\koding\sneat\public\index.php(37): CodeIgniter\CodeIgniter->run()
#9 E:\APLIKASI\koding\sneat\system\Commands\Server\rewrite.php(43): require_once('E:\\APLIKASI\\kod...')
#10 {main}
CRITICAL - 2024-10-07 23:47:35 --> Undefined index: pjok
#0 E:\APLIKASI\koding\sneat\app\Views\admin\kelas\nilairapot.php(370): CodeIgniter\Debug\Exceptions->errorHandler(8, 'Undefined index...', 'E:\\APLIKASI\\kod...', 370, Array)
#1 E:\APLIKASI\koding\sneat\system\View\View.php(214): include('E:\\APLIKASI\\kod...')
#2 E:\APLIKASI\koding\sneat\system\View\View.php(217): CodeIgniter\View\View->CodeIgniter\View\{closure}()
#3 E:\APLIKASI\koding\sneat\system\Common.php(1092): CodeIgniter\View\View->render('admin/kelas/nil...', Array, true)
#4 E:\APLIKASI\koding\sneat\app\Controllers\Kelas.php(192): view('admin/kelas/nil...', Array)
#5 E:\APLIKASI\koding\sneat\system\CodeIgniter.php(802): App\Controllers\Kelas->nilai('23')
#6 E:\APLIKASI\koding\sneat\system\CodeIgniter.php(399): CodeIgniter\CodeIgniter->runController(Object(App\Controllers\Kelas))
#7 E:\APLIKASI\koding\sneat\system\CodeIgniter.php(317): CodeIgniter\CodeIgniter->handleRequest(NULL, Object(Config\Cache), false)
#8 E:\APLIKASI\koding\sneat\public\index.php(37): CodeIgniter\CodeIgniter->run()
#9 E:\APLIKASI\koding\sneat\system\Commands\Server\rewrite.php(43): require_once('E:\\APLIKASI\\kod...')
#10 {main}
CRITICAL - 2024-10-07 23:47:50 --> Undefined index: tik
#0 E:\APLIKASI\koding\sneat\app\Views\admin\kelas\nilairapot.php(392): CodeIgniter\Debug\Exceptions->errorHandler(8, 'Undefined index...', 'E:\\APLIKASI\\kod...', 392, Array)
#1 E:\APLIKASI\koding\sneat\system\View\View.php(214): include('E:\\APLIKASI\\kod...')
#2 E:\APLIKASI\koding\sneat\system\View\View.php(217): CodeIgniter\View\View->CodeIgniter\View\{closure}()
#3 E:\APLIKASI\koding\sneat\system\Common.php(1092): CodeIgniter\View\View->render('admin/kelas/nil...', Array, true)
#4 E:\APLIKASI\koding\sneat\app\Controllers\Kelas.php(192): view('admin/kelas/nil...', Array)
#5 E:\APLIKASI\koding\sneat\system\CodeIgniter.php(802): App\Controllers\Kelas->nilai('23')
#6 E:\APLIKASI\koding\sneat\system\CodeIgniter.php(399): CodeIgniter\CodeIgniter->runController(Object(App\Controllers\Kelas))
#7 E:\APLIKASI\koding\sneat\system\CodeIgniter.php(317): CodeIgniter\CodeIgniter->handleRequest(NULL, Object(Config\Cache), false)
#8 E:\APLIKASI\koding\sneat\public\index.php(37): CodeIgniter\CodeIgniter->run()
#9 E:\APLIKASI\koding\sneat\system\Commands\Server\rewrite.php(43): require_once('E:\\APLIKASI\\kod...')
#10 {main}
CRITICAL - 2024-10-07 23:48:03 --> Undefined index: fiqih
#0 E:\APLIKASI\koding\sneat\app\Views\admin\kelas\nilairapot.php(467): CodeIgniter\Debug\Exceptions->errorHandler(8, 'Undefined index...', 'E:\\APLIKASI\\kod...', 467, Array)
#1 E:\APLIKASI\koding\sneat\system\View\View.php(214): include('E:\\APLIKASI\\kod...')
#2 E:\APLIKASI\koding\sneat\system\View\View.php(217): CodeIgniter\View\View->CodeIgniter\View\{closure}()
#3 E:\APLIKASI\koding\sneat\system\Common.php(1092): CodeIgniter\View\View->render('admin/kelas/nil...', Array, true)
#4 E:\APLIKASI\koding\sneat\app\Controllers\Kelas.php(192): view('admin/kelas/nil...', Array)
#5 E:\APLIKASI\koding\sneat\system\CodeIgniter.php(802): App\Controllers\Kelas->nilai('23')
#6 E:\APLIKASI\koding\sneat\system\CodeIgniter.php(399): CodeIgniter\CodeIgniter->runController(Object(App\Controllers\Kelas))
#7 E:\APLIKASI\koding\sneat\system\CodeIgniter.php(317): CodeIgniter\CodeIgniter->handleRequest(NULL, Object(Config\Cache), false)
#8 E:\APLIKASI\koding\sneat\public\index.php(37): CodeIgniter\CodeIgniter->run()
#9 E:\APLIKASI\koding\sneat\system\Commands\Server\rewrite.php(43): require_once('E:\\APLIKASI\\kod...')
#10 {main}
CRITICAL - 2024-10-07 23:48:27 --> Undefined index: sakit
#0 E:\APLIKASI\koding\sneat\app\Views\admin\kelas\nilairapot.php(568): CodeIgniter\Debug\Exceptions->errorHandler(8, 'Undefined index...', 'E:\\APLIKASI\\kod...', 568, Array)
#1 E:\APLIKASI\koding\sneat\system\View\View.php(214): include('E:\\APLIKASI\\kod...')
#2 E:\APLIKASI\koding\sneat\system\View\View.php(217): CodeIgniter\View\View->CodeIgniter\View\{closure}()
#3 E:\APLIKASI\koding\sneat\system\Common.php(1092): CodeIgniter\View\View->render('admin/kelas/nil...', Array, true)
#4 E:\APLIKASI\koding\sneat\app\Controllers\Kelas.php(192): view('admin/kelas/nil...', Array)
#5 E:\APLIKASI\koding\sneat\system\CodeIgniter.php(802): App\Controllers\Kelas->nilai('23')
#6 E:\APLIKASI\koding\sneat\system\CodeIgniter.php(399): CodeIgniter\CodeIgniter->runController(Object(App\Controllers\Kelas))
#7 E:\APLIKASI\koding\sneat\system\CodeIgniter.php(317): CodeIgniter\CodeIgniter->handleRequest(NULL, Object(Config\Cache), false)
#8 E:\APLIKASI\koding\sneat\public\index.php(37): CodeIgniter\CodeIgniter->run()
#9 E:\APLIKASI\koding\sneat\system\Commands\Server\rewrite.php(43): require_once('E:\\APLIKASI\\kod...')
#10 {main}
