CRITICAL - 2026-01-23 13:49:15 --> Undefined index: nisn
#0 C:\xampp\htdocs\sabaraja\app\Views\admin\kelas\v_rincian_kelas.php(135): CodeIgniter\Debug\Exceptions->errorHandler(8, 'Undefined index...', 'C:\\xampp\\htdocs...', 135, Array)
#1 C:\xampp\htdocs\sabaraja\system\View\View.php(214): include('C:\\xampp\\htdocs...')
#2 C:\xampp\htdocs\sabaraja\system\View\View.php(217): CodeIgniter\View\View->CodeIgniter\View\{closure}()
#3 C:\xampp\htdocs\sabaraja\system\Common.php(1092): CodeIgniter\View\View->render('admin/kelas/v_r...', Array, true)
#4 C:\xampp\htdocs\sabaraja\app\Controllers\Kelas.php(112): view('admin/kelas/v_r...', Array)
#5 C:\xampp\htdocs\sabaraja\system\CodeIgniter.php(802): App\Controllers\Kelas->rincian_kelas('29')
#6 C:\xampp\htdocs\sabaraja\system\CodeIgniter.php(399): CodeIgniter\CodeIgniter->runController(Object(App\Controllers\Kelas))
#7 C:\xampp\htdocs\sabaraja\system\CodeIgniter.php(317): CodeIgniter\CodeIgniter->handleRequest(NULL, Object(Config\Cache), false)
#8 C:\xampp\htdocs\sabaraja\public\index.php(37): CodeIgniter\CodeIgniter->run()
#9 C:\xampp\htdocs\sabaraja\system\Commands\Server\rewrite.php(43): require_once('C:\\xampp\\htdocs...')
#10 {main}
CRITICAL - 2026-01-23 15:04:45 --> Allowed fields must be specified for model: App\Models\ModelPeserta
#0 C:\xampp\htdocs\sabaraja\system\BaseModel.php(1134): CodeIgniter\Database\Exceptions\DataException::forInvalidAllowedFields('App\\Models\\Mode...')
#1 C:\xampp\htdocs\sabaraja\system\BaseModel.php(841): CodeIgniter\BaseModel->doProtectFields(Array)
#2 C:\xampp\htdocs\sabaraja\system\Model.php(646): CodeIgniter\BaseModel->update(Array, Array)
#3 C:\xampp\htdocs\sabaraja\app\Controllers\Peserta.php(953): CodeIgniter\Model->update('1011', Array)
#4 C:\xampp\htdocs\sabaraja\system\CodeIgniter.php(802): App\Controllers\Peserta->uploadDokumen()
#5 C:\xampp\htdocs\sabaraja\system\CodeIgniter.php(399): CodeIgniter\CodeIgniter->runController(Object(App\Controllers\Peserta))
#6 C:\xampp\htdocs\sabaraja\system\CodeIgniter.php(317): CodeIgniter\CodeIgniter->handleRequest(NULL, Object(Config\Cache), false)
#7 C:\xampp\htdocs\sabaraja\public\index.php(37): CodeIgniter\CodeIgniter->run()
#8 C:\xampp\htdocs\sabaraja\system\Commands\Server\rewrite.php(43): require_once('C:\\xampp\\htdocs...')
#9 {main}
