CRITICAL - 2026-01-26 11:34:14 --> Undefined index: nisn
#0 C:\xampp\htdocs\sabaraja\app\Views\admin\kelas\v_rincian_kelas.php(135): CodeIgniter\Debug\Exceptions->errorHandler(8, 'Undefined index...', 'C:\\xampp\\htdocs...', 135, Array)
#1 C:\xampp\htdocs\sabaraja\system\View\View.php(214): include('C:\\xampp\\htdocs...')
#2 C:\xampp\htdocs\sabaraja\system\View\View.php(217): CodeIgniter\View\View->CodeIgniter\View\{closure}()
#3 C:\xampp\htdocs\sabaraja\system\Common.php(1092): CodeIgniter\View\View->render('admin/kelas/v_r...', Array, true)
#4 C:\xampp\htdocs\sabaraja\app\Controllers\Kelas.php(112): view('admin/kelas/v_r...', Array)
#5 C:\xampp\htdocs\sabaraja\system\CodeIgniter.php(802): App\Controllers\Kelas->rincian_kelas('28')
#6 C:\xampp\htdocs\sabaraja\system\CodeIgniter.php(399): CodeIgniter\CodeIgniter->runController(Object(App\Controllers\Kelas))
#7 C:\xampp\htdocs\sabaraja\system\CodeIgniter.php(317): CodeIgniter\CodeIgniter->handleRequest(NULL, Object(Config\Cache), false)
#8 C:\xampp\htdocs\sabaraja\public\index.php(37): CodeIgniter\CodeIgniter->run()
#9 C:\xampp\htdocs\sabaraja\system\Commands\Server\rewrite.php(43): require_once('C:\\xampp\\htdocs...')
#10 {main}
CRITICAL - 2026-01-26 11:37:20 --> Undefined index: nisn
#0 C:\xampp\htdocs\sabaraja\app\Views\admin\kelas\v_rincian_kelas.php(135): CodeIgniter\Debug\Exceptions->errorHandler(8, 'Undefined index...', 'C:\\xampp\\htdocs...', 135, Array)
#1 C:\xampp\htdocs\sabaraja\system\View\View.php(214): include('C:\\xampp\\htdocs...')
#2 C:\xampp\htdocs\sabaraja\system\View\View.php(217): CodeIgniter\View\View->CodeIgniter\View\{closure}()
#3 C:\xampp\htdocs\sabaraja\system\Common.php(1092): CodeIgniter\View\View->render('admin/kelas/v_r...', Array, true)
#4 C:\xampp\htdocs\sabaraja\app\Controllers\Kelas.php(112): view('admin/kelas/v_r...', Array)
#5 C:\xampp\htdocs\sabaraja\system\CodeIgniter.php(802): App\Controllers\Kelas->rincian_kelas('28')
#6 C:\xampp\htdocs\sabaraja\system\CodeIgniter.php(399): CodeIgniter\CodeIgniter->runController(Object(App\Controllers\Kelas))
#7 C:\xampp\htdocs\sabaraja\system\CodeIgniter.php(317): CodeIgniter\CodeIgniter->handleRequest(NULL, Object(Config\Cache), false)
#8 C:\xampp\htdocs\sabaraja\public\index.php(37): CodeIgniter\CodeIgniter->run()
#9 C:\xampp\htdocs\sabaraja\system\Commands\Server\rewrite.php(43): require_once('C:\\xampp\\htdocs...')
#10 {main}
CRITICAL - 2026-01-26 11:41:25 --> Invalid file: admin/kelas/print.php
#0 C:\xampp\htdocs\sabaraja\system\View\View.php(198): CodeIgniter\Exceptions\FrameworkException::forInvalidFile('admin/kelas/pri...')
#1 C:\xampp\htdocs\sabaraja\system\Common.php(1092): CodeIgniter\View\View->render('admin/kelas/pri...', Array, true)
#2 C:\xampp\htdocs\sabaraja\app\Controllers\Kelas.php(247): view('admin/kelas/pri...', Array)
#3 C:\xampp\htdocs\sabaraja\system\CodeIgniter.php(802): App\Controllers\Kelas->print('28')
#4 C:\xampp\htdocs\sabaraja\system\CodeIgniter.php(399): CodeIgniter\CodeIgniter->runController(Object(App\Controllers\Kelas))
#5 C:\xampp\htdocs\sabaraja\system\CodeIgniter.php(317): CodeIgniter\CodeIgniter->handleRequest(NULL, Object(Config\Cache), false)
#6 C:\xampp\htdocs\sabaraja\public\index.php(37): CodeIgniter\CodeIgniter->run()
#7 C:\xampp\htdocs\sabaraja\system\Commands\Server\rewrite.php(43): require_once('C:\\xampp\\htdocs...')
#8 {main}
CRITICAL - 2026-01-26 11:42:48 --> Undefined variable: siswa
#0 C:\xampp\htdocs\sabaraja\app\Views\admin\kelas\biodatasiswa.php(123): CodeIgniter\Debug\Exceptions->errorHandler(8, 'Undefined varia...', 'C:\\xampp\\htdocs...', 123, Array)
#1 C:\xampp\htdocs\sabaraja\system\View\View.php(214): include('C:\\xampp\\htdocs...')
#2 C:\xampp\htdocs\sabaraja\system\View\View.php(217): CodeIgniter\View\View->CodeIgniter\View\{closure}()
#3 C:\xampp\htdocs\sabaraja\system\Common.php(1092): CodeIgniter\View\View->render('admin/kelas/bio...', Array, true)
#4 C:\xampp\htdocs\sabaraja\app\Controllers\Kelas.php(247): view('admin/kelas/bio...', Array)
#5 C:\xampp\htdocs\sabaraja\system\CodeIgniter.php(802): App\Controllers\Kelas->print('28')
#6 C:\xampp\htdocs\sabaraja\system\CodeIgniter.php(399): CodeIgniter\CodeIgniter->runController(Object(App\Controllers\Kelas))
#7 C:\xampp\htdocs\sabaraja\system\CodeIgniter.php(317): CodeIgniter\CodeIgniter->handleRequest(NULL, Object(Config\Cache), false)
#8 C:\xampp\htdocs\sabaraja\public\index.php(37): CodeIgniter\CodeIgniter->run()
#9 C:\xampp\htdocs\sabaraja\system\Commands\Server\rewrite.php(43): require_once('C:\\xampp\\htdocs...')
#10 {main}
