CRITICAL - 2025-05-17 23:20:20 --> Class 'App\Controllers\ModelAuth' not found
#0 E:\APLIKASI\koding\sabaraja\system\CodeIgniter.php(779): App\Controllers\Kelulusan->__construct()
#1 E:\APLIKASI\koding\sabaraja\system\CodeIgniter.php(390): CodeIgniter\CodeIgniter->createController()
#2 E:\APLIKASI\koding\sabaraja\system\CodeIgniter.php(317): CodeIgniter\CodeIgniter->handleRequest(NULL, Object(Config\Cache), false)
#3 E:\APLIKASI\koding\sabaraja\public\index.php(37): CodeIgniter\CodeIgniter->run()
#4 E:\APLIKASI\koding\sabaraja\system\Commands\Server\rewrite.php(43): require_once('E:\\APLIKASI\\kod...')
#5 {main}
ERROR - 2025-05-17 23:25:08 --> Unknown column 'status_kelulusan' in 'where clause'
CRITICAL - 2025-05-17 23:25:08 --> Unknown column 'status_kelulusan' in 'where clause'
#0 E:\APLIKASI\koding\sabaraja\system\Database\MySQLi\Connection.php(280): mysqli->query('SELECT *\nFROM `...')
#1 E:\APLIKASI\koding\sabaraja\system\Database\BaseConnection.php(663): CodeIgniter\Database\MySQLi\Connection->execute('SELECT *\nFROM `...')
#2 E:\APLIKASI\koding\sabaraja\system\Database\BaseConnection.php(591): CodeIgniter\Database\BaseConnection->simpleQuery('SELECT *\nFROM `...')
#3 E:\APLIKASI\koding\sabaraja\system\Database\BaseBuilder.php(1428): CodeIgniter\Database\BaseConnection->query('SELECT *\nFROM `...', Array, false)
#4 E:\APLIKASI\koding\sabaraja\app\Models\ModelAuth.php(52): CodeIgniter\Database\BaseBuilder->get()
#5 E:\APLIKASI\koding\sabaraja\app\Controllers\Kelulusan.php(73): App\Models\ModelAuth->loginlulus('123')
#6 E:\APLIKASI\koding\sabaraja\system\CodeIgniter.php(802): App\Controllers\Kelulusan->cekloginsiswa()
#7 E:\APLIKASI\koding\sabaraja\system\CodeIgniter.php(399): CodeIgniter\CodeIgniter->runController(Object(App\Controllers\Kelulusan))
#8 E:\APLIKASI\koding\sabaraja\system\CodeIgniter.php(317): CodeIgniter\CodeIgniter->handleRequest(NULL, Object(Config\Cache), false)
#9 E:\APLIKASI\koding\sabaraja\public\index.php(37): CodeIgniter\CodeIgniter->run()
#10 E:\APLIKASI\koding\sabaraja\system\Commands\Server\rewrite.php(43): require_once('E:\\APLIKASI\\kod...')
#11 {main}
