ERROR - 2026-01-07 08:45:35 --> Unknown column 'tbl_database.id_ta' in 'on clause'
CRITICAL - 2026-01-07 08:45:35 --> Unknown column 'tbl_database.id_ta' in 'on clause'
#0 C:\xampp\htdocs\sabaraja\system\Database\MySQLi\Connection.php(280): mysqli->query('SELECT COUNT(*)...')
#1 C:\xampp\htdocs\sabaraja\system\Database\BaseConnection.php(663): CodeIgniter\Database\MySQLi\Connection->execute('SELECT COUNT(*)...')
#2 C:\xampp\htdocs\sabaraja\system\Database\BaseConnection.php(591): CodeIgniter\Database\BaseConnection->simpleQuery('SELECT COUNT(*)...')
#3 C:\xampp\htdocs\sabaraja\system\Database\BaseBuilder.php(1512): CodeIgniter\Database\BaseConnection->query('SELECT COUNT(*)...', Array, false)
#4 C:\xampp\htdocs\sabaraja\app\Models\ModelKelas.php(147): CodeIgniter\Database\BaseBuilder->countAllResults()
#5 C:\xampp\htdocs\sabaraja\app\Controllers\Kelas.php(109): App\Models\ModelKelas->siswablmpuna('28')
#6 C:\xampp\htdocs\sabaraja\system\CodeIgniter.php(802): App\Controllers\Kelas->rincian_kelas('28')
#7 C:\xampp\htdocs\sabaraja\system\CodeIgniter.php(399): CodeIgniter\CodeIgniter->runController(Object(App\Controllers\Kelas))
#8 C:\xampp\htdocs\sabaraja\system\CodeIgniter.php(317): CodeIgniter\CodeIgniter->handleRequest(NULL, Object(Config\Cache), false)
#9 C:\xampp\htdocs\sabaraja\public\index.php(37): CodeIgniter\CodeIgniter->run()
#10 C:\xampp\htdocs\sabaraja\system\Commands\Server\rewrite.php(43): require_once('C:\\xampp\\htdocs...')
#11 {main}
CRITICAL - 2026-01-07 08:45:53 --> Invalid argument supplied for foreach()
#0 C:\xampp\htdocs\sabaraja\app\Views\admin\kelas\v_rincian_kelas.php(126): CodeIgniter\Debug\Exceptions->errorHandler(2, 'Invalid argumen...', 'C:\\xampp\\htdocs...', 126, Array)
#1 C:\xampp\htdocs\sabaraja\system\View\View.php(214): include('C:\\xampp\\htdocs...')
#2 C:\xampp\htdocs\sabaraja\system\View\View.php(217): CodeIgniter\View\View->CodeIgniter\View\{closure}()
#3 C:\xampp\htdocs\sabaraja\system\Common.php(1092): CodeIgniter\View\View->render('admin/kelas/v_r...', Array, true)
#4 C:\xampp\htdocs\sabaraja\app\Controllers\Kelas.php(112): view('admin/kelas/v_r...', Array)
#5 C:\xampp\htdocs\sabaraja\system\CodeIgniter.php(802): App\Controllers\Kelas->rincian_kelas('28')
#6 C:\xampp\htdocs\sabaraja\system\CodeIgniter.php(399): CodeIgniter\CodeIgniter->runController(Object(App\Controllers\Kelas))
#7 C:\xampp\htdocs\sabaraja\system\CodeIgniter.php(317): CodeIgniter\CodeIgniter->handleRequest(NULL, Object(Config\Cache), false)
#8 C:\xampp\htdocs\sabaraja\public\index.php(37): CodeIgniter\CodeIgniter->run()
#9 C:\xampp\htdocs\sabaraja\system\Commands\Server\rewrite.php(43): require_once('C:\\xampp\\htdocs...')
#10 {main}
CRITICAL - 2026-01-07 08:46:34 --> Invalid argument supplied for foreach()
#0 C:\xampp\htdocs\sabaraja\app\Views\admin\kelas\v_rincian_kelas.php(126): CodeIgniter\Debug\Exceptions->errorHandler(2, 'Invalid argumen...', 'C:\\xampp\\htdocs...', 126, Array)
#1 C:\xampp\htdocs\sabaraja\system\View\View.php(214): include('C:\\xampp\\htdocs...')
#2 C:\xampp\htdocs\sabaraja\system\View\View.php(217): CodeIgniter\View\View->CodeIgniter\View\{closure}()
#3 C:\xampp\htdocs\sabaraja\system\Common.php(1092): CodeIgniter\View\View->render('admin/kelas/v_r...', Array, true)
#4 C:\xampp\htdocs\sabaraja\app\Controllers\Kelas.php(112): view('admin/kelas/v_r...', Array)
#5 C:\xampp\htdocs\sabaraja\system\CodeIgniter.php(802): App\Controllers\Kelas->rincian_kelas('28')
#6 C:\xampp\htdocs\sabaraja\system\CodeIgniter.php(399): CodeIgniter\CodeIgniter->runController(Object(App\Controllers\Kelas))
#7 C:\xampp\htdocs\sabaraja\system\CodeIgniter.php(317): CodeIgniter\CodeIgniter->handleRequest(NULL, Object(Config\Cache), false)
#8 C:\xampp\htdocs\sabaraja\public\index.php(37): CodeIgniter\CodeIgniter->run()
#9 C:\xampp\htdocs\sabaraja\system\Commands\Server\rewrite.php(43): require_once('C:\\xampp\\htdocs...')
#10 {main}
CRITICAL - 2026-01-07 08:46:45 --> Invalid argument supplied for foreach()
#0 C:\xampp\htdocs\sabaraja\app\Views\admin\kelas\v_rincian_kelas.php(126): CodeIgniter\Debug\Exceptions->errorHandler(2, 'Invalid argumen...', 'C:\\xampp\\htdocs...', 126, Array)
#1 C:\xampp\htdocs\sabaraja\system\View\View.php(214): include('C:\\xampp\\htdocs...')
#2 C:\xampp\htdocs\sabaraja\system\View\View.php(217): CodeIgniter\View\View->CodeIgniter\View\{closure}()
#3 C:\xampp\htdocs\sabaraja\system\Common.php(1092): CodeIgniter\View\View->render('admin/kelas/v_r...', Array, true)
#4 C:\xampp\htdocs\sabaraja\app\Controllers\Kelas.php(112): view('admin/kelas/v_r...', Array)
#5 C:\xampp\htdocs\sabaraja\system\CodeIgniter.php(802): App\Controllers\Kelas->rincian_kelas('28')
#6 C:\xampp\htdocs\sabaraja\system\CodeIgniter.php(399): CodeIgniter\CodeIgniter->runController(Object(App\Controllers\Kelas))
#7 C:\xampp\htdocs\sabaraja\system\CodeIgniter.php(317): CodeIgniter\CodeIgniter->handleRequest(NULL, Object(Config\Cache), false)
#8 C:\xampp\htdocs\sabaraja\public\index.php(37): CodeIgniter\CodeIgniter->run()
#9 C:\xampp\htdocs\sabaraja\system\Commands\Server\rewrite.php(43): require_once('C:\\xampp\\htdocs...')
#10 {main}
CRITICAL - 2026-01-07 08:47:19 --> Undefined index: tingkat
#0 C:\xampp\htdocs\sabaraja\app\Views\admin\kelas\v_rincian_kelas.php(133): CodeIgniter\Debug\Exceptions->errorHandler(8, 'Undefined index...', 'C:\\xampp\\htdocs...', 133, Array)
#1 C:\xampp\htdocs\sabaraja\system\View\View.php(214): include('C:\\xampp\\htdocs...')
#2 C:\xampp\htdocs\sabaraja\system\View\View.php(217): CodeIgniter\View\View->CodeIgniter\View\{closure}()
#3 C:\xampp\htdocs\sabaraja\system\Common.php(1092): CodeIgniter\View\View->render('admin/kelas/v_r...', Array, true)
#4 C:\xampp\htdocs\sabaraja\app\Controllers\Kelas.php(112): view('admin/kelas/v_r...', Array)
#5 C:\xampp\htdocs\sabaraja\system\CodeIgniter.php(802): App\Controllers\Kelas->rincian_kelas('28')
#6 C:\xampp\htdocs\sabaraja\system\CodeIgniter.php(399): CodeIgniter\CodeIgniter->runController(Object(App\Controllers\Kelas))
#7 C:\xampp\htdocs\sabaraja\system\CodeIgniter.php(317): CodeIgniter\CodeIgniter->handleRequest(NULL, Object(Config\Cache), false)
#8 C:\xampp\htdocs\sabaraja\public\index.php(37): CodeIgniter\CodeIgniter->run()
#9 C:\xampp\htdocs\sabaraja\system\Commands\Server\rewrite.php(43): require_once('C:\\xampp\\htdocs...')
#10 {main}
CRITICAL - 2026-01-07 08:53:38 --> Too few arguments to function App\Controllers\Kelas::hapusanggota(), 1 passed in C:\xampp\htdocs\sabaraja\system\CodeIgniter.php on line 802 and exactly 2 expected
#0 C:\xampp\htdocs\sabaraja\system\CodeIgniter.php(802): App\Controllers\Kelas->hapusanggota('38')
#1 C:\xampp\htdocs\sabaraja\system\CodeIgniter.php(399): CodeIgniter\CodeIgniter->runController(Object(App\Controllers\Kelas))
#2 C:\xampp\htdocs\sabaraja\system\CodeIgniter.php(317): CodeIgniter\CodeIgniter->handleRequest(NULL, Object(Config\Cache), false)
#3 C:\xampp\htdocs\sabaraja\public\index.php(37): CodeIgniter\CodeIgniter->run()
#4 C:\xampp\htdocs\sabaraja\system\Commands\Server\rewrite.php(43): require_once('C:\\xampp\\htdocs...')
#5 {main}
CRITICAL - 2026-01-07 08:56:39 --> Too few arguments to function App\Controllers\Kelas::hapusanggota(), 1 passed in C:\xampp\htdocs\sabaraja\system\CodeIgniter.php on line 802 and exactly 2 expected
#0 C:\xampp\htdocs\sabaraja\system\CodeIgniter.php(802): App\Controllers\Kelas->hapusanggota('38')
#1 C:\xampp\htdocs\sabaraja\system\CodeIgniter.php(399): CodeIgniter\CodeIgniter->runController(Object(App\Controllers\Kelas))
#2 C:\xampp\htdocs\sabaraja\system\CodeIgniter.php(317): CodeIgniter\CodeIgniter->handleRequest(NULL, Object(Config\Cache), false)
#3 C:\xampp\htdocs\sabaraja\public\index.php(37): CodeIgniter\CodeIgniter->run()
#4 C:\xampp\htdocs\sabaraja\system\Commands\Server\rewrite.php(43): require_once('C:\\xampp\\htdocs...')
#5 {main}
ERROR - 2026-01-07 08:59:15 --> Unknown column 'tbl_database.id_kelas_baru' in 'where clause'
CRITICAL - 2026-01-07 08:59:15 --> Unknown column 'tbl_database.id_kelas_baru' in 'where clause'
#0 C:\xampp\htdocs\sabaraja\system\Database\MySQLi\Connection.php(280): mysqli->query('SELECT COUNT(*)...')
#1 C:\xampp\htdocs\sabaraja\system\Database\BaseConnection.php(663): CodeIgniter\Database\MySQLi\Connection->execute('SELECT COUNT(*)...')
#2 C:\xampp\htdocs\sabaraja\system\Database\BaseConnection.php(591): CodeIgniter\Database\BaseConnection->simpleQuery('SELECT COUNT(*)...')
#3 C:\xampp\htdocs\sabaraja\system\Database\BaseBuilder.php(1512): CodeIgniter\Database\BaseConnection->query('SELECT COUNT(*)...', Array, false)
#4 C:\xampp\htdocs\sabaraja\app\Models\ModelKelas.php(163): CodeIgniter\Database\BaseBuilder->countAllResults()
#5 C:\xampp\htdocs\sabaraja\app\Controllers\Kelas.php(107): App\Models\ModelKelas->jml_siswa('29')
#6 C:\xampp\htdocs\sabaraja\system\CodeIgniter.php(802): App\Controllers\Kelas->rincian_kelas('29')
#7 C:\xampp\htdocs\sabaraja\system\CodeIgniter.php(399): CodeIgniter\CodeIgniter->runController(Object(App\Controllers\Kelas))
#8 C:\xampp\htdocs\sabaraja\system\CodeIgniter.php(317): CodeIgniter\CodeIgniter->handleRequest(NULL, Object(Config\Cache), false)
#9 C:\xampp\htdocs\sabaraja\public\index.php(37): CodeIgniter\CodeIgniter->run()
#10 C:\xampp\htdocs\sabaraja\system\Commands\Server\rewrite.php(43): require_once('C:\\xampp\\htdocs...')
#11 {main}
ERROR - 2026-01-07 09:00:20 --> Unknown column 'tbl_database.id_kelas_baru' in 'where clause'
CRITICAL - 2026-01-07 09:00:20 --> Unknown column 'tbl_database.id_kelas_baru' in 'where clause'
#0 C:\xampp\htdocs\sabaraja\system\Database\MySQLi\Connection.php(280): mysqli->query('SELECT COUNT(*)...')
#1 C:\xampp\htdocs\sabaraja\system\Database\BaseConnection.php(663): CodeIgniter\Database\MySQLi\Connection->execute('SELECT COUNT(*)...')
#2 C:\xampp\htdocs\sabaraja\system\Database\BaseConnection.php(591): CodeIgniter\Database\BaseConnection->simpleQuery('SELECT COUNT(*)...')
#3 C:\xampp\htdocs\sabaraja\system\Database\BaseBuilder.php(1512): CodeIgniter\Database\BaseConnection->query('SELECT COUNT(*)...', Array, false)
#4 C:\xampp\htdocs\sabaraja\app\Models\ModelKelas.php(153): CodeIgniter\Database\BaseBuilder->countAllResults()
#5 C:\xampp\htdocs\sabaraja\app\Controllers\Kelas.php(107): App\Models\ModelKelas->jml_siswa('29')
#6 C:\xampp\htdocs\sabaraja\system\CodeIgniter.php(802): App\Controllers\Kelas->rincian_kelas('29')
#7 C:\xampp\htdocs\sabaraja\system\CodeIgniter.php(399): CodeIgniter\CodeIgniter->runController(Object(App\Controllers\Kelas))
#8 C:\xampp\htdocs\sabaraja\system\CodeIgniter.php(317): CodeIgniter\CodeIgniter->handleRequest(NULL, Object(Config\Cache), false)
#9 C:\xampp\htdocs\sabaraja\public\index.php(37): CodeIgniter\CodeIgniter->run()
#10 C:\xampp\htdocs\sabaraja\system\Commands\Server\rewrite.php(43): require_once('C:\\xampp\\htdocs...')
#11 {main}
ERROR - 2026-01-07 09:00:34 --> Unknown column 'tbl_database.id_kelas_baru' in 'where clause'
CRITICAL - 2026-01-07 09:00:34 --> Unknown column 'tbl_database.id_kelas_baru' in 'where clause'
#0 C:\xampp\htdocs\sabaraja\system\Database\MySQLi\Connection.php(280): mysqli->query('SELECT COUNT(*)...')
#1 C:\xampp\htdocs\sabaraja\system\Database\BaseConnection.php(663): CodeIgniter\Database\MySQLi\Connection->execute('SELECT COUNT(*)...')
#2 C:\xampp\htdocs\sabaraja\system\Database\BaseConnection.php(591): CodeIgniter\Database\BaseConnection->simpleQuery('SELECT COUNT(*)...')
#3 C:\xampp\htdocs\sabaraja\system\Database\BaseBuilder.php(1512): CodeIgniter\Database\BaseConnection->query('SELECT COUNT(*)...', Array, false)
#4 C:\xampp\htdocs\sabaraja\app\Models\ModelKelas.php(153): CodeIgniter\Database\BaseBuilder->countAllResults()
#5 C:\xampp\htdocs\sabaraja\app\Controllers\Kelas.php(107): App\Models\ModelKelas->jml_siswa('29')
#6 C:\xampp\htdocs\sabaraja\system\CodeIgniter.php(802): App\Controllers\Kelas->rincian_kelas('29')
#7 C:\xampp\htdocs\sabaraja\system\CodeIgniter.php(399): CodeIgniter\CodeIgniter->runController(Object(App\Controllers\Kelas))
#8 C:\xampp\htdocs\sabaraja\system\CodeIgniter.php(317): CodeIgniter\CodeIgniter->handleRequest(NULL, Object(Config\Cache), false)
#9 C:\xampp\htdocs\sabaraja\public\index.php(37): CodeIgniter\CodeIgniter->run()
#10 C:\xampp\htdocs\sabaraja\system\Commands\Server\rewrite.php(43): require_once('C:\\xampp\\htdocs...')
#11 {main}
ERROR - 2026-01-07 09:01:00 --> Unknown column 'tbl_database.id_kelas_baru' in 'where clause'
CRITICAL - 2026-01-07 09:01:00 --> Unknown column 'tbl_database.id_kelas_baru' in 'where clause'
#0 C:\xampp\htdocs\sabaraja\system\Database\MySQLi\Connection.php(280): mysqli->query('SELECT COUNT(*)...')
#1 C:\xampp\htdocs\sabaraja\system\Database\BaseConnection.php(663): CodeIgniter\Database\MySQLi\Connection->execute('SELECT COUNT(*)...')
#2 C:\xampp\htdocs\sabaraja\system\Database\BaseConnection.php(591): CodeIgniter\Database\BaseConnection->simpleQuery('SELECT COUNT(*)...')
#3 C:\xampp\htdocs\sabaraja\system\Database\BaseBuilder.php(1512): CodeIgniter\Database\BaseConnection->query('SELECT COUNT(*)...', Array, false)
#4 C:\xampp\htdocs\sabaraja\app\Models\ModelKelas.php(153): CodeIgniter\Database\BaseBuilder->countAllResults()
#5 C:\xampp\htdocs\sabaraja\app\Controllers\Kelas.php(107): App\Models\ModelKelas->jml_siswa('29')
#6 C:\xampp\htdocs\sabaraja\system\CodeIgniter.php(802): App\Controllers\Kelas->rincian_kelas('29')
#7 C:\xampp\htdocs\sabaraja\system\CodeIgniter.php(399): CodeIgniter\CodeIgniter->runController(Object(App\Controllers\Kelas))
#8 C:\xampp\htdocs\sabaraja\system\CodeIgniter.php(317): CodeIgniter\CodeIgniter->handleRequest(NULL, Object(Config\Cache), false)
#9 C:\xampp\htdocs\sabaraja\public\index.php(37): CodeIgniter\CodeIgniter->run()
#10 C:\xampp\htdocs\sabaraja\system\Commands\Server\rewrite.php(43): require_once('C:\\xampp\\htdocs...')
#11 {main}
ERROR - 2026-01-07 09:02:48 --> Unknown column 'id_kelas_baru' in 'field list'
CRITICAL - 2026-01-07 09:02:48 --> Unknown column 'id_kelas_baru' in 'field list'
#0 C:\xampp\htdocs\sabaraja\system\Database\MySQLi\Connection.php(280): mysqli->query('INSERT INTO `tb...')
#1 C:\xampp\htdocs\sabaraja\system\Database\BaseConnection.php(663): CodeIgniter\Database\MySQLi\Connection->execute('INSERT INTO `tb...')
#2 C:\xampp\htdocs\sabaraja\system\Database\BaseConnection.php(591): CodeIgniter\Database\BaseConnection->simpleQuery('INSERT INTO `tb...')
#3 C:\xampp\htdocs\sabaraja\system\Database\BaseBuilder.php(1733): CodeIgniter\Database\BaseConnection->query('INSERT INTO `tb...', Array, false)
#4 C:\xampp\htdocs\sabaraja\app\Models\ModelKelas.php(171): CodeIgniter\Database\BaseBuilder->insert(Array)
#5 C:\xampp\htdocs\sabaraja\app\Controllers\Kelas.php(134): App\Models\ModelKelas->add_data(Array)
#6 C:\xampp\htdocs\sabaraja\system\CodeIgniter.php(802): App\Controllers\Kelas->tambahanggota(Array)
#7 C:\xampp\htdocs\sabaraja\system\CodeIgniter.php(399): CodeIgniter\CodeIgniter->runController(Object(App\Controllers\Kelas))
#8 C:\xampp\htdocs\sabaraja\system\CodeIgniter.php(317): CodeIgniter\CodeIgniter->handleRequest(NULL, Object(Config\Cache), false)
#9 C:\xampp\htdocs\sabaraja\public\index.php(37): CodeIgniter\CodeIgniter->run()
#10 C:\xampp\htdocs\sabaraja\system\Commands\Server\rewrite.php(43): require_once('C:\\xampp\\htdocs...')
#11 {main}
ERROR - 2026-01-07 09:17:35 --> Unknown column 'tbl_siswa.id_kelas' in 'on clause'
CRITICAL - 2026-01-07 09:17:35 --> Unknown column 'tbl_siswa.id_kelas' in 'on clause'
#0 C:\xampp\htdocs\sabaraja\system\Database\MySQLi\Connection.php(280): mysqli->query('SELECT *\nFROM `...')
#1 C:\xampp\htdocs\sabaraja\system\Database\BaseConnection.php(663): CodeIgniter\Database\MySQLi\Connection->execute('SELECT *\nFROM `...')
#2 C:\xampp\htdocs\sabaraja\system\Database\BaseConnection.php(591): CodeIgniter\Database\BaseConnection->simpleQuery('SELECT *\nFROM `...')
#3 C:\xampp\htdocs\sabaraja\system\Database\BaseBuilder.php(1428): CodeIgniter\Database\BaseConnection->query('SELECT *\nFROM `...', Array, false)
#4 C:\xampp\htdocs\sabaraja\app\Models\ModelPeserta.php(56): CodeIgniter\Database\BaseBuilder->get()
#5 C:\xampp\htdocs\sabaraja\app\Controllers\Peserta.php(173): App\Models\ModelPeserta->DataPeserta('1011')
#6 C:\xampp\htdocs\sabaraja\system\CodeIgniter.php(802): App\Controllers\Peserta->detail_siswa('1011')
#7 C:\xampp\htdocs\sabaraja\system\CodeIgniter.php(399): CodeIgniter\CodeIgniter->runController(Object(App\Controllers\Peserta))
#8 C:\xampp\htdocs\sabaraja\system\CodeIgniter.php(317): CodeIgniter\CodeIgniter->handleRequest(NULL, Object(Config\Cache), false)
#9 C:\xampp\htdocs\sabaraja\public\index.php(37): CodeIgniter\CodeIgniter->run()
#10 C:\xampp\htdocs\sabaraja\system\Commands\Server\rewrite.php(43): require_once('C:\\xampp\\htdocs...')
#11 {main}
ERROR - 2026-01-07 09:20:38 --> Unknown column 'tbl_kelas.id_guru' in 'on clause'
CRITICAL - 2026-01-07 09:20:38 --> Unknown column 'tbl_kelas.id_guru' in 'on clause'
#0 C:\xampp\htdocs\sabaraja\system\Database\MySQLi\Connection.php(280): mysqli->query('SELECT *\nFROM `...')
#1 C:\xampp\htdocs\sabaraja\system\Database\BaseConnection.php(663): CodeIgniter\Database\MySQLi\Connection->execute('SELECT *\nFROM `...')
#2 C:\xampp\htdocs\sabaraja\system\Database\BaseConnection.php(591): CodeIgniter\Database\BaseConnection->simpleQuery('SELECT *\nFROM `...')
#3 C:\xampp\htdocs\sabaraja\system\Database\BaseBuilder.php(1428): CodeIgniter\Database\BaseConnection->query('SELECT *\nFROM `...', Array, false)
#4 C:\xampp\htdocs\sabaraja\app\Models\ModelPeserta.php(56): CodeIgniter\Database\BaseBuilder->get()
#5 C:\xampp\htdocs\sabaraja\app\Controllers\Peserta.php(173): App\Models\ModelPeserta->DataPeserta('1011')
#6 C:\xampp\htdocs\sabaraja\system\CodeIgniter.php(802): App\Controllers\Peserta->detail_siswa('1011')
#7 C:\xampp\htdocs\sabaraja\system\CodeIgniter.php(399): CodeIgniter\CodeIgniter->runController(Object(App\Controllers\Peserta))
#8 C:\xampp\htdocs\sabaraja\system\CodeIgniter.php(317): CodeIgniter\CodeIgniter->handleRequest(NULL, Object(Config\Cache), false)
#9 C:\xampp\htdocs\sabaraja\public\index.php(37): CodeIgniter\CodeIgniter->run()
#10 C:\xampp\htdocs\sabaraja\system\Commands\Server\rewrite.php(43): require_once('C:\\xampp\\htdocs...')
#11 {main}
ERROR - 2026-01-07 09:23:29 --> Unknown column 'tbl_database.id_kelas_baru' in 'on clause'
CRITICAL - 2026-01-07 09:23:29 --> Unknown column 'tbl_database.id_kelas_baru' in 'on clause'
#0 C:\xampp\htdocs\sabaraja\system\Database\MySQLi\Connection.php(280): mysqli->query('SELECT *\nFROM `...')
#1 C:\xampp\htdocs\sabaraja\system\Database\BaseConnection.php(663): CodeIgniter\Database\MySQLi\Connection->execute('SELECT *\nFROM `...')
#2 C:\xampp\htdocs\sabaraja\system\Database\BaseConnection.php(591): CodeIgniter\Database\BaseConnection->simpleQuery('SELECT *\nFROM `...')
#3 C:\xampp\htdocs\sabaraja\system\Database\BaseBuilder.php(1428): CodeIgniter\Database\BaseConnection->query('SELECT *\nFROM `...', Array, false)
#4 C:\xampp\htdocs\sabaraja\app\Models\ModelPeserta.php(243): CodeIgniter\Database\BaseBuilder->get()
#5 C:\xampp\htdocs\sabaraja\app\Controllers\Peserta.php(175): App\Models\ModelPeserta->rekamdidik('1011')
#6 C:\xampp\htdocs\sabaraja\system\CodeIgniter.php(802): App\Controllers\Peserta->detail_siswa('1011')
#7 C:\xampp\htdocs\sabaraja\system\CodeIgniter.php(399): CodeIgniter\CodeIgniter->runController(Object(App\Controllers\Peserta))
#8 C:\xampp\htdocs\sabaraja\system\CodeIgniter.php(317): CodeIgniter\CodeIgniter->handleRequest(NULL, Object(Config\Cache), false)
#9 C:\xampp\htdocs\sabaraja\public\index.php(37): CodeIgniter\CodeIgniter->run()
#10 C:\xampp\htdocs\sabaraja\system\Commands\Server\rewrite.php(43): require_once('C:\\xampp\\htdocs...')
#11 {main}
CRITICAL - 2026-01-07 09:26:21 --> Undefined index: kelas
#0 C:\xampp\htdocs\sabaraja\app\Views\admin\peserta\v_detail_siswa.php(102): CodeIgniter\Debug\Exceptions->errorHandler(8, 'Undefined index...', 'C:\\xampp\\htdocs...', 102, Array)
#1 C:\xampp\htdocs\sabaraja\system\View\View.php(214): include('C:\\xampp\\htdocs...')
#2 C:\xampp\htdocs\sabaraja\system\View\View.php(217): CodeIgniter\View\View->CodeIgniter\View\{closure}()
#3 C:\xampp\htdocs\sabaraja\system\Common.php(1092): CodeIgniter\View\View->render('admin/peserta/v...', Array, true)
#4 C:\xampp\htdocs\sabaraja\app\Controllers\Peserta.php(177): view('admin/peserta/v...', Array)
#5 C:\xampp\htdocs\sabaraja\system\CodeIgniter.php(802): App\Controllers\Peserta->detail_siswa('1011')
#6 C:\xampp\htdocs\sabaraja\system\CodeIgniter.php(399): CodeIgniter\CodeIgniter->runController(Object(App\Controllers\Peserta))
#7 C:\xampp\htdocs\sabaraja\system\CodeIgniter.php(317): CodeIgniter\CodeIgniter->handleRequest(NULL, Object(Config\Cache), false)
#8 C:\xampp\htdocs\sabaraja\public\index.php(37): CodeIgniter\CodeIgniter->run()
#9 C:\xampp\htdocs\sabaraja\system\Commands\Server\rewrite.php(43): require_once('C:\\xampp\\htdocs...')
#10 {main}
CRITICAL - 2026-01-07 09:27:44 --> Undefined index: tingkat
#0 C:\xampp\htdocs\sabaraja\app\Views\admin\peserta\v_detail_siswa.php(103): CodeIgniter\Debug\Exceptions->errorHandler(8, 'Undefined index...', 'C:\\xampp\\htdocs...', 103, Array)
#1 C:\xampp\htdocs\sabaraja\system\View\View.php(214): include('C:\\xampp\\htdocs...')
#2 C:\xampp\htdocs\sabaraja\system\View\View.php(217): CodeIgniter\View\View->CodeIgniter\View\{closure}()
#3 C:\xampp\htdocs\sabaraja\system\Common.php(1092): CodeIgniter\View\View->render('admin/peserta/v...', Array, true)
#4 C:\xampp\htdocs\sabaraja\app\Controllers\Peserta.php(177): view('admin/peserta/v...', Array)
#5 C:\xampp\htdocs\sabaraja\system\CodeIgniter.php(802): App\Controllers\Peserta->detail_siswa('1011')
#6 C:\xampp\htdocs\sabaraja\system\CodeIgniter.php(399): CodeIgniter\CodeIgniter->runController(Object(App\Controllers\Peserta))
#7 C:\xampp\htdocs\sabaraja\system\CodeIgniter.php(317): CodeIgniter\CodeIgniter->handleRequest(NULL, Object(Config\Cache), false)
#8 C:\xampp\htdocs\sabaraja\public\index.php(37): CodeIgniter\CodeIgniter->run()
#9 C:\xampp\htdocs\sabaraja\system\Commands\Server\rewrite.php(43): require_once('C:\\xampp\\htdocs...')
#10 {main}
CRITICAL - 2026-01-07 09:28:02 --> Undefined index: link_wa
#0 C:\xampp\htdocs\sabaraja\app\Views\admin\peserta\v_detail_siswa.php(105): CodeIgniter\Debug\Exceptions->errorHandler(8, 'Undefined index...', 'C:\\xampp\\htdocs...', 105, Array)
#1 C:\xampp\htdocs\sabaraja\system\View\View.php(214): include('C:\\xampp\\htdocs...')
#2 C:\xampp\htdocs\sabaraja\system\View\View.php(217): CodeIgniter\View\View->CodeIgniter\View\{closure}()
#3 C:\xampp\htdocs\sabaraja\system\Common.php(1092): CodeIgniter\View\View->render('admin/peserta/v...', Array, true)
#4 C:\xampp\htdocs\sabaraja\app\Controllers\Peserta.php(177): view('admin/peserta/v...', Array)
#5 C:\xampp\htdocs\sabaraja\system\CodeIgniter.php(802): App\Controllers\Peserta->detail_siswa('1011')
#6 C:\xampp\htdocs\sabaraja\system\CodeIgniter.php(399): CodeIgniter\CodeIgniter->runController(Object(App\Controllers\Peserta))
#7 C:\xampp\htdocs\sabaraja\system\CodeIgniter.php(317): CodeIgniter\CodeIgniter->handleRequest(NULL, Object(Config\Cache), false)
#8 C:\xampp\htdocs\sabaraja\public\index.php(37): CodeIgniter\CodeIgniter->run()
#9 C:\xampp\htdocs\sabaraja\system\Commands\Server\rewrite.php(43): require_once('C:\\xampp\\htdocs...')
#10 {main}
CRITICAL - 2026-01-07 09:29:56 --> Undefined index: kelas
#0 C:\xampp\htdocs\sabaraja\app\Views\admin\peserta\v_detail_siswa.php(216): CodeIgniter\Debug\Exceptions->errorHandler(8, 'Undefined index...', 'C:\\xampp\\htdocs...', 216, Array)
#1 C:\xampp\htdocs\sabaraja\system\View\View.php(214): include('C:\\xampp\\htdocs...')
#2 C:\xampp\htdocs\sabaraja\system\View\View.php(217): CodeIgniter\View\View->CodeIgniter\View\{closure}()
#3 C:\xampp\htdocs\sabaraja\system\Common.php(1092): CodeIgniter\View\View->render('admin/peserta/v...', Array, true)
#4 C:\xampp\htdocs\sabaraja\app\Controllers\Peserta.php(177): view('admin/peserta/v...', Array)
#5 C:\xampp\htdocs\sabaraja\system\CodeIgniter.php(802): App\Controllers\Peserta->detail_siswa('1011')
#6 C:\xampp\htdocs\sabaraja\system\CodeIgniter.php(399): CodeIgniter\CodeIgniter->runController(Object(App\Controllers\Peserta))
#7 C:\xampp\htdocs\sabaraja\system\CodeIgniter.php(317): CodeIgniter\CodeIgniter->handleRequest(NULL, Object(Config\Cache), false)
#8 C:\xampp\htdocs\sabaraja\public\index.php(37): CodeIgniter\CodeIgniter->run()
#9 C:\xampp\htdocs\sabaraja\system\Commands\Server\rewrite.php(43): require_once('C:\\xampp\\htdocs...')
#10 {main}
CRITICAL - 2026-01-07 09:30:58 --> Undefined index: 
#0 C:\xampp\htdocs\sabaraja\app\Views\admin\peserta\v_detail_siswa.php(216): CodeIgniter\Debug\Exceptions->errorHandler(8, 'Undefined index...', 'C:\\xampp\\htdocs...', 216, Array)
#1 C:\xampp\htdocs\sabaraja\system\View\View.php(214): include('C:\\xampp\\htdocs...')
#2 C:\xampp\htdocs\sabaraja\system\View\View.php(217): CodeIgniter\View\View->CodeIgniter\View\{closure}()
#3 C:\xampp\htdocs\sabaraja\system\Common.php(1092): CodeIgniter\View\View->render('admin/peserta/v...', Array, true)
#4 C:\xampp\htdocs\sabaraja\app\Controllers\Peserta.php(177): view('admin/peserta/v...', Array)
#5 C:\xampp\htdocs\sabaraja\system\CodeIgniter.php(802): App\Controllers\Peserta->detail_siswa('1011')
#6 C:\xampp\htdocs\sabaraja\system\CodeIgniter.php(399): CodeIgniter\CodeIgniter->runController(Object(App\Controllers\Peserta))
#7 C:\xampp\htdocs\sabaraja\system\CodeIgniter.php(317): CodeIgniter\CodeIgniter->handleRequest(NULL, Object(Config\Cache), false)
#8 C:\xampp\htdocs\sabaraja\public\index.php(37): CodeIgniter\CodeIgniter->run()
#9 C:\xampp\htdocs\sabaraja\system\Commands\Server\rewrite.php(43): require_once('C:\\xampp\\htdocs...')
#10 {main}
CRITICAL - 2026-01-07 09:31:26 --> Undefined index: link_wa
#0 C:\xampp\htdocs\sabaraja\app\Views\admin\peserta\v_detail_siswa.php(216): CodeIgniter\Debug\Exceptions->errorHandler(8, 'Undefined index...', 'C:\\xampp\\htdocs...', 216, Array)
#1 C:\xampp\htdocs\sabaraja\system\View\View.php(214): include('C:\\xampp\\htdocs...')
#2 C:\xampp\htdocs\sabaraja\system\View\View.php(217): CodeIgniter\View\View->CodeIgniter\View\{closure}()
#3 C:\xampp\htdocs\sabaraja\system\Common.php(1092): CodeIgniter\View\View->render('admin/peserta/v...', Array, true)
#4 C:\xampp\htdocs\sabaraja\app\Controllers\Peserta.php(177): view('admin/peserta/v...', Array)
#5 C:\xampp\htdocs\sabaraja\system\CodeIgniter.php(802): App\Controllers\Peserta->detail_siswa('1011')
#6 C:\xampp\htdocs\sabaraja\system\CodeIgniter.php(399): CodeIgniter\CodeIgniter->runController(Object(App\Controllers\Peserta))
#7 C:\xampp\htdocs\sabaraja\system\CodeIgniter.php(317): CodeIgniter\CodeIgniter->handleRequest(NULL, Object(Config\Cache), false)
#8 C:\xampp\htdocs\sabaraja\public\index.php(37): CodeIgniter\CodeIgniter->run()
#9 C:\xampp\htdocs\sabaraja\system\Commands\Server\rewrite.php(43): require_once('C:\\xampp\\htdocs...')
#10 {main}
CRITICAL - 2026-01-07 09:32:06 --> Undefined index: kelas
#0 C:\xampp\htdocs\sabaraja\app\Views\admin\peserta\v_detail_siswa.php(264): CodeIgniter\Debug\Exceptions->errorHandler(8, 'Undefined index...', 'C:\\xampp\\htdocs...', 264, Array)
#1 C:\xampp\htdocs\sabaraja\system\View\View.php(214): include('C:\\xampp\\htdocs...')
#2 C:\xampp\htdocs\sabaraja\system\View\View.php(217): CodeIgniter\View\View->CodeIgniter\View\{closure}()
#3 C:\xampp\htdocs\sabaraja\system\Common.php(1092): CodeIgniter\View\View->render('admin/peserta/v...', Array, true)
#4 C:\xampp\htdocs\sabaraja\app\Controllers\Peserta.php(177): view('admin/peserta/v...', Array)
#5 C:\xampp\htdocs\sabaraja\system\CodeIgniter.php(802): App\Controllers\Peserta->detail_siswa('1011')
#6 C:\xampp\htdocs\sabaraja\system\CodeIgniter.php(399): CodeIgniter\CodeIgniter->runController(Object(App\Controllers\Peserta))
#7 C:\xampp\htdocs\sabaraja\system\CodeIgniter.php(317): CodeIgniter\CodeIgniter->handleRequest(NULL, Object(Config\Cache), false)
#8 C:\xampp\htdocs\sabaraja\public\index.php(37): CodeIgniter\CodeIgniter->run()
#9 C:\xampp\htdocs\sabaraja\system\Commands\Server\rewrite.php(43): require_once('C:\\xampp\\htdocs...')
#10 {main}
ERROR - 2026-01-07 10:37:22 --> Unknown column 'tbl_database.id_kelas_baru' in 'on clause'
CRITICAL - 2026-01-07 10:37:22 --> Unknown column 'tbl_database.id_kelas_baru' in 'on clause'
#0 C:\xampp\htdocs\sabaraja\system\Database\MySQLi\Connection.php(280): mysqli->query('SELECT `kelas`,...')
#1 C:\xampp\htdocs\sabaraja\system\Database\BaseConnection.php(663): CodeIgniter\Database\MySQLi\Connection->execute('SELECT `kelas`,...')
#2 C:\xampp\htdocs\sabaraja\system\Database\BaseConnection.php(591): CodeIgniter\Database\BaseConnection->simpleQuery('SELECT `kelas`,...')
#3 C:\xampp\htdocs\sabaraja\system\Database\BaseBuilder.php(1428): CodeIgniter\Database\BaseConnection->query('SELECT `kelas`,...', Array, false)
#4 C:\xampp\htdocs\sabaraja\app\Models\ModelKelas.php(243): CodeIgniter\Database\BaseBuilder->get()
#5 C:\xampp\htdocs\sabaraja\app\Controllers\Kelas.php(47): App\Models\ModelKelas->kelas_grup()
#6 C:\xampp\htdocs\sabaraja\system\CodeIgniter.php(802): App\Controllers\Kelas->index()
#7 C:\xampp\htdocs\sabaraja\system\CodeIgniter.php(399): CodeIgniter\CodeIgniter->runController(Object(App\Controllers\Kelas))
#8 C:\xampp\htdocs\sabaraja\system\CodeIgniter.php(317): CodeIgniter\CodeIgniter->handleRequest(NULL, Object(Config\Cache), false)
#9 C:\xampp\htdocs\sabaraja\public\index.php(37): CodeIgniter\CodeIgniter->run()
#10 C:\xampp\htdocs\sabaraja\system\Commands\Server\rewrite.php(43): require_once('C:\\xampp\\htdocs...')
#11 {main}
CRITICAL - 2026-01-07 10:39:38 --> Undefined index: kelas
#0 C:\xampp\htdocs\sabaraja\app\Views\admin\peserta\v_detail_siswa.php(367): CodeIgniter\Debug\Exceptions->errorHandler(8, 'Undefined index...', 'C:\\xampp\\htdocs...', 367, Array)
#1 C:\xampp\htdocs\sabaraja\system\View\View.php(214): include('C:\\xampp\\htdocs...')
#2 C:\xampp\htdocs\sabaraja\system\View\View.php(217): CodeIgniter\View\View->CodeIgniter\View\{closure}()
#3 C:\xampp\htdocs\sabaraja\system\Common.php(1092): CodeIgniter\View\View->render('admin/peserta/v...', Array, true)
#4 C:\xampp\htdocs\sabaraja\app\Controllers\Peserta.php(177): view('admin/peserta/v...', Array)
#5 C:\xampp\htdocs\sabaraja\system\CodeIgniter.php(802): App\Controllers\Peserta->detail_siswa('1011')
#6 C:\xampp\htdocs\sabaraja\system\CodeIgniter.php(399): CodeIgniter\CodeIgniter->runController(Object(App\Controllers\Peserta))
#7 C:\xampp\htdocs\sabaraja\system\CodeIgniter.php(317): CodeIgniter\CodeIgniter->handleRequest(NULL, Object(Config\Cache), false)
#8 C:\xampp\htdocs\sabaraja\public\index.php(37): CodeIgniter\CodeIgniter->run()
#9 C:\xampp\htdocs\sabaraja\system\Commands\Server\rewrite.php(43): require_once('C:\\xampp\\htdocs...')
#10 {main}
CRITICAL - 2026-01-07 10:39:57 --> Undefined index: kelas
#0 C:\xampp\htdocs\sabaraja\app\Views\admin\peserta\v_detail_siswa.php(367): CodeIgniter\Debug\Exceptions->errorHandler(8, 'Undefined index...', 'C:\\xampp\\htdocs...', 367, Array)
#1 C:\xampp\htdocs\sabaraja\system\View\View.php(214): include('C:\\xampp\\htdocs...')
#2 C:\xampp\htdocs\sabaraja\system\View\View.php(217): CodeIgniter\View\View->CodeIgniter\View\{closure}()
#3 C:\xampp\htdocs\sabaraja\system\Common.php(1092): CodeIgniter\View\View->render('admin/peserta/v...', Array, true)
#4 C:\xampp\htdocs\sabaraja\app\Controllers\Peserta.php(177): view('admin/peserta/v...', Array)
#5 C:\xampp\htdocs\sabaraja\system\CodeIgniter.php(802): App\Controllers\Peserta->detail_siswa('1011')
#6 C:\xampp\htdocs\sabaraja\system\CodeIgniter.php(399): CodeIgniter\CodeIgniter->runController(Object(App\Controllers\Peserta))
#7 C:\xampp\htdocs\sabaraja\system\CodeIgniter.php(317): CodeIgniter\CodeIgniter->handleRequest(NULL, Object(Config\Cache), false)
#8 C:\xampp\htdocs\sabaraja\public\index.php(37): CodeIgniter\CodeIgniter->run()
#9 C:\xampp\htdocs\sabaraja\system\Commands\Server\rewrite.php(43): require_once('C:\\xampp\\htdocs...')
#10 {main}
ERROR - 2026-01-07 10:41:46 --> Unknown column 'tbl_kelas.id_guru' in 'on clause'
CRITICAL - 2026-01-07 10:41:46 --> Unknown column 'tbl_kelas.id_guru' in 'on clause'
#0 C:\xampp\htdocs\sabaraja\system\Database\MySQLi\Connection.php(280): mysqli->query('SELECT *\nFROM `...')
#1 C:\xampp\htdocs\sabaraja\system\Database\BaseConnection.php(663): CodeIgniter\Database\MySQLi\Connection->execute('SELECT *\nFROM `...')
#2 C:\xampp\htdocs\sabaraja\system\Database\BaseConnection.php(591): CodeIgniter\Database\BaseConnection->simpleQuery('SELECT *\nFROM `...')
#3 C:\xampp\htdocs\sabaraja\system\Database\BaseBuilder.php(1428): CodeIgniter\Database\BaseConnection->query('SELECT *\nFROM `...', Array, false)
#4 C:\xampp\htdocs\sabaraja\app\Models\ModelPeserta.php(242): CodeIgniter\Database\BaseBuilder->get()
#5 C:\xampp\htdocs\sabaraja\app\Controllers\Peserta.php(175): App\Models\ModelPeserta->rekamdidik('1011')
#6 C:\xampp\htdocs\sabaraja\system\CodeIgniter.php(802): App\Controllers\Peserta->detail_siswa('1011')
#7 C:\xampp\htdocs\sabaraja\system\CodeIgniter.php(399): CodeIgniter\CodeIgniter->runController(Object(App\Controllers\Peserta))
#8 C:\xampp\htdocs\sabaraja\system\CodeIgniter.php(317): CodeIgniter\CodeIgniter->handleRequest(NULL, Object(Config\Cache), false)
#9 C:\xampp\htdocs\sabaraja\public\index.php(37): CodeIgniter\CodeIgniter->run()
#10 C:\xampp\htdocs\sabaraja\system\Commands\Server\rewrite.php(43): require_once('C:\\xampp\\htdocs...')
#11 {main}
ERROR - 2026-01-07 10:57:44 --> Unknown column 'tbl_database.nisn_siswa' in 'where clause'
CRITICAL - 2026-01-07 10:57:44 --> Unknown column 'tbl_database.nisn_siswa' in 'where clause'
#0 C:\xampp\htdocs\sabaraja\system\Database\MySQLi\Connection.php(280): mysqli->query('SELECT *\nFROM `...')
#1 C:\xampp\htdocs\sabaraja\system\Database\BaseConnection.php(663): CodeIgniter\Database\MySQLi\Connection->execute('SELECT *\nFROM `...')
#2 C:\xampp\htdocs\sabaraja\system\Database\BaseConnection.php(591): CodeIgniter\Database\BaseConnection->simpleQuery('SELECT *\nFROM `...')
#3 C:\xampp\htdocs\sabaraja\system\Database\BaseBuilder.php(1428): CodeIgniter\Database\BaseConnection->query('SELECT *\nFROM `...', Array, false)
#4 C:\xampp\htdocs\sabaraja\app\Models\ModelPeserta.php(243): CodeIgniter\Database\BaseBuilder->get()
#5 C:\xampp\htdocs\sabaraja\app\Controllers\Peserta.php(175): App\Models\ModelPeserta->rekamdidik('1011')
#6 C:\xampp\htdocs\sabaraja\system\CodeIgniter.php(802): App\Controllers\Peserta->detail_siswa('1011')
#7 C:\xampp\htdocs\sabaraja\system\CodeIgniter.php(399): CodeIgniter\CodeIgniter->runController(Object(App\Controllers\Peserta))
#8 C:\xampp\htdocs\sabaraja\system\CodeIgniter.php(317): CodeIgniter\CodeIgniter->handleRequest(NULL, Object(Config\Cache), false)
#9 C:\xampp\htdocs\sabaraja\public\index.php(37): CodeIgniter\CodeIgniter->run()
#10 C:\xampp\htdocs\sabaraja\system\Commands\Server\rewrite.php(43): require_once('C:\\xampp\\htdocs...')
#11 {main}
ERROR - 2026-01-07 10:58:11 --> Unknown column 'tbl_database.nisn_siswa' in 'where clause'
CRITICAL - 2026-01-07 10:58:11 --> Unknown column 'tbl_database.nisn_siswa' in 'where clause'
#0 C:\xampp\htdocs\sabaraja\system\Database\MySQLi\Connection.php(280): mysqli->query('SELECT *\nFROM `...')
#1 C:\xampp\htdocs\sabaraja\system\Database\BaseConnection.php(663): CodeIgniter\Database\MySQLi\Connection->execute('SELECT *\nFROM `...')
#2 C:\xampp\htdocs\sabaraja\system\Database\BaseConnection.php(591): CodeIgniter\Database\BaseConnection->simpleQuery('SELECT *\nFROM `...')
#3 C:\xampp\htdocs\sabaraja\system\Database\BaseBuilder.php(1428): CodeIgniter\Database\BaseConnection->query('SELECT *\nFROM `...', Array, false)
#4 C:\xampp\htdocs\sabaraja\app\Models\ModelPeserta.php(243): CodeIgniter\Database\BaseBuilder->get()
#5 C:\xampp\htdocs\sabaraja\app\Controllers\Peserta.php(175): App\Models\ModelPeserta->rekamdidik('1011')
#6 C:\xampp\htdocs\sabaraja\system\CodeIgniter.php(802): App\Controllers\Peserta->detail_siswa('1011')
#7 C:\xampp\htdocs\sabaraja\system\CodeIgniter.php(399): CodeIgniter\CodeIgniter->runController(Object(App\Controllers\Peserta))
#8 C:\xampp\htdocs\sabaraja\system\CodeIgniter.php(317): CodeIgniter\CodeIgniter->handleRequest(NULL, Object(Config\Cache), false)
#9 C:\xampp\htdocs\sabaraja\public\index.php(37): CodeIgniter\CodeIgniter->run()
#10 C:\xampp\htdocs\sabaraja\system\Commands\Server\rewrite.php(43): require_once('C:\\xampp\\htdocs...')
#11 {main}
CRITICAL - 2026-01-07 10:59:25 --> Undefined variable: siswa
#0 C:\xampp\htdocs\sabaraja\app\Views\admin\peserta\v_detail_siswa.php(40): CodeIgniter\Debug\Exceptions->errorHandler(8, 'Undefined varia...', 'C:\\xampp\\htdocs...', 40, Array)
#1 C:\xampp\htdocs\sabaraja\system\View\View.php(214): include('C:\\xampp\\htdocs...')
#2 C:\xampp\htdocs\sabaraja\system\View\View.php(217): CodeIgniter\View\View->CodeIgniter\View\{closure}()
#3 C:\xampp\htdocs\sabaraja\system\Common.php(1092): CodeIgniter\View\View->render('admin/peserta/v...', Array, true)
#4 C:\xampp\htdocs\sabaraja\app\Controllers\Peserta.php(177): view('admin/peserta/v...', Array)
#5 C:\xampp\htdocs\sabaraja\system\CodeIgniter.php(802): App\Controllers\Peserta->detail_siswa('1011')
#6 C:\xampp\htdocs\sabaraja\system\CodeIgniter.php(399): CodeIgniter\CodeIgniter->runController(Object(App\Controllers\Peserta))
#7 C:\xampp\htdocs\sabaraja\system\CodeIgniter.php(317): CodeIgniter\CodeIgniter->handleRequest(NULL, Object(Config\Cache), false)
#8 C:\xampp\htdocs\sabaraja\public\index.php(37): CodeIgniter\CodeIgniter->run()
#9 C:\xampp\htdocs\sabaraja\system\Commands\Server\rewrite.php(43): require_once('C:\\xampp\\htdocs...')
#10 {main}
CRITICAL - 2026-01-07 10:59:44 --> Undefined variable: siswa
#0 C:\xampp\htdocs\sabaraja\app\Views\admin\peserta\v_detail_siswa.php(40): CodeIgniter\Debug\Exceptions->errorHandler(8, 'Undefined varia...', 'C:\\xampp\\htdocs...', 40, Array)
#1 C:\xampp\htdocs\sabaraja\system\View\View.php(214): include('C:\\xampp\\htdocs...')
#2 C:\xampp\htdocs\sabaraja\system\View\View.php(217): CodeIgniter\View\View->CodeIgniter\View\{closure}()
#3 C:\xampp\htdocs\sabaraja\system\Common.php(1092): CodeIgniter\View\View->render('admin/peserta/v...', Array, true)
#4 C:\xampp\htdocs\sabaraja\app\Controllers\Peserta.php(177): view('admin/peserta/v...', Array)
#5 C:\xampp\htdocs\sabaraja\system\CodeIgniter.php(802): App\Controllers\Peserta->detail_siswa('1011')
#6 C:\xampp\htdocs\sabaraja\system\CodeIgniter.php(399): CodeIgniter\CodeIgniter->runController(Object(App\Controllers\Peserta))
#7 C:\xampp\htdocs\sabaraja\system\CodeIgniter.php(317): CodeIgniter\CodeIgniter->handleRequest(NULL, Object(Config\Cache), false)
#8 C:\xampp\htdocs\sabaraja\public\index.php(37): CodeIgniter\CodeIgniter->run()
#9 C:\xampp\htdocs\sabaraja\system\Commands\Server\rewrite.php(43): require_once('C:\\xampp\\htdocs...')
#10 {main}
CRITICAL - 2026-01-07 11:00:03 --> Undefined index: ta
#0 C:\xampp\htdocs\sabaraja\app\Views\admin\peserta\v_detail_siswa.php(366): CodeIgniter\Debug\Exceptions->errorHandler(8, 'Undefined index...', 'C:\\xampp\\htdocs...', 366, Array)
#1 C:\xampp\htdocs\sabaraja\system\View\View.php(214): include('C:\\xampp\\htdocs...')
#2 C:\xampp\htdocs\sabaraja\system\View\View.php(217): CodeIgniter\View\View->CodeIgniter\View\{closure}()
#3 C:\xampp\htdocs\sabaraja\system\Common.php(1092): CodeIgniter\View\View->render('admin/peserta/v...', Array, true)
#4 C:\xampp\htdocs\sabaraja\app\Controllers\Peserta.php(177): view('admin/peserta/v...', Array)
#5 C:\xampp\htdocs\sabaraja\system\CodeIgniter.php(802): App\Controllers\Peserta->detail_siswa('1011')
#6 C:\xampp\htdocs\sabaraja\system\CodeIgniter.php(399): CodeIgniter\CodeIgniter->runController(Object(App\Controllers\Peserta))
#7 C:\xampp\htdocs\sabaraja\system\CodeIgniter.php(317): CodeIgniter\CodeIgniter->handleRequest(NULL, Object(Config\Cache), false)
#8 C:\xampp\htdocs\sabaraja\public\index.php(37): CodeIgniter\CodeIgniter->run()
#9 C:\xampp\htdocs\sabaraja\system\Commands\Server\rewrite.php(43): require_once('C:\\xampp\\htdocs...')
#10 {main}
ERROR - 2026-01-07 12:26:41 --> Unknown column 'tbl_siswa.id_kelas' in 'on clause'
CRITICAL - 2026-01-07 12:26:41 --> Unknown column 'tbl_siswa.id_kelas' in 'on clause'
#0 C:\xampp\htdocs\sabaraja\system\Database\MySQLi\Connection.php(280): mysqli->query('SELECT *\nFROM `...')
#1 C:\xampp\htdocs\sabaraja\system\Database\BaseConnection.php(663): CodeIgniter\Database\MySQLi\Connection->execute('SELECT *\nFROM `...')
#2 C:\xampp\htdocs\sabaraja\system\Database\BaseConnection.php(591): CodeIgniter\Database\BaseConnection->simpleQuery('SELECT *\nFROM `...')
#3 C:\xampp\htdocs\sabaraja\system\Database\BaseBuilder.php(1428): CodeIgniter\Database\BaseConnection->query('SELECT *\nFROM `...', Array, false)
#4 C:\xampp\htdocs\sabaraja\app\Models\ModelPeserta.php(59): CodeIgniter\Database\BaseBuilder->get()
#5 C:\xampp\htdocs\sabaraja\app\Controllers\Peserta.php(173): App\Models\ModelPeserta->DataPeserta('1011')
#6 C:\xampp\htdocs\sabaraja\system\CodeIgniter.php(802): App\Controllers\Peserta->detail_siswa('1011')
#7 C:\xampp\htdocs\sabaraja\system\CodeIgniter.php(399): CodeIgniter\CodeIgniter->runController(Object(App\Controllers\Peserta))
#8 C:\xampp\htdocs\sabaraja\system\CodeIgniter.php(317): CodeIgniter\CodeIgniter->handleRequest(NULL, Object(Config\Cache), false)
#9 C:\xampp\htdocs\sabaraja\public\index.php(37): CodeIgniter\CodeIgniter->run()
#10 C:\xampp\htdocs\sabaraja\system\Commands\Server\rewrite.php(43): require_once('C:\\xampp\\htdocs...')
#11 {main}
ERROR - 2026-01-07 12:27:09 --> Unknown column 'tbl_siswa.id_kelas' in 'on clause'
CRITICAL - 2026-01-07 12:27:09 --> Unknown column 'tbl_siswa.id_kelas' in 'on clause'
#0 C:\xampp\htdocs\sabaraja\system\Database\MySQLi\Connection.php(280): mysqli->query('SELECT *\nFROM `...')
#1 C:\xampp\htdocs\sabaraja\system\Database\BaseConnection.php(663): CodeIgniter\Database\MySQLi\Connection->execute('SELECT *\nFROM `...')
#2 C:\xampp\htdocs\sabaraja\system\Database\BaseConnection.php(591): CodeIgniter\Database\BaseConnection->simpleQuery('SELECT *\nFROM `...')
#3 C:\xampp\htdocs\sabaraja\system\Database\BaseBuilder.php(1428): CodeIgniter\Database\BaseConnection->query('SELECT *\nFROM `...', Array, false)
#4 C:\xampp\htdocs\sabaraja\app\Models\ModelPeserta.php(59): CodeIgniter\Database\BaseBuilder->get()
#5 C:\xampp\htdocs\sabaraja\app\Controllers\Peserta.php(173): App\Models\ModelPeserta->DataPeserta('1011')
#6 C:\xampp\htdocs\sabaraja\system\CodeIgniter.php(802): App\Controllers\Peserta->detail_siswa('1011')
#7 C:\xampp\htdocs\sabaraja\system\CodeIgniter.php(399): CodeIgniter\CodeIgniter->runController(Object(App\Controllers\Peserta))
#8 C:\xampp\htdocs\sabaraja\system\CodeIgniter.php(317): CodeIgniter\CodeIgniter->handleRequest(NULL, Object(Config\Cache), false)
#9 C:\xampp\htdocs\sabaraja\public\index.php(37): CodeIgniter\CodeIgniter->run()
#10 C:\xampp\htdocs\sabaraja\system\Commands\Server\rewrite.php(43): require_once('C:\\xampp\\htdocs...')
#11 {main}
ERROR - 2026-01-07 12:27:49 --> Unknown column 'tbl_siswa.id_database' in 'on clause'
CRITICAL - 2026-01-07 12:27:49 --> Unknown column 'tbl_siswa.id_database' in 'on clause'
#0 C:\xampp\htdocs\sabaraja\system\Database\MySQLi\Connection.php(280): mysqli->query('SELECT *\nFROM `...')
#1 C:\xampp\htdocs\sabaraja\system\Database\BaseConnection.php(663): CodeIgniter\Database\MySQLi\Connection->execute('SELECT *\nFROM `...')
#2 C:\xampp\htdocs\sabaraja\system\Database\BaseConnection.php(591): CodeIgniter\Database\BaseConnection->simpleQuery('SELECT *\nFROM `...')
#3 C:\xampp\htdocs\sabaraja\system\Database\BaseBuilder.php(1428): CodeIgniter\Database\BaseConnection->query('SELECT *\nFROM `...', Array, false)
#4 C:\xampp\htdocs\sabaraja\app\Models\ModelPeserta.php(74): CodeIgniter\Database\BaseBuilder->get()
#5 C:\xampp\htdocs\sabaraja\app\Controllers\Peserta.php(176): App\Models\ModelPeserta->linkwa('1011')
#6 C:\xampp\htdocs\sabaraja\system\CodeIgniter.php(802): App\Controllers\Peserta->detail_siswa('1011')
#7 C:\xampp\htdocs\sabaraja\system\CodeIgniter.php(399): CodeIgniter\CodeIgniter->runController(Object(App\Controllers\Peserta))
#8 C:\xampp\htdocs\sabaraja\system\CodeIgniter.php(317): CodeIgniter\CodeIgniter->handleRequest(NULL, Object(Config\Cache), false)
#9 C:\xampp\htdocs\sabaraja\public\index.php(37): CodeIgniter\CodeIgniter->run()
#10 C:\xampp\htdocs\sabaraja\system\Commands\Server\rewrite.php(43): require_once('C:\\xampp\\htdocs...')
#11 {main}
CRITICAL - 2026-01-07 12:28:55 --> Trying to access array offset on value of type null
#0 C:\xampp\htdocs\sabaraja\app\Views\admin\peserta\v_detail_siswa.php(105): CodeIgniter\Debug\Exceptions->errorHandler(8, 'Trying to acces...', 'C:\\xampp\\htdocs...', 105, Array)
#1 C:\xampp\htdocs\sabaraja\system\View\View.php(214): include('C:\\xampp\\htdocs...')
#2 C:\xampp\htdocs\sabaraja\system\View\View.php(217): CodeIgniter\View\View->CodeIgniter\View\{closure}()
#3 C:\xampp\htdocs\sabaraja\system\Common.php(1092): CodeIgniter\View\View->render('admin/peserta/v...', Array, true)
#4 C:\xampp\htdocs\sabaraja\app\Controllers\Peserta.php(178): view('admin/peserta/v...', Array)
#5 C:\xampp\htdocs\sabaraja\system\CodeIgniter.php(802): App\Controllers\Peserta->detail_siswa('1011')
#6 C:\xampp\htdocs\sabaraja\system\CodeIgniter.php(399): CodeIgniter\CodeIgniter->runController(Object(App\Controllers\Peserta))
#7 C:\xampp\htdocs\sabaraja\system\CodeIgniter.php(317): CodeIgniter\CodeIgniter->handleRequest(NULL, Object(Config\Cache), false)
#8 C:\xampp\htdocs\sabaraja\public\index.php(37): CodeIgniter\CodeIgniter->run()
#9 C:\xampp\htdocs\sabaraja\system\Commands\Server\rewrite.php(43): require_once('C:\\xampp\\htdocs...')
#10 {main}
CRITICAL - 2026-01-07 12:29:11 --> Trying to access array offset on value of type null
#0 C:\xampp\htdocs\sabaraja\app\Views\admin\peserta\v_detail_siswa.php(105): CodeIgniter\Debug\Exceptions->errorHandler(8, 'Trying to acces...', 'C:\\xampp\\htdocs...', 105, Array)
#1 C:\xampp\htdocs\sabaraja\system\View\View.php(214): include('C:\\xampp\\htdocs...')
#2 C:\xampp\htdocs\sabaraja\system\View\View.php(217): CodeIgniter\View\View->CodeIgniter\View\{closure}()
#3 C:\xampp\htdocs\sabaraja\system\Common.php(1092): CodeIgniter\View\View->render('admin/peserta/v...', Array, true)
#4 C:\xampp\htdocs\sabaraja\app\Controllers\Peserta.php(178): view('admin/peserta/v...', Array)
#5 C:\xampp\htdocs\sabaraja\system\CodeIgniter.php(802): App\Controllers\Peserta->detail_siswa('1011')
#6 C:\xampp\htdocs\sabaraja\system\CodeIgniter.php(399): CodeIgniter\CodeIgniter->runController(Object(App\Controllers\Peserta))
#7 C:\xampp\htdocs\sabaraja\system\CodeIgniter.php(317): CodeIgniter\CodeIgniter->handleRequest(NULL, Object(Config\Cache), false)
#8 C:\xampp\htdocs\sabaraja\public\index.php(37): CodeIgniter\CodeIgniter->run()
#9 C:\xampp\htdocs\sabaraja\system\Commands\Server\rewrite.php(43): require_once('C:\\xampp\\htdocs...')
#10 {main}
CRITICAL - 2026-01-07 12:29:12 --> Trying to access array offset on value of type null
#0 C:\xampp\htdocs\sabaraja\app\Views\admin\peserta\v_detail_siswa.php(105): CodeIgniter\Debug\Exceptions->errorHandler(8, 'Trying to acces...', 'C:\\xampp\\htdocs...', 105, Array)
#1 C:\xampp\htdocs\sabaraja\system\View\View.php(214): include('C:\\xampp\\htdocs...')
#2 C:\xampp\htdocs\sabaraja\system\View\View.php(217): CodeIgniter\View\View->CodeIgniter\View\{closure}()
#3 C:\xampp\htdocs\sabaraja\system\Common.php(1092): CodeIgniter\View\View->render('admin/peserta/v...', Array, true)
#4 C:\xampp\htdocs\sabaraja\app\Controllers\Peserta.php(178): view('admin/peserta/v...', Array)
#5 C:\xampp\htdocs\sabaraja\system\CodeIgniter.php(802): App\Controllers\Peserta->detail_siswa('1011')
#6 C:\xampp\htdocs\sabaraja\system\CodeIgniter.php(399): CodeIgniter\CodeIgniter->runController(Object(App\Controllers\Peserta))
#7 C:\xampp\htdocs\sabaraja\system\CodeIgniter.php(317): CodeIgniter\CodeIgniter->handleRequest(NULL, Object(Config\Cache), false)
#8 C:\xampp\htdocs\sabaraja\public\index.php(37): CodeIgniter\CodeIgniter->run()
#9 C:\xampp\htdocs\sabaraja\system\Commands\Server\rewrite.php(43): require_once('C:\\xampp\\htdocs...')
#10 {main}
CRITICAL - 2026-01-07 12:29:22 --> Trying to access array offset on value of type null
#0 C:\xampp\htdocs\sabaraja\app\Views\admin\peserta\v_detail_siswa.php(105): CodeIgniter\Debug\Exceptions->errorHandler(8, 'Trying to acces...', 'C:\\xampp\\htdocs...', 105, Array)
#1 C:\xampp\htdocs\sabaraja\system\View\View.php(214): include('C:\\xampp\\htdocs...')
#2 C:\xampp\htdocs\sabaraja\system\View\View.php(217): CodeIgniter\View\View->CodeIgniter\View\{closure}()
#3 C:\xampp\htdocs\sabaraja\system\Common.php(1092): CodeIgniter\View\View->render('admin/peserta/v...', Array, true)
#4 C:\xampp\htdocs\sabaraja\app\Controllers\Peserta.php(178): view('admin/peserta/v...', Array)
#5 C:\xampp\htdocs\sabaraja\system\CodeIgniter.php(802): App\Controllers\Peserta->detail_siswa('1011')
#6 C:\xampp\htdocs\sabaraja\system\CodeIgniter.php(399): CodeIgniter\CodeIgniter->runController(Object(App\Controllers\Peserta))
#7 C:\xampp\htdocs\sabaraja\system\CodeIgniter.php(317): CodeIgniter\CodeIgniter->handleRequest(NULL, Object(Config\Cache), false)
#8 C:\xampp\htdocs\sabaraja\public\index.php(37): CodeIgniter\CodeIgniter->run()
#9 C:\xampp\htdocs\sabaraja\system\Commands\Server\rewrite.php(43): require_once('C:\\xampp\\htdocs...')
#10 {main}
CRITICAL - 2026-01-07 12:30:14 --> Trying to access array offset on value of type null
#0 C:\xampp\htdocs\sabaraja\app\Views\admin\peserta\v_detail_siswa.php(105): CodeIgniter\Debug\Exceptions->errorHandler(8, 'Trying to acces...', 'C:\\xampp\\htdocs...', 105, Array)
#1 C:\xampp\htdocs\sabaraja\system\View\View.php(214): include('C:\\xampp\\htdocs...')
#2 C:\xampp\htdocs\sabaraja\system\View\View.php(217): CodeIgniter\View\View->CodeIgniter\View\{closure}()
#3 C:\xampp\htdocs\sabaraja\system\Common.php(1092): CodeIgniter\View\View->render('admin/peserta/v...', Array, true)
#4 C:\xampp\htdocs\sabaraja\app\Controllers\Peserta.php(178): view('admin/peserta/v...', Array)
#5 C:\xampp\htdocs\sabaraja\system\CodeIgniter.php(802): App\Controllers\Peserta->detail_siswa('1011')
#6 C:\xampp\htdocs\sabaraja\system\CodeIgniter.php(399): CodeIgniter\CodeIgniter->runController(Object(App\Controllers\Peserta))
#7 C:\xampp\htdocs\sabaraja\system\CodeIgniter.php(317): CodeIgniter\CodeIgniter->handleRequest(NULL, Object(Config\Cache), false)
#8 C:\xampp\htdocs\sabaraja\public\index.php(37): CodeIgniter\CodeIgniter->run()
#9 C:\xampp\htdocs\sabaraja\system\Commands\Server\rewrite.php(43): require_once('C:\\xampp\\htdocs...')
#10 {main}
CRITICAL - 2026-01-07 12:31:46 --> Trying to access array offset on value of type null
#0 C:\xampp\htdocs\sabaraja\app\Views\admin\peserta\v_detail_siswa.php(105): CodeIgniter\Debug\Exceptions->errorHandler(8, 'Trying to acces...', 'C:\\xampp\\htdocs...', 105, Array)
#1 C:\xampp\htdocs\sabaraja\system\View\View.php(214): include('C:\\xampp\\htdocs...')
#2 C:\xampp\htdocs\sabaraja\system\View\View.php(217): CodeIgniter\View\View->CodeIgniter\View\{closure}()
#3 C:\xampp\htdocs\sabaraja\system\Common.php(1092): CodeIgniter\View\View->render('admin/peserta/v...', Array, true)
#4 C:\xampp\htdocs\sabaraja\app\Controllers\Peserta.php(178): view('admin/peserta/v...', Array)
#5 C:\xampp\htdocs\sabaraja\system\CodeIgniter.php(802): App\Controllers\Peserta->detail_siswa('1011')
#6 C:\xampp\htdocs\sabaraja\system\CodeIgniter.php(399): CodeIgniter\CodeIgniter->runController(Object(App\Controllers\Peserta))
#7 C:\xampp\htdocs\sabaraja\system\CodeIgniter.php(317): CodeIgniter\CodeIgniter->handleRequest(NULL, Object(Config\Cache), false)
#8 C:\xampp\htdocs\sabaraja\public\index.php(37): CodeIgniter\CodeIgniter->run()
#9 C:\xampp\htdocs\sabaraja\system\Commands\Server\rewrite.php(43): require_once('C:\\xampp\\htdocs...')
#10 {main}
CRITICAL - 2026-01-07 12:32:31 --> Trying to access array offset on value of type null
#0 C:\xampp\htdocs\sabaraja\app\Views\admin\peserta\v_detail_siswa.php(105): CodeIgniter\Debug\Exceptions->errorHandler(8, 'Trying to acces...', 'C:\\xampp\\htdocs...', 105, Array)
#1 C:\xampp\htdocs\sabaraja\system\View\View.php(214): include('C:\\xampp\\htdocs...')
#2 C:\xampp\htdocs\sabaraja\system\View\View.php(217): CodeIgniter\View\View->CodeIgniter\View\{closure}()
#3 C:\xampp\htdocs\sabaraja\system\Common.php(1092): CodeIgniter\View\View->render('admin/peserta/v...', Array, true)
#4 C:\xampp\htdocs\sabaraja\app\Controllers\Peserta.php(178): view('admin/peserta/v...', Array)
#5 C:\xampp\htdocs\sabaraja\system\CodeIgniter.php(802): App\Controllers\Peserta->detail_siswa('1011')
#6 C:\xampp\htdocs\sabaraja\system\CodeIgniter.php(399): CodeIgniter\CodeIgniter->runController(Object(App\Controllers\Peserta))
#7 C:\xampp\htdocs\sabaraja\system\CodeIgniter.php(317): CodeIgniter\CodeIgniter->handleRequest(NULL, Object(Config\Cache), false)
#8 C:\xampp\htdocs\sabaraja\public\index.php(37): CodeIgniter\CodeIgniter->run()
#9 C:\xampp\htdocs\sabaraja\system\Commands\Server\rewrite.php(43): require_once('C:\\xampp\\htdocs...')
#10 {main}
ERROR - 2026-01-07 12:58:43 --> Unknown column 'tbl_ta.tahun_ajaran' in 'field list'
CRITICAL - 2026-01-07 12:58:43 --> Unknown column 'tbl_ta.tahun_ajaran' in 'field list'
#0 C:\xampp\htdocs\sabaraja\system\Database\MySQLi\Connection.php(280): mysqli->query('SELECT `tbl_sis...')
#1 C:\xampp\htdocs\sabaraja\system\Database\BaseConnection.php(663): CodeIgniter\Database\MySQLi\Connection->execute('SELECT `tbl_sis...')
#2 C:\xampp\htdocs\sabaraja\system\Database\BaseConnection.php(591): CodeIgniter\Database\BaseConnection->simpleQuery('SELECT `tbl_sis...')
#3 C:\xampp\htdocs\sabaraja\system\Database\BaseBuilder.php(1428): CodeIgniter\Database\BaseConnection->query('SELECT `tbl_sis...', Array, false)
#4 C:\xampp\htdocs\sabaraja\app\Models\ModelPeserta.php(82): CodeIgniter\Database\BaseBuilder->get()
#5 C:\xampp\htdocs\sabaraja\app\Controllers\Peserta.php(176): App\Models\ModelPeserta->linkwa('1011')
#6 C:\xampp\htdocs\sabaraja\system\CodeIgniter.php(802): App\Controllers\Peserta->detail_siswa('1011')
#7 C:\xampp\htdocs\sabaraja\system\CodeIgniter.php(399): CodeIgniter\CodeIgniter->runController(Object(App\Controllers\Peserta))
#8 C:\xampp\htdocs\sabaraja\system\CodeIgniter.php(317): CodeIgniter\CodeIgniter->handleRequest(NULL, Object(Config\Cache), false)
#9 C:\xampp\htdocs\sabaraja\public\index.php(37): CodeIgniter\CodeIgniter->run()
#10 C:\xampp\htdocs\sabaraja\system\Commands\Server\rewrite.php(43): require_once('C:\\xampp\\htdocs...')
#11 {main}
CRITICAL - 2026-01-07 12:59:37 --> Trying to access array offset on value of type null
#0 C:\xampp\htdocs\sabaraja\app\Views\admin\peserta\v_detail_siswa.php(105): CodeIgniter\Debug\Exceptions->errorHandler(8, 'Trying to acces...', 'C:\\xampp\\htdocs...', 105, Array)
#1 C:\xampp\htdocs\sabaraja\system\View\View.php(214): include('C:\\xampp\\htdocs...')
#2 C:\xampp\htdocs\sabaraja\system\View\View.php(217): CodeIgniter\View\View->CodeIgniter\View\{closure}()
#3 C:\xampp\htdocs\sabaraja\system\Common.php(1092): CodeIgniter\View\View->render('admin/peserta/v...', Array, true)
#4 C:\xampp\htdocs\sabaraja\app\Controllers\Peserta.php(178): view('admin/peserta/v...', Array)
#5 C:\xampp\htdocs\sabaraja\system\CodeIgniter.php(802): App\Controllers\Peserta->detail_siswa('1011')
#6 C:\xampp\htdocs\sabaraja\system\CodeIgniter.php(399): CodeIgniter\CodeIgniter->runController(Object(App\Controllers\Peserta))
#7 C:\xampp\htdocs\sabaraja\system\CodeIgniter.php(317): CodeIgniter\CodeIgniter->handleRequest(NULL, Object(Config\Cache), false)
#8 C:\xampp\htdocs\sabaraja\public\index.php(37): CodeIgniter\CodeIgniter->run()
#9 C:\xampp\htdocs\sabaraja\system\Commands\Server\rewrite.php(43): require_once('C:\\xampp\\htdocs...')
#10 {main}
CRITICAL - 2026-01-07 13:29:00 --> Trying to access array offset on value of type null
#0 C:\xampp\htdocs\sabaraja\app\Views\admin\peserta\v_detail_siswa.php(105): CodeIgniter\Debug\Exceptions->errorHandler(8, 'Trying to acces...', 'C:\\xampp\\htdocs...', 105, Array)
#1 C:\xampp\htdocs\sabaraja\system\View\View.php(214): include('C:\\xampp\\htdocs...')
#2 C:\xampp\htdocs\sabaraja\system\View\View.php(217): CodeIgniter\View\View->CodeIgniter\View\{closure}()
#3 C:\xampp\htdocs\sabaraja\system\Common.php(1092): CodeIgniter\View\View->render('admin/peserta/v...', Array, true)
#4 C:\xampp\htdocs\sabaraja\app\Controllers\Peserta.php(178): view('admin/peserta/v...', Array)
#5 C:\xampp\htdocs\sabaraja\system\CodeIgniter.php(802): App\Controllers\Peserta->detail_siswa('1011')
#6 C:\xampp\htdocs\sabaraja\system\CodeIgniter.php(399): CodeIgniter\CodeIgniter->runController(Object(App\Controllers\Peserta))
#7 C:\xampp\htdocs\sabaraja\system\CodeIgniter.php(317): CodeIgniter\CodeIgniter->handleRequest(NULL, Object(Config\Cache), false)
#8 C:\xampp\htdocs\sabaraja\public\index.php(37): CodeIgniter\CodeIgniter->run()
#9 C:\xampp\htdocs\sabaraja\system\Commands\Server\rewrite.php(43): require_once('C:\\xampp\\htdocs...')
#10 {main}
CRITICAL - 2026-01-07 21:04:15 --> Trying to access array offset on value of type null
#0 C:\xampp\htdocs\sabaraja\app\Views\admin\peserta\v_detail_siswa.php(40): CodeIgniter\Debug\Exceptions->errorHandler(8, 'Trying to acces...', 'C:\\xampp\\htdocs...', 40, Array)
#1 C:\xampp\htdocs\sabaraja\system\View\View.php(214): include('C:\\xampp\\htdocs...')
#2 C:\xampp\htdocs\sabaraja\system\View\View.php(217): CodeIgniter\View\View->CodeIgniter\View\{closure}()
#3 C:\xampp\htdocs\sabaraja\system\Common.php(1092): CodeIgniter\View\View->render('admin/peserta/v...', Array, true)
#4 C:\xampp\htdocs\sabaraja\app\Controllers\Peserta.php(178): view('admin/peserta/v...', Array)
#5 C:\xampp\htdocs\sabaraja\system\CodeIgniter.php(802): App\Controllers\Peserta->detail_siswa('rrrrrr')
#6 C:\xampp\htdocs\sabaraja\system\CodeIgniter.php(399): CodeIgniter\CodeIgniter->runController(Object(App\Controllers\Peserta))
#7 C:\xampp\htdocs\sabaraja\system\CodeIgniter.php(317): CodeIgniter\CodeIgniter->handleRequest(NULL, Object(Config\Cache), false)
#8 C:\xampp\htdocs\sabaraja\public\index.php(37): CodeIgniter\CodeIgniter->run()
#9 C:\xampp\htdocs\sabaraja\system\Commands\Server\rewrite.php(43): require_once('C:\\xampp\\htdocs...')
#10 {main}
CRITICAL - 2026-01-07 21:04:43 --> Trying to access array offset on value of type null
#0 C:\xampp\htdocs\sabaraja\app\Views\admin\peserta\v_detail_siswa.php(40): CodeIgniter\Debug\Exceptions->errorHandler(8, 'Trying to acces...', 'C:\\xampp\\htdocs...', 40, Array)
#1 C:\xampp\htdocs\sabaraja\system\View\View.php(214): include('C:\\xampp\\htdocs...')
#2 C:\xampp\htdocs\sabaraja\system\View\View.php(217): CodeIgniter\View\View->CodeIgniter\View\{closure}()
#3 C:\xampp\htdocs\sabaraja\system\Common.php(1092): CodeIgniter\View\View->render('admin/peserta/v...', Array, true)
#4 C:\xampp\htdocs\sabaraja\app\Controllers\Peserta.php(178): view('admin/peserta/v...', Array)
#5 C:\xampp\htdocs\sabaraja\system\CodeIgniter.php(802): App\Controllers\Peserta->detail_siswa('rrrrrr')
#6 C:\xampp\htdocs\sabaraja\system\CodeIgniter.php(399): CodeIgniter\CodeIgniter->runController(Object(App\Controllers\Peserta))
#7 C:\xampp\htdocs\sabaraja\system\CodeIgniter.php(317): CodeIgniter\CodeIgniter->handleRequest(NULL, Object(Config\Cache), false)
#8 C:\xampp\htdocs\sabaraja\public\index.php(37): CodeIgniter\CodeIgniter->run()
#9 C:\xampp\htdocs\sabaraja\system\Commands\Server\rewrite.php(43): require_once('C:\\xampp\\htdocs...')
#10 {main}
CRITICAL - 2026-01-07 21:36:07 --> Undefined variable: alamat
#0 C:\xampp\htdocs\sabaraja\app\Views\admin\peserta\v_detail_siswa.php(1023): CodeIgniter\Debug\Exceptions->errorHandler(8, 'Undefined varia...', 'C:\\xampp\\htdocs...', 1023, Array)
#1 C:\xampp\htdocs\sabaraja\system\View\View.php(214): include('C:\\xampp\\htdocs...')
#2 C:\xampp\htdocs\sabaraja\system\View\View.php(217): CodeIgniter\View\View->CodeIgniter\View\{closure}()
#3 C:\xampp\htdocs\sabaraja\system\Common.php(1092): CodeIgniter\View\View->render('admin/peserta/v...', Array, true)
#4 C:\xampp\htdocs\sabaraja\app\Controllers\Peserta.php(178): view('admin/peserta/v...', Array)
#5 C:\xampp\htdocs\sabaraja\system\CodeIgniter.php(802): App\Controllers\Peserta->detail_siswa('1011')
#6 C:\xampp\htdocs\sabaraja\system\CodeIgniter.php(399): CodeIgniter\CodeIgniter->runController(Object(App\Controllers\Peserta))
#7 C:\xampp\htdocs\sabaraja\system\CodeIgniter.php(317): CodeIgniter\CodeIgniter->handleRequest(NULL, Object(Config\Cache), false)
#8 C:\xampp\htdocs\sabaraja\public\index.php(37): CodeIgniter\CodeIgniter->run()
#9 C:\xampp\htdocs\sabaraja\system\Commands\Server\rewrite.php(43): require_once('C:\\xampp\\htdocs...')
#10 {main}
CRITICAL - 2026-01-07 21:37:40 --> Undefined property: App\Controllers\Wilayah::$kecamatanModel
#0 C:\xampp\htdocs\sabaraja\app\Controllers\Wilayah.php(30): CodeIgniter\Debug\Exceptions->errorHandler(8, 'Undefined prope...', 'C:\\xampp\\htdocs...', 30, Array)
#1 C:\xampp\htdocs\sabaraja\system\CodeIgniter.php(802): App\Controllers\Wilayah->dataKecamatan('1201')
#2 C:\xampp\htdocs\sabaraja\system\CodeIgniter.php(399): CodeIgniter\CodeIgniter->runController(Object(App\Controllers\Wilayah))
#3 C:\xampp\htdocs\sabaraja\system\CodeIgniter.php(317): CodeIgniter\CodeIgniter->handleRequest(NULL, Object(Config\Cache), false)
#4 C:\xampp\htdocs\sabaraja\public\index.php(37): CodeIgniter\CodeIgniter->run()
#5 C:\xampp\htdocs\sabaraja\system\Commands\Server\rewrite.php(43): require_once('C:\\xampp\\htdocs...')
#6 {main}
CRITICAL - 2026-01-07 21:45:16 --> Undefined variable: value
#0 C:\xampp\htdocs\sabaraja\app\Views\admin\peserta\v_detail_siswa.php(432): CodeIgniter\Debug\Exceptions->errorHandler(8, 'Undefined varia...', 'C:\\xampp\\htdocs...', 432, Array)
#1 C:\xampp\htdocs\sabaraja\system\View\View.php(214): include('C:\\xampp\\htdocs...')
#2 C:\xampp\htdocs\sabaraja\system\View\View.php(217): CodeIgniter\View\View->CodeIgniter\View\{closure}()
#3 C:\xampp\htdocs\sabaraja\system\Common.php(1092): CodeIgniter\View\View->render('admin/peserta/v...', Array, true)
#4 C:\xampp\htdocs\sabaraja\app\Controllers\Peserta.php(178): view('admin/peserta/v...', Array)
#5 C:\xampp\htdocs\sabaraja\system\CodeIgniter.php(802): App\Controllers\Peserta->detail_siswa('1011')
#6 C:\xampp\htdocs\sabaraja\system\CodeIgniter.php(399): CodeIgniter\CodeIgniter->runController(Object(App\Controllers\Peserta))
#7 C:\xampp\htdocs\sabaraja\system\CodeIgniter.php(317): CodeIgniter\CodeIgniter->handleRequest(NULL, Object(Config\Cache), false)
#8 C:\xampp\htdocs\sabaraja\public\index.php(37): CodeIgniter\CodeIgniter->run()
#9 C:\xampp\htdocs\sabaraja\system\Commands\Server\rewrite.php(43): require_once('C:\\xampp\\htdocs...')
#10 {main}
CRITICAL - 2026-01-07 22:02:47 --> You must set the database table to be used with your query.
#0 C:\xampp\htdocs\sabaraja\system\Model.php(545): CodeIgniter\Database\BaseConnection->table(NULL)
#1 C:\xampp\htdocs\sabaraja\system\Model.php(719): CodeIgniter\Model->builder()
#2 C:\xampp\htdocs\sabaraja\app\Controllers\Wilayah.php(20): CodeIgniter\Model->__call('getProvinsi', Array)
#3 C:\xampp\htdocs\sabaraja\system\CodeIgniter.php(802): App\Controllers\Wilayah->provinsi()
#4 C:\xampp\htdocs\sabaraja\system\CodeIgniter.php(399): CodeIgniter\CodeIgniter->runController(Object(App\Controllers\Wilayah))
#5 C:\xampp\htdocs\sabaraja\system\CodeIgniter.php(317): CodeIgniter\CodeIgniter->handleRequest(NULL, Object(Config\Cache), false)
#6 C:\xampp\htdocs\sabaraja\public\index.php(37): CodeIgniter\CodeIgniter->run()
#7 C:\xampp\htdocs\sabaraja\system\Commands\Server\rewrite.php(43): require_once('C:\\xampp\\htdocs...')
#8 {main}
CRITICAL - 2026-01-07 22:04:10 --> You must set the database table to be used with your query.
#0 C:\xampp\htdocs\sabaraja\system\Model.php(545): CodeIgniter\Database\BaseConnection->table(NULL)
#1 C:\xampp\htdocs\sabaraja\system\Model.php(719): CodeIgniter\Model->builder()
#2 C:\xampp\htdocs\sabaraja\app\Controllers\Admin.php(49): CodeIgniter\Model->__call('provinsi', Array)
#3 C:\xampp\htdocs\sabaraja\system\CodeIgniter.php(802): App\Controllers\Admin->index()
#4 C:\xampp\htdocs\sabaraja\system\CodeIgniter.php(399): CodeIgniter\CodeIgniter->runController(Object(App\Controllers\Admin))
#5 C:\xampp\htdocs\sabaraja\system\CodeIgniter.php(317): CodeIgniter\CodeIgniter->handleRequest(NULL, Object(Config\Cache), false)
#6 C:\xampp\htdocs\sabaraja\public\index.php(37): CodeIgniter\CodeIgniter->run()
#7 C:\xampp\htdocs\sabaraja\system\Commands\Server\rewrite.php(43): require_once('C:\\xampp\\htdocs...')
#8 {main}
CRITICAL - 2026-01-07 22:04:10 --> You must set the database table to be used with your query.
#0 C:\xampp\htdocs\sabaraja\system\Model.php(545): CodeIgniter\Database\BaseConnection->table(NULL)
#1 C:\xampp\htdocs\sabaraja\system\Model.php(719): CodeIgniter\Model->builder()
#2 C:\xampp\htdocs\sabaraja\app\Controllers\Admin.php(49): CodeIgniter\Model->__call('provinsi', Array)
#3 C:\xampp\htdocs\sabaraja\system\CodeIgniter.php(802): App\Controllers\Admin->index()
#4 C:\xampp\htdocs\sabaraja\system\CodeIgniter.php(399): CodeIgniter\CodeIgniter->runController(Object(App\Controllers\Admin))
#5 C:\xampp\htdocs\sabaraja\system\CodeIgniter.php(317): CodeIgniter\CodeIgniter->handleRequest(NULL, Object(Config\Cache), false)
#6 C:\xampp\htdocs\sabaraja\public\index.php(37): CodeIgniter\CodeIgniter->run()
#7 C:\xampp\htdocs\sabaraja\system\Commands\Server\rewrite.php(43): require_once('C:\\xampp\\htdocs...')
#8 {main}
CRITICAL - 2026-01-07 22:04:10 --> You must set the database table to be used with your query.
#0 C:\xampp\htdocs\sabaraja\system\Model.php(545): CodeIgniter\Database\BaseConnection->table(NULL)
#1 C:\xampp\htdocs\sabaraja\system\Model.php(719): CodeIgniter\Model->builder()
#2 C:\xampp\htdocs\sabaraja\app\Controllers\Admin.php(49): CodeIgniter\Model->__call('provinsi', Array)
#3 C:\xampp\htdocs\sabaraja\system\CodeIgniter.php(802): App\Controllers\Admin->index()
#4 C:\xampp\htdocs\sabaraja\system\CodeIgniter.php(399): CodeIgniter\CodeIgniter->runController(Object(App\Controllers\Admin))
#5 C:\xampp\htdocs\sabaraja\system\CodeIgniter.php(317): CodeIgniter\CodeIgniter->handleRequest(NULL, Object(Config\Cache), false)
#6 C:\xampp\htdocs\sabaraja\public\index.php(37): CodeIgniter\CodeIgniter->run()
#7 C:\xampp\htdocs\sabaraja\system\Commands\Server\rewrite.php(43): require_once('C:\\xampp\\htdocs...')
#8 {main}
CRITICAL - 2026-01-07 22:04:10 --> You must set the database table to be used with your query.
#0 C:\xampp\htdocs\sabaraja\system\Model.php(545): CodeIgniter\Database\BaseConnection->table(NULL)
#1 C:\xampp\htdocs\sabaraja\system\Model.php(719): CodeIgniter\Model->builder()
#2 C:\xampp\htdocs\sabaraja\app\Controllers\Admin.php(49): CodeIgniter\Model->__call('provinsi', Array)
#3 C:\xampp\htdocs\sabaraja\system\CodeIgniter.php(802): App\Controllers\Admin->index()
#4 C:\xampp\htdocs\sabaraja\system\CodeIgniter.php(399): CodeIgniter\CodeIgniter->runController(Object(App\Controllers\Admin))
#5 C:\xampp\htdocs\sabaraja\system\CodeIgniter.php(317): CodeIgniter\CodeIgniter->handleRequest(NULL, Object(Config\Cache), false)
#6 C:\xampp\htdocs\sabaraja\public\index.php(37): CodeIgniter\CodeIgniter->run()
#7 C:\xampp\htdocs\sabaraja\system\Commands\Server\rewrite.php(43): require_once('C:\\xampp\\htdocs...')
#8 {main}
CRITICAL - 2026-01-07 22:05:21 --> You must set the database table to be used with your query.
#0 C:\xampp\htdocs\sabaraja\system\Model.php(545): CodeIgniter\Database\BaseConnection->table(NULL)
#1 C:\xampp\htdocs\sabaraja\system\Model.php(719): CodeIgniter\Model->builder()
#2 C:\xampp\htdocs\sabaraja\app\Controllers\Admin.php(49): CodeIgniter\Model->__call('provinsi', Array)
#3 C:\xampp\htdocs\sabaraja\system\CodeIgniter.php(802): App\Controllers\Admin->index()
#4 C:\xampp\htdocs\sabaraja\system\CodeIgniter.php(399): CodeIgniter\CodeIgniter->runController(Object(App\Controllers\Admin))
#5 C:\xampp\htdocs\sabaraja\system\CodeIgniter.php(317): CodeIgniter\CodeIgniter->handleRequest(NULL, Object(Config\Cache), false)
#6 C:\xampp\htdocs\sabaraja\public\index.php(37): CodeIgniter\CodeIgniter->run()
#7 C:\xampp\htdocs\sabaraja\system\Commands\Server\rewrite.php(43): require_once('C:\\xampp\\htdocs...')
#8 {main}
CRITICAL - 2026-01-07 22:05:21 --> You must set the database table to be used with your query.
#0 C:\xampp\htdocs\sabaraja\system\Model.php(545): CodeIgniter\Database\BaseConnection->table(NULL)
#1 C:\xampp\htdocs\sabaraja\system\Model.php(719): CodeIgniter\Model->builder()
#2 C:\xampp\htdocs\sabaraja\app\Controllers\Admin.php(49): CodeIgniter\Model->__call('provinsi', Array)
#3 C:\xampp\htdocs\sabaraja\system\CodeIgniter.php(802): App\Controllers\Admin->index()
#4 C:\xampp\htdocs\sabaraja\system\CodeIgniter.php(399): CodeIgniter\CodeIgniter->runController(Object(App\Controllers\Admin))
#5 C:\xampp\htdocs\sabaraja\system\CodeIgniter.php(317): CodeIgniter\CodeIgniter->handleRequest(NULL, Object(Config\Cache), false)
#6 C:\xampp\htdocs\sabaraja\public\index.php(37): CodeIgniter\CodeIgniter->run()
#7 C:\xampp\htdocs\sabaraja\system\Commands\Server\rewrite.php(43): require_once('C:\\xampp\\htdocs...')
#8 {main}
CRITICAL - 2026-01-07 22:05:21 --> You must set the database table to be used with your query.
#0 C:\xampp\htdocs\sabaraja\system\Model.php(545): CodeIgniter\Database\BaseConnection->table(NULL)
#1 C:\xampp\htdocs\sabaraja\system\Model.php(719): CodeIgniter\Model->builder()
#2 C:\xampp\htdocs\sabaraja\app\Controllers\Admin.php(49): CodeIgniter\Model->__call('provinsi', Array)
#3 C:\xampp\htdocs\sabaraja\system\CodeIgniter.php(802): App\Controllers\Admin->index()
#4 C:\xampp\htdocs\sabaraja\system\CodeIgniter.php(399): CodeIgniter\CodeIgniter->runController(Object(App\Controllers\Admin))
#5 C:\xampp\htdocs\sabaraja\system\CodeIgniter.php(317): CodeIgniter\CodeIgniter->handleRequest(NULL, Object(Config\Cache), false)
#6 C:\xampp\htdocs\sabaraja\public\index.php(37): CodeIgniter\CodeIgniter->run()
#7 C:\xampp\htdocs\sabaraja\system\Commands\Server\rewrite.php(43): require_once('C:\\xampp\\htdocs...')
#8 {main}
CRITICAL - 2026-01-07 22:05:21 --> You must set the database table to be used with your query.
#0 C:\xampp\htdocs\sabaraja\system\Model.php(545): CodeIgniter\Database\BaseConnection->table(NULL)
#1 C:\xampp\htdocs\sabaraja\system\Model.php(719): CodeIgniter\Model->builder()
#2 C:\xampp\htdocs\sabaraja\app\Controllers\Admin.php(49): CodeIgniter\Model->__call('provinsi', Array)
#3 C:\xampp\htdocs\sabaraja\system\CodeIgniter.php(802): App\Controllers\Admin->index()
#4 C:\xampp\htdocs\sabaraja\system\CodeIgniter.php(399): CodeIgniter\CodeIgniter->runController(Object(App\Controllers\Admin))
#5 C:\xampp\htdocs\sabaraja\system\CodeIgniter.php(317): CodeIgniter\CodeIgniter->handleRequest(NULL, Object(Config\Cache), false)
#6 C:\xampp\htdocs\sabaraja\public\index.php(37): CodeIgniter\CodeIgniter->run()
#7 C:\xampp\htdocs\sabaraja\system\Commands\Server\rewrite.php(43): require_once('C:\\xampp\\htdocs...')
#8 {main}
CRITICAL - 2026-01-07 22:07:24 --> You must set the database table to be used with your query.
#0 C:\xampp\htdocs\sabaraja\system\Model.php(545): CodeIgniter\Database\BaseConnection->table(NULL)
#1 C:\xampp\htdocs\sabaraja\system\Model.php(719): CodeIgniter\Model->builder()
#2 C:\xampp\htdocs\sabaraja\app\Controllers\Admin.php(49): CodeIgniter\Model->__call('provinsi', Array)
#3 C:\xampp\htdocs\sabaraja\system\CodeIgniter.php(802): App\Controllers\Admin->index()
#4 C:\xampp\htdocs\sabaraja\system\CodeIgniter.php(399): CodeIgniter\CodeIgniter->runController(Object(App\Controllers\Admin))
#5 C:\xampp\htdocs\sabaraja\system\CodeIgniter.php(317): CodeIgniter\CodeIgniter->handleRequest(NULL, Object(Config\Cache), false)
#6 C:\xampp\htdocs\sabaraja\public\index.php(37): CodeIgniter\CodeIgniter->run()
#7 C:\xampp\htdocs\sabaraja\system\Commands\Server\rewrite.php(43): require_once('C:\\xampp\\htdocs...')
#8 {main}
CRITICAL - 2026-01-07 22:07:24 --> You must set the database table to be used with your query.
#0 C:\xampp\htdocs\sabaraja\system\Model.php(545): CodeIgniter\Database\BaseConnection->table(NULL)
#1 C:\xampp\htdocs\sabaraja\system\Model.php(719): CodeIgniter\Model->builder()
#2 C:\xampp\htdocs\sabaraja\app\Controllers\Admin.php(49): CodeIgniter\Model->__call('provinsi', Array)
#3 C:\xampp\htdocs\sabaraja\system\CodeIgniter.php(802): App\Controllers\Admin->index()
#4 C:\xampp\htdocs\sabaraja\system\CodeIgniter.php(399): CodeIgniter\CodeIgniter->runController(Object(App\Controllers\Admin))
#5 C:\xampp\htdocs\sabaraja\system\CodeIgniter.php(317): CodeIgniter\CodeIgniter->handleRequest(NULL, Object(Config\Cache), false)
#6 C:\xampp\htdocs\sabaraja\public\index.php(37): CodeIgniter\CodeIgniter->run()
#7 C:\xampp\htdocs\sabaraja\system\Commands\Server\rewrite.php(43): require_once('C:\\xampp\\htdocs...')
#8 {main}
CRITICAL - 2026-01-07 22:07:24 --> You must set the database table to be used with your query.
#0 C:\xampp\htdocs\sabaraja\system\Model.php(545): CodeIgniter\Database\BaseConnection->table(NULL)
#1 C:\xampp\htdocs\sabaraja\system\Model.php(719): CodeIgniter\Model->builder()
#2 C:\xampp\htdocs\sabaraja\app\Controllers\Admin.php(49): CodeIgniter\Model->__call('provinsi', Array)
#3 C:\xampp\htdocs\sabaraja\system\CodeIgniter.php(802): App\Controllers\Admin->index()
#4 C:\xampp\htdocs\sabaraja\system\CodeIgniter.php(399): CodeIgniter\CodeIgniter->runController(Object(App\Controllers\Admin))
#5 C:\xampp\htdocs\sabaraja\system\CodeIgniter.php(317): CodeIgniter\CodeIgniter->handleRequest(NULL, Object(Config\Cache), false)
#6 C:\xampp\htdocs\sabaraja\public\index.php(37): CodeIgniter\CodeIgniter->run()
#7 C:\xampp\htdocs\sabaraja\system\Commands\Server\rewrite.php(43): require_once('C:\\xampp\\htdocs...')
#8 {main}
CRITICAL - 2026-01-07 22:07:24 --> You must set the database table to be used with your query.
#0 C:\xampp\htdocs\sabaraja\system\Model.php(545): CodeIgniter\Database\BaseConnection->table(NULL)
#1 C:\xampp\htdocs\sabaraja\system\Model.php(719): CodeIgniter\Model->builder()
#2 C:\xampp\htdocs\sabaraja\app\Controllers\Admin.php(49): CodeIgniter\Model->__call('provinsi', Array)
#3 C:\xampp\htdocs\sabaraja\system\CodeIgniter.php(802): App\Controllers\Admin->index()
#4 C:\xampp\htdocs\sabaraja\system\CodeIgniter.php(399): CodeIgniter\CodeIgniter->runController(Object(App\Controllers\Admin))
#5 C:\xampp\htdocs\sabaraja\system\CodeIgniter.php(317): CodeIgniter\CodeIgniter->handleRequest(NULL, Object(Config\Cache), false)
#6 C:\xampp\htdocs\sabaraja\public\index.php(37): CodeIgniter\CodeIgniter->run()
#7 C:\xampp\htdocs\sabaraja\system\Commands\Server\rewrite.php(43): require_once('C:\\xampp\\htdocs...')
#8 {main}
CRITICAL - 2026-01-07 22:07:50 --> You must set the database table to be used with your query.
#0 C:\xampp\htdocs\sabaraja\system\Model.php(545): CodeIgniter\Database\BaseConnection->table(NULL)
#1 C:\xampp\htdocs\sabaraja\system\Model.php(719): CodeIgniter\Model->builder()
#2 C:\xampp\htdocs\sabaraja\app\Controllers\Admin.php(49): CodeIgniter\Model->__call('provinsi', Array)
#3 C:\xampp\htdocs\sabaraja\system\CodeIgniter.php(802): App\Controllers\Admin->index()
#4 C:\xampp\htdocs\sabaraja\system\CodeIgniter.php(399): CodeIgniter\CodeIgniter->runController(Object(App\Controllers\Admin))
#5 C:\xampp\htdocs\sabaraja\system\CodeIgniter.php(317): CodeIgniter\CodeIgniter->handleRequest(NULL, Object(Config\Cache), false)
#6 C:\xampp\htdocs\sabaraja\public\index.php(37): CodeIgniter\CodeIgniter->run()
#7 C:\xampp\htdocs\sabaraja\system\Commands\Server\rewrite.php(43): require_once('C:\\xampp\\htdocs...')
#8 {main}
CRITICAL - 2026-01-07 22:07:51 --> You must set the database table to be used with your query.
#0 C:\xampp\htdocs\sabaraja\system\Model.php(545): CodeIgniter\Database\BaseConnection->table(NULL)
#1 C:\xampp\htdocs\sabaraja\system\Model.php(719): CodeIgniter\Model->builder()
#2 C:\xampp\htdocs\sabaraja\app\Controllers\Admin.php(49): CodeIgniter\Model->__call('provinsi', Array)
#3 C:\xampp\htdocs\sabaraja\system\CodeIgniter.php(802): App\Controllers\Admin->index()
#4 C:\xampp\htdocs\sabaraja\system\CodeIgniter.php(399): CodeIgniter\CodeIgniter->runController(Object(App\Controllers\Admin))
#5 C:\xampp\htdocs\sabaraja\system\CodeIgniter.php(317): CodeIgniter\CodeIgniter->handleRequest(NULL, Object(Config\Cache), false)
#6 C:\xampp\htdocs\sabaraja\public\index.php(37): CodeIgniter\CodeIgniter->run()
#7 C:\xampp\htdocs\sabaraja\system\Commands\Server\rewrite.php(43): require_once('C:\\xampp\\htdocs...')
#8 {main}
CRITICAL - 2026-01-07 22:07:51 --> You must set the database table to be used with your query.
#0 C:\xampp\htdocs\sabaraja\system\Model.php(545): CodeIgniter\Database\BaseConnection->table(NULL)
#1 C:\xampp\htdocs\sabaraja\system\Model.php(719): CodeIgniter\Model->builder()
#2 C:\xampp\htdocs\sabaraja\app\Controllers\Admin.php(49): CodeIgniter\Model->__call('provinsi', Array)
#3 C:\xampp\htdocs\sabaraja\system\CodeIgniter.php(802): App\Controllers\Admin->index()
#4 C:\xampp\htdocs\sabaraja\system\CodeIgniter.php(399): CodeIgniter\CodeIgniter->runController(Object(App\Controllers\Admin))
#5 C:\xampp\htdocs\sabaraja\system\CodeIgniter.php(317): CodeIgniter\CodeIgniter->handleRequest(NULL, Object(Config\Cache), false)
#6 C:\xampp\htdocs\sabaraja\public\index.php(37): CodeIgniter\CodeIgniter->run()
#7 C:\xampp\htdocs\sabaraja\system\Commands\Server\rewrite.php(43): require_once('C:\\xampp\\htdocs...')
#8 {main}
CRITICAL - 2026-01-07 22:07:51 --> You must set the database table to be used with your query.
#0 C:\xampp\htdocs\sabaraja\system\Model.php(545): CodeIgniter\Database\BaseConnection->table(NULL)
#1 C:\xampp\htdocs\sabaraja\system\Model.php(719): CodeIgniter\Model->builder()
#2 C:\xampp\htdocs\sabaraja\app\Controllers\Admin.php(49): CodeIgniter\Model->__call('provinsi', Array)
#3 C:\xampp\htdocs\sabaraja\system\CodeIgniter.php(802): App\Controllers\Admin->index()
#4 C:\xampp\htdocs\sabaraja\system\CodeIgniter.php(399): CodeIgniter\CodeIgniter->runController(Object(App\Controllers\Admin))
#5 C:\xampp\htdocs\sabaraja\system\CodeIgniter.php(317): CodeIgniter\CodeIgniter->handleRequest(NULL, Object(Config\Cache), false)
#6 C:\xampp\htdocs\sabaraja\public\index.php(37): CodeIgniter\CodeIgniter->run()
#7 C:\xampp\htdocs\sabaraja\system\Commands\Server\rewrite.php(43): require_once('C:\\xampp\\htdocs...')
#8 {main}
CRITICAL - 2026-01-07 22:10:39 --> You must set the database table to be used with your query.
#0 C:\xampp\htdocs\sabaraja\system\Model.php(545): CodeIgniter\Database\BaseConnection->table(NULL)
#1 C:\xampp\htdocs\sabaraja\system\Model.php(719): CodeIgniter\Model->builder()
#2 C:\xampp\htdocs\sabaraja\app\Controllers\Admin.php(49): CodeIgniter\Model->__call('provinsi', Array)
#3 C:\xampp\htdocs\sabaraja\system\CodeIgniter.php(802): App\Controllers\Admin->index()
#4 C:\xampp\htdocs\sabaraja\system\CodeIgniter.php(399): CodeIgniter\CodeIgniter->runController(Object(App\Controllers\Admin))
#5 C:\xampp\htdocs\sabaraja\system\CodeIgniter.php(317): CodeIgniter\CodeIgniter->handleRequest(NULL, Object(Config\Cache), false)
#6 C:\xampp\htdocs\sabaraja\public\index.php(37): CodeIgniter\CodeIgniter->run()
#7 C:\xampp\htdocs\sabaraja\system\Commands\Server\rewrite.php(43): require_once('C:\\xampp\\htdocs...')
#8 {main}
CRITICAL - 2026-01-07 22:10:39 --> You must set the database table to be used with your query.
#0 C:\xampp\htdocs\sabaraja\system\Model.php(545): CodeIgniter\Database\BaseConnection->table(NULL)
#1 C:\xampp\htdocs\sabaraja\system\Model.php(719): CodeIgniter\Model->builder()
#2 C:\xampp\htdocs\sabaraja\app\Controllers\Admin.php(49): CodeIgniter\Model->__call('provinsi', Array)
#3 C:\xampp\htdocs\sabaraja\system\CodeIgniter.php(802): App\Controllers\Admin->index()
#4 C:\xampp\htdocs\sabaraja\system\CodeIgniter.php(399): CodeIgniter\CodeIgniter->runController(Object(App\Controllers\Admin))
#5 C:\xampp\htdocs\sabaraja\system\CodeIgniter.php(317): CodeIgniter\CodeIgniter->handleRequest(NULL, Object(Config\Cache), false)
#6 C:\xampp\htdocs\sabaraja\public\index.php(37): CodeIgniter\CodeIgniter->run()
#7 C:\xampp\htdocs\sabaraja\system\Commands\Server\rewrite.php(43): require_once('C:\\xampp\\htdocs...')
#8 {main}
CRITICAL - 2026-01-07 22:10:39 --> You must set the database table to be used with your query.
#0 C:\xampp\htdocs\sabaraja\system\Model.php(545): CodeIgniter\Database\BaseConnection->table(NULL)
#1 C:\xampp\htdocs\sabaraja\system\Model.php(719): CodeIgniter\Model->builder()
#2 C:\xampp\htdocs\sabaraja\app\Controllers\Admin.php(49): CodeIgniter\Model->__call('provinsi', Array)
#3 C:\xampp\htdocs\sabaraja\system\CodeIgniter.php(802): App\Controllers\Admin->index()
#4 C:\xampp\htdocs\sabaraja\system\CodeIgniter.php(399): CodeIgniter\CodeIgniter->runController(Object(App\Controllers\Admin))
#5 C:\xampp\htdocs\sabaraja\system\CodeIgniter.php(317): CodeIgniter\CodeIgniter->handleRequest(NULL, Object(Config\Cache), false)
#6 C:\xampp\htdocs\sabaraja\public\index.php(37): CodeIgniter\CodeIgniter->run()
#7 C:\xampp\htdocs\sabaraja\system\Commands\Server\rewrite.php(43): require_once('C:\\xampp\\htdocs...')
#8 {main}
CRITICAL - 2026-01-07 22:12:17 --> You must set the database table to be used with your query.
#0 C:\xampp\htdocs\sabaraja\system\Model.php(545): CodeIgniter\Database\BaseConnection->table(NULL)
#1 C:\xampp\htdocs\sabaraja\system\Model.php(719): CodeIgniter\Model->builder()
#2 C:\xampp\htdocs\sabaraja\app\Controllers\Admin.php(49): CodeIgniter\Model->__call('provinsi', Array)
#3 C:\xampp\htdocs\sabaraja\system\CodeIgniter.php(802): App\Controllers\Admin->index()
#4 C:\xampp\htdocs\sabaraja\system\CodeIgniter.php(399): CodeIgniter\CodeIgniter->runController(Object(App\Controllers\Admin))
#5 C:\xampp\htdocs\sabaraja\system\CodeIgniter.php(317): CodeIgniter\CodeIgniter->handleRequest(NULL, Object(Config\Cache), false)
#6 C:\xampp\htdocs\sabaraja\public\index.php(37): CodeIgniter\CodeIgniter->run()
#7 C:\xampp\htdocs\sabaraja\system\Commands\Server\rewrite.php(43): require_once('C:\\xampp\\htdocs...')
#8 {main}
CRITICAL - 2026-01-07 22:12:17 --> You must set the database table to be used with your query.
#0 C:\xampp\htdocs\sabaraja\system\Model.php(545): CodeIgniter\Database\BaseConnection->table(NULL)
#1 C:\xampp\htdocs\sabaraja\system\Model.php(719): CodeIgniter\Model->builder()
#2 C:\xampp\htdocs\sabaraja\app\Controllers\Admin.php(49): CodeIgniter\Model->__call('provinsi', Array)
#3 C:\xampp\htdocs\sabaraja\system\CodeIgniter.php(802): App\Controllers\Admin->index()
#4 C:\xampp\htdocs\sabaraja\system\CodeIgniter.php(399): CodeIgniter\CodeIgniter->runController(Object(App\Controllers\Admin))
#5 C:\xampp\htdocs\sabaraja\system\CodeIgniter.php(317): CodeIgniter\CodeIgniter->handleRequest(NULL, Object(Config\Cache), false)
#6 C:\xampp\htdocs\sabaraja\public\index.php(37): CodeIgniter\CodeIgniter->run()
#7 C:\xampp\htdocs\sabaraja\system\Commands\Server\rewrite.php(43): require_once('C:\\xampp\\htdocs...')
#8 {main}
CRITICAL - 2026-01-07 22:12:17 --> You must set the database table to be used with your query.
#0 C:\xampp\htdocs\sabaraja\system\Model.php(545): CodeIgniter\Database\BaseConnection->table(NULL)
#1 C:\xampp\htdocs\sabaraja\system\Model.php(719): CodeIgniter\Model->builder()
#2 C:\xampp\htdocs\sabaraja\app\Controllers\Admin.php(49): CodeIgniter\Model->__call('provinsi', Array)
#3 C:\xampp\htdocs\sabaraja\system\CodeIgniter.php(802): App\Controllers\Admin->index()
#4 C:\xampp\htdocs\sabaraja\system\CodeIgniter.php(399): CodeIgniter\CodeIgniter->runController(Object(App\Controllers\Admin))
#5 C:\xampp\htdocs\sabaraja\system\CodeIgniter.php(317): CodeIgniter\CodeIgniter->handleRequest(NULL, Object(Config\Cache), false)
#6 C:\xampp\htdocs\sabaraja\public\index.php(37): CodeIgniter\CodeIgniter->run()
#7 C:\xampp\htdocs\sabaraja\system\Commands\Server\rewrite.php(43): require_once('C:\\xampp\\htdocs...')
#8 {main}
CRITICAL - 2026-01-07 22:13:26 --> Undefined index: prov
#0 C:\xampp\htdocs\sabaraja\app\Views\admin\peserta\v_detail_siswa.php(978): CodeIgniter\Debug\Exceptions->errorHandler(8, 'Undefined index...', 'C:\\xampp\\htdocs...', 978, Array)
#1 C:\xampp\htdocs\sabaraja\system\View\View.php(214): include('C:\\xampp\\htdocs...')
#2 C:\xampp\htdocs\sabaraja\system\View\View.php(217): CodeIgniter\View\View->CodeIgniter\View\{closure}()
#3 C:\xampp\htdocs\sabaraja\system\Common.php(1092): CodeIgniter\View\View->render('admin/peserta/v...', Array, true)
#4 C:\xampp\htdocs\sabaraja\app\Controllers\Peserta.php(178): view('admin/peserta/v...', Array)
#5 C:\xampp\htdocs\sabaraja\system\CodeIgniter.php(802): App\Controllers\Peserta->detail_siswa('1011')
#6 C:\xampp\htdocs\sabaraja\system\CodeIgniter.php(399): CodeIgniter\CodeIgniter->runController(Object(App\Controllers\Peserta))
#7 C:\xampp\htdocs\sabaraja\system\CodeIgniter.php(317): CodeIgniter\CodeIgniter->handleRequest(NULL, Object(Config\Cache), false)
#8 C:\xampp\htdocs\sabaraja\public\index.php(37): CodeIgniter\CodeIgniter->run()
#9 C:\xampp\htdocs\sabaraja\system\Commands\Server\rewrite.php(43): require_once('C:\\xampp\\htdocs...')
#10 {main}
CRITICAL - 2026-01-07 22:13:48 --> You must set the database table to be used with your query.
#0 C:\xampp\htdocs\sabaraja\system\Model.php(545): CodeIgniter\Database\BaseConnection->table(NULL)
#1 C:\xampp\htdocs\sabaraja\system\Model.php(719): CodeIgniter\Model->builder()
#2 C:\xampp\htdocs\sabaraja\app\Controllers\Admin.php(49): CodeIgniter\Model->__call('provinsi', Array)
#3 C:\xampp\htdocs\sabaraja\system\CodeIgniter.php(802): App\Controllers\Admin->index()
#4 C:\xampp\htdocs\sabaraja\system\CodeIgniter.php(399): CodeIgniter\CodeIgniter->runController(Object(App\Controllers\Admin))
#5 C:\xampp\htdocs\sabaraja\system\CodeIgniter.php(317): CodeIgniter\CodeIgniter->handleRequest(NULL, Object(Config\Cache), false)
#6 C:\xampp\htdocs\sabaraja\public\index.php(37): CodeIgniter\CodeIgniter->run()
#7 C:\xampp\htdocs\sabaraja\system\Commands\Server\rewrite.php(43): require_once('C:\\xampp\\htdocs...')
#8 {main}
CRITICAL - 2026-01-07 22:13:48 --> You must set the database table to be used with your query.
#0 C:\xampp\htdocs\sabaraja\system\Model.php(545): CodeIgniter\Database\BaseConnection->table(NULL)
#1 C:\xampp\htdocs\sabaraja\system\Model.php(719): CodeIgniter\Model->builder()
#2 C:\xampp\htdocs\sabaraja\app\Controllers\Admin.php(49): CodeIgniter\Model->__call('provinsi', Array)
#3 C:\xampp\htdocs\sabaraja\system\CodeIgniter.php(802): App\Controllers\Admin->index()
#4 C:\xampp\htdocs\sabaraja\system\CodeIgniter.php(399): CodeIgniter\CodeIgniter->runController(Object(App\Controllers\Admin))
#5 C:\xampp\htdocs\sabaraja\system\CodeIgniter.php(317): CodeIgniter\CodeIgniter->handleRequest(NULL, Object(Config\Cache), false)
#6 C:\xampp\htdocs\sabaraja\public\index.php(37): CodeIgniter\CodeIgniter->run()
#7 C:\xampp\htdocs\sabaraja\system\Commands\Server\rewrite.php(43): require_once('C:\\xampp\\htdocs...')
#8 {main}
CRITICAL - 2026-01-07 22:13:48 --> You must set the database table to be used with your query.
#0 C:\xampp\htdocs\sabaraja\system\Model.php(545): CodeIgniter\Database\BaseConnection->table(NULL)
#1 C:\xampp\htdocs\sabaraja\system\Model.php(719): CodeIgniter\Model->builder()
#2 C:\xampp\htdocs\sabaraja\app\Controllers\Admin.php(49): CodeIgniter\Model->__call('provinsi', Array)
#3 C:\xampp\htdocs\sabaraja\system\CodeIgniter.php(802): App\Controllers\Admin->index()
#4 C:\xampp\htdocs\sabaraja\system\CodeIgniter.php(399): CodeIgniter\CodeIgniter->runController(Object(App\Controllers\Admin))
#5 C:\xampp\htdocs\sabaraja\system\CodeIgniter.php(317): CodeIgniter\CodeIgniter->handleRequest(NULL, Object(Config\Cache), false)
#6 C:\xampp\htdocs\sabaraja\public\index.php(37): CodeIgniter\CodeIgniter->run()
#7 C:\xampp\htdocs\sabaraja\system\Commands\Server\rewrite.php(43): require_once('C:\\xampp\\htdocs...')
#8 {main}
CRITICAL - 2026-01-07 22:15:26 --> You must set the database table to be used with your query.
#0 C:\xampp\htdocs\sabaraja\system\Model.php(545): CodeIgniter\Database\BaseConnection->table(NULL)
#1 C:\xampp\htdocs\sabaraja\system\Model.php(719): CodeIgniter\Model->builder()
#2 C:\xampp\htdocs\sabaraja\app\Controllers\Admin.php(49): CodeIgniter\Model->__call('provinsi', Array)
#3 C:\xampp\htdocs\sabaraja\system\CodeIgniter.php(802): App\Controllers\Admin->index()
#4 C:\xampp\htdocs\sabaraja\system\CodeIgniter.php(399): CodeIgniter\CodeIgniter->runController(Object(App\Controllers\Admin))
#5 C:\xampp\htdocs\sabaraja\system\CodeIgniter.php(317): CodeIgniter\CodeIgniter->handleRequest(NULL, Object(Config\Cache), false)
#6 C:\xampp\htdocs\sabaraja\public\index.php(37): CodeIgniter\CodeIgniter->run()
#7 C:\xampp\htdocs\sabaraja\system\Commands\Server\rewrite.php(43): require_once('C:\\xampp\\htdocs...')
#8 {main}
CRITICAL - 2026-01-07 22:16:19 --> You must set the database table to be used with your query.
#0 C:\xampp\htdocs\sabaraja\system\Model.php(545): CodeIgniter\Database\BaseConnection->table(NULL)
#1 C:\xampp\htdocs\sabaraja\system\Model.php(719): CodeIgniter\Model->builder()
#2 C:\xampp\htdocs\sabaraja\app\Controllers\Admin.php(49): CodeIgniter\Model->__call('provinsi', Array)
#3 C:\xampp\htdocs\sabaraja\system\CodeIgniter.php(802): App\Controllers\Admin->index()
#4 C:\xampp\htdocs\sabaraja\system\CodeIgniter.php(399): CodeIgniter\CodeIgniter->runController(Object(App\Controllers\Admin))
#5 C:\xampp\htdocs\sabaraja\system\CodeIgniter.php(317): CodeIgniter\CodeIgniter->handleRequest(NULL, Object(Config\Cache), false)
#6 C:\xampp\htdocs\sabaraja\public\index.php(37): CodeIgniter\CodeIgniter->run()
#7 C:\xampp\htdocs\sabaraja\system\Commands\Server\rewrite.php(43): require_once('C:\\xampp\\htdocs...')
#8 {main}
CRITICAL - 2026-01-07 22:16:20 --> You must set the database table to be used with your query.
#0 C:\xampp\htdocs\sabaraja\system\Model.php(545): CodeIgniter\Database\BaseConnection->table(NULL)
#1 C:\xampp\htdocs\sabaraja\system\Model.php(719): CodeIgniter\Model->builder()
#2 C:\xampp\htdocs\sabaraja\app\Controllers\Admin.php(49): CodeIgniter\Model->__call('provinsi', Array)
#3 C:\xampp\htdocs\sabaraja\system\CodeIgniter.php(802): App\Controllers\Admin->index()
#4 C:\xampp\htdocs\sabaraja\system\CodeIgniter.php(399): CodeIgniter\CodeIgniter->runController(Object(App\Controllers\Admin))
#5 C:\xampp\htdocs\sabaraja\system\CodeIgniter.php(317): CodeIgniter\CodeIgniter->handleRequest(NULL, Object(Config\Cache), false)
#6 C:\xampp\htdocs\sabaraja\public\index.php(37): CodeIgniter\CodeIgniter->run()
#7 C:\xampp\htdocs\sabaraja\system\Commands\Server\rewrite.php(43): require_once('C:\\xampp\\htdocs...')
#8 {main}
CRITICAL - 2026-01-07 22:17:33 --> You must set the database table to be used with your query.
#0 C:\xampp\htdocs\sabaraja\system\Model.php(545): CodeIgniter\Database\BaseConnection->table(NULL)
#1 C:\xampp\htdocs\sabaraja\system\Model.php(719): CodeIgniter\Model->builder()
#2 C:\xampp\htdocs\sabaraja\app\Controllers\Admin.php(49): CodeIgniter\Model->__call('provinsi', Array)
#3 C:\xampp\htdocs\sabaraja\system\CodeIgniter.php(802): App\Controllers\Admin->index()
#4 C:\xampp\htdocs\sabaraja\system\CodeIgniter.php(399): CodeIgniter\CodeIgniter->runController(Object(App\Controllers\Admin))
#5 C:\xampp\htdocs\sabaraja\system\CodeIgniter.php(317): CodeIgniter\CodeIgniter->handleRequest(NULL, Object(Config\Cache), false)
#6 C:\xampp\htdocs\sabaraja\public\index.php(37): CodeIgniter\CodeIgniter->run()
#7 C:\xampp\htdocs\sabaraja\system\Commands\Server\rewrite.php(43): require_once('C:\\xampp\\htdocs...')
#8 {main}
CRITICAL - 2026-01-07 22:18:15 --> You must set the database table to be used with your query.
#0 C:\xampp\htdocs\sabaraja\system\Model.php(545): CodeIgniter\Database\BaseConnection->table(NULL)
#1 C:\xampp\htdocs\sabaraja\system\Model.php(719): CodeIgniter\Model->builder()
#2 C:\xampp\htdocs\sabaraja\app\Controllers\Admin.php(49): CodeIgniter\Model->__call('provinsi', Array)
#3 C:\xampp\htdocs\sabaraja\system\CodeIgniter.php(802): App\Controllers\Admin->index()
#4 C:\xampp\htdocs\sabaraja\system\CodeIgniter.php(399): CodeIgniter\CodeIgniter->runController(Object(App\Controllers\Admin))
#5 C:\xampp\htdocs\sabaraja\system\CodeIgniter.php(317): CodeIgniter\CodeIgniter->handleRequest(NULL, Object(Config\Cache), false)
#6 C:\xampp\htdocs\sabaraja\public\index.php(37): CodeIgniter\CodeIgniter->run()
#7 C:\xampp\htdocs\sabaraja\system\Commands\Server\rewrite.php(43): require_once('C:\\xampp\\htdocs...')
#8 {main}
CRITICAL - 2026-01-07 22:20:10 --> You must set the database table to be used with your query.
#0 C:\xampp\htdocs\sabaraja\system\Model.php(545): CodeIgniter\Database\BaseConnection->table(NULL)
#1 C:\xampp\htdocs\sabaraja\system\Model.php(719): CodeIgniter\Model->builder()
#2 C:\xampp\htdocs\sabaraja\app\Controllers\Peserta.php(166): CodeIgniter\Model->__call('getProvinsi', Array)
#3 C:\xampp\htdocs\sabaraja\system\CodeIgniter.php(802): App\Controllers\Peserta->detail_siswa('1011')
#4 C:\xampp\htdocs\sabaraja\system\CodeIgniter.php(399): CodeIgniter\CodeIgniter->runController(Object(App\Controllers\Peserta))
#5 C:\xampp\htdocs\sabaraja\system\CodeIgniter.php(317): CodeIgniter\CodeIgniter->handleRequest(NULL, Object(Config\Cache), false)
#6 C:\xampp\htdocs\sabaraja\public\index.php(37): CodeIgniter\CodeIgniter->run()
#7 C:\xampp\htdocs\sabaraja\system\Commands\Server\rewrite.php(43): require_once('C:\\xampp\\htdocs...')
#8 {main}
CRITICAL - 2026-01-07 22:29:32 --> Undefined index: nama_desa
#0 C:\xampp\htdocs\sabaraja\app\Views\admin\peserta\v_detail_siswa.php(981): CodeIgniter\Debug\Exceptions->errorHandler(8, 'Undefined index...', 'C:\\xampp\\htdocs...', 981, Array)
#1 C:\xampp\htdocs\sabaraja\system\View\View.php(214): include('C:\\xampp\\htdocs...')
#2 C:\xampp\htdocs\sabaraja\system\View\View.php(217): CodeIgniter\View\View->CodeIgniter\View\{closure}()
#3 C:\xampp\htdocs\sabaraja\system\Common.php(1092): CodeIgniter\View\View->render('admin/peserta/v...', Array, true)
#4 C:\xampp\htdocs\sabaraja\app\Controllers\Peserta.php(178): view('admin/peserta/v...', Array)
#5 C:\xampp\htdocs\sabaraja\system\CodeIgniter.php(802): App\Controllers\Peserta->detail_siswa('1011')
#6 C:\xampp\htdocs\sabaraja\system\CodeIgniter.php(399): CodeIgniter\CodeIgniter->runController(Object(App\Controllers\Peserta))
#7 C:\xampp\htdocs\sabaraja\system\CodeIgniter.php(317): CodeIgniter\CodeIgniter->handleRequest(NULL, Object(Config\Cache), false)
#8 C:\xampp\htdocs\sabaraja\public\index.php(37): CodeIgniter\CodeIgniter->run()
#9 C:\xampp\htdocs\sabaraja\system\Commands\Server\rewrite.php(43): require_once('C:\\xampp\\htdocs...')
#10 {main}
CRITICAL - 2026-01-07 22:39:10 --> Trying to access array offset on value of type null
#0 C:\xampp\htdocs\sabaraja\app\Views\admin\peserta\v_detail_siswa.php(35): CodeIgniter\Debug\Exceptions->errorHandler(8, 'Trying to acces...', 'C:\\xampp\\htdocs...', 35, Array)
#1 C:\xampp\htdocs\sabaraja\system\View\View.php(214): include('C:\\xampp\\htdocs...')
#2 C:\xampp\htdocs\sabaraja\system\View\View.php(217): CodeIgniter\View\View->CodeIgniter\View\{closure}()
#3 C:\xampp\htdocs\sabaraja\system\Common.php(1092): CodeIgniter\View\View->render('admin/peserta/v...', Array, true)
#4 C:\xampp\htdocs\sabaraja\app\Controllers\Peserta.php(178): view('admin/peserta/v...', Array)
#5 C:\xampp\htdocs\sabaraja\system\CodeIgniter.php(802): App\Controllers\Peserta->detail_siswa('3120269432')
#6 C:\xampp\htdocs\sabaraja\system\CodeIgniter.php(399): CodeIgniter\CodeIgniter->runController(Object(App\Controllers\Peserta))
#7 C:\xampp\htdocs\sabaraja\system\CodeIgniter.php(317): CodeIgniter\CodeIgniter->handleRequest(NULL, Object(Config\Cache), false)
#8 C:\xampp\htdocs\sabaraja\public\index.php(37): CodeIgniter\CodeIgniter->run()
#9 C:\xampp\htdocs\sabaraja\system\Commands\Server\rewrite.php(43): require_once('C:\\xampp\\htdocs...')
#10 {main}
CRITICAL - 2026-01-07 22:40:35 --> Trying to access array offset on value of type null
#0 C:\xampp\htdocs\sabaraja\app\Views\admin\peserta\v_detail_siswa.php(35): CodeIgniter\Debug\Exceptions->errorHandler(8, 'Trying to acces...', 'C:\\xampp\\htdocs...', 35, Array)
#1 C:\xampp\htdocs\sabaraja\system\View\View.php(214): include('C:\\xampp\\htdocs...')
#2 C:\xampp\htdocs\sabaraja\system\View\View.php(217): CodeIgniter\View\View->CodeIgniter\View\{closure}()
#3 C:\xampp\htdocs\sabaraja\system\Common.php(1092): CodeIgniter\View\View->render('admin/peserta/v...', Array, true)
#4 C:\xampp\htdocs\sabaraja\app\Controllers\Peserta.php(178): view('admin/peserta/v...', Array)
#5 C:\xampp\htdocs\sabaraja\system\CodeIgniter.php(802): App\Controllers\Peserta->detail_siswa('3120269432')
#6 C:\xampp\htdocs\sabaraja\system\CodeIgniter.php(399): CodeIgniter\CodeIgniter->runController(Object(App\Controllers\Peserta))
#7 C:\xampp\htdocs\sabaraja\system\CodeIgniter.php(317): CodeIgniter\CodeIgniter->handleRequest(NULL, Object(Config\Cache), false)
#8 C:\xampp\htdocs\sabaraja\public\index.php(37): CodeIgniter\CodeIgniter->run()
#9 C:\xampp\htdocs\sabaraja\system\Commands\Server\rewrite.php(43): require_once('C:\\xampp\\htdocs...')
#10 {main}
