CRITICAL - 2026-01-06 12:53:50 --> You must set the database table to be used with your query.
#0 C:\xampp\htdocs\sabaraja\system\Model.php(545): CodeIgniter\Database\BaseConnection->table(NULL)
#1 C:\xampp\htdocs\sabaraja\system\Model.php(719): CodeIgniter\Model->builder()
#2 C:\xampp\htdocs\sabaraja\app\Controllers\Kelas.php(102): CodeIgniter\Model->__call('select', Array)
#3 C:\xampp\htdocs\sabaraja\system\CodeIgniter.php(802): App\Controllers\Kelas->rincian_kelas('28')
#4 C:\xampp\htdocs\sabaraja\system\CodeIgniter.php(399): CodeIgniter\CodeIgniter->runController(Object(App\Controllers\Kelas))
#5 C:\xampp\htdocs\sabaraja\system\CodeIgniter.php(317): CodeIgniter\CodeIgniter->handleRequest(NULL, Object(Config\Cache), false)
#6 C:\xampp\htdocs\sabaraja\public\index.php(37): CodeIgniter\CodeIgniter->run()
#7 C:\xampp\htdocs\sabaraja\system\Commands\Server\rewrite.php(43): require_once('C:\\xampp\\htdocs...')
#8 {main}
CRITICAL - 2026-01-06 12:58:50 --> You must set the database table to be used with your query.
#0 C:\xampp\htdocs\sabaraja\system\Model.php(545): CodeIgniter\Database\BaseConnection->table(NULL)
#1 C:\xampp\htdocs\sabaraja\system\Model.php(719): CodeIgniter\Model->builder()
#2 C:\xampp\htdocs\sabaraja\app\Controllers\Kelas.php(102): CodeIgniter\Model->__call('select', Array)
#3 C:\xampp\htdocs\sabaraja\system\CodeIgniter.php(802): App\Controllers\Kelas->rincian_kelas('28')
#4 C:\xampp\htdocs\sabaraja\system\CodeIgniter.php(399): CodeIgniter\CodeIgniter->runController(Object(App\Controllers\Kelas))
#5 C:\xampp\htdocs\sabaraja\system\CodeIgniter.php(317): CodeIgniter\CodeIgniter->handleRequest(NULL, Object(Config\Cache), false)
#6 C:\xampp\htdocs\sabaraja\public\index.php(37): CodeIgniter\CodeIgniter->run()
#7 C:\xampp\htdocs\sabaraja\system\Commands\Server\rewrite.php(43): require_once('C:\\xampp\\htdocs...')
#8 {main}
CRITICAL - 2026-01-06 12:58:54 --> You must set the database table to be used with your query.
#0 C:\xampp\htdocs\sabaraja\system\Model.php(545): CodeIgniter\Database\BaseConnection->table(NULL)
#1 C:\xampp\htdocs\sabaraja\system\Model.php(719): CodeIgniter\Model->builder()
#2 C:\xampp\htdocs\sabaraja\app\Controllers\Kelas.php(102): CodeIgniter\Model->__call('select', Array)
#3 C:\xampp\htdocs\sabaraja\system\CodeIgniter.php(802): App\Controllers\Kelas->rincian_kelas('28')
#4 C:\xampp\htdocs\sabaraja\system\CodeIgniter.php(399): CodeIgniter\CodeIgniter->runController(Object(App\Controllers\Kelas))
#5 C:\xampp\htdocs\sabaraja\system\CodeIgniter.php(317): CodeIgniter\CodeIgniter->handleRequest(NULL, Object(Config\Cache), false)
#6 C:\xampp\htdocs\sabaraja\public\index.php(37): CodeIgniter\CodeIgniter->run()
#7 C:\xampp\htdocs\sabaraja\system\Commands\Server\rewrite.php(43): require_once('C:\\xampp\\htdocs...')
#8 {main}
CRITICAL - 2026-01-06 13:00:12 --> Undefined index: tingkat
#0 C:\xampp\htdocs\sabaraja\app\Views\admin\kelas\v_rombel.php(51): CodeIgniter\Debug\Exceptions->errorHandler(8, 'Undefined index...', 'C:\\xampp\\htdocs...', 51, Array)
#1 C:\xampp\htdocs\sabaraja\system\View\View.php(214): include('C:\\xampp\\htdocs...')
#2 C:\xampp\htdocs\sabaraja\system\View\View.php(217): CodeIgniter\View\View->CodeIgniter\View\{closure}()
#3 C:\xampp\htdocs\sabaraja\system\Common.php(1092): CodeIgniter\View\View->render('admin/kelas/v_r...', Array, true)
#4 C:\xampp\htdocs\sabaraja\app\Controllers\Kelas.php(50): view('admin/kelas/v_r...', Array)
#5 C:\xampp\htdocs\sabaraja\system\CodeIgniter.php(802): App\Controllers\Kelas->index()
#6 C:\xampp\htdocs\sabaraja\system\CodeIgniter.php(399): CodeIgniter\CodeIgniter->runController(Object(App\Controllers\Kelas))
#7 C:\xampp\htdocs\sabaraja\system\CodeIgniter.php(317): CodeIgniter\CodeIgniter->handleRequest(NULL, Object(Config\Cache), false)
#8 C:\xampp\htdocs\sabaraja\public\index.php(37): CodeIgniter\CodeIgniter->run()
#9 C:\xampp\htdocs\sabaraja\system\Commands\Server\rewrite.php(43): require_once('C:\\xampp\\htdocs...')
#10 {main}
CRITICAL - 2026-01-06 13:00:55 --> Undefined index: tingkat
#0 C:\xampp\htdocs\sabaraja\app\Views\admin\kelas\v_rombel.php(93): CodeIgniter\Debug\Exceptions->errorHandler(8, 'Undefined index...', 'C:\\xampp\\htdocs...', 93, Array)
#1 C:\xampp\htdocs\sabaraja\system\View\View.php(214): include('C:\\xampp\\htdocs...')
#2 C:\xampp\htdocs\sabaraja\system\View\View.php(217): CodeIgniter\View\View->CodeIgniter\View\{closure}()
#3 C:\xampp\htdocs\sabaraja\system\Common.php(1092): CodeIgniter\View\View->render('admin/kelas/v_r...', Array, true)
#4 C:\xampp\htdocs\sabaraja\app\Controllers\Kelas.php(50): view('admin/kelas/v_r...', Array)
#5 C:\xampp\htdocs\sabaraja\system\CodeIgniter.php(802): App\Controllers\Kelas->index()
#6 C:\xampp\htdocs\sabaraja\system\CodeIgniter.php(399): CodeIgniter\CodeIgniter->runController(Object(App\Controllers\Kelas))
#7 C:\xampp\htdocs\sabaraja\system\CodeIgniter.php(317): CodeIgniter\CodeIgniter->handleRequest(NULL, Object(Config\Cache), false)
#8 C:\xampp\htdocs\sabaraja\public\index.php(37): CodeIgniter\CodeIgniter->run()
#9 C:\xampp\htdocs\sabaraja\system\Commands\Server\rewrite.php(43): require_once('C:\\xampp\\htdocs...')
#10 {main}
CRITICAL - 2026-01-06 13:01:10 --> Undefined index: tingkat
#0 C:\xampp\htdocs\sabaraja\app\Views\admin\kelas\v_rombel.php(136): CodeIgniter\Debug\Exceptions->errorHandler(8, 'Undefined index...', 'C:\\xampp\\htdocs...', 136, Array)
#1 C:\xampp\htdocs\sabaraja\system\View\View.php(214): include('C:\\xampp\\htdocs...')
#2 C:\xampp\htdocs\sabaraja\system\View\View.php(217): CodeIgniter\View\View->CodeIgniter\View\{closure}()
#3 C:\xampp\htdocs\sabaraja\system\Common.php(1092): CodeIgniter\View\View->render('admin/kelas/v_r...', Array, true)
#4 C:\xampp\htdocs\sabaraja\app\Controllers\Kelas.php(50): view('admin/kelas/v_r...', Array)
#5 C:\xampp\htdocs\sabaraja\system\CodeIgniter.php(802): App\Controllers\Kelas->index()
#6 C:\xampp\htdocs\sabaraja\system\CodeIgniter.php(399): CodeIgniter\CodeIgniter->runController(Object(App\Controllers\Kelas))
#7 C:\xampp\htdocs\sabaraja\system\CodeIgniter.php(317): CodeIgniter\CodeIgniter->handleRequest(NULL, Object(Config\Cache), false)
#8 C:\xampp\htdocs\sabaraja\public\index.php(37): CodeIgniter\CodeIgniter->run()
#9 C:\xampp\htdocs\sabaraja\system\Commands\Server\rewrite.php(43): require_once('C:\\xampp\\htdocs...')
#10 {main}
CRITICAL - 2026-01-06 13:01:28 --> You must set the database table to be used with your query.
#0 C:\xampp\htdocs\sabaraja\system\Model.php(545): CodeIgniter\Database\BaseConnection->table(NULL)
#1 C:\xampp\htdocs\sabaraja\system\Model.php(719): CodeIgniter\Model->builder()
#2 C:\xampp\htdocs\sabaraja\app\Controllers\Kelas.php(102): CodeIgniter\Model->__call('select', Array)
#3 C:\xampp\htdocs\sabaraja\system\CodeIgniter.php(802): App\Controllers\Kelas->rincian_kelas('28')
#4 C:\xampp\htdocs\sabaraja\system\CodeIgniter.php(399): CodeIgniter\CodeIgniter->runController(Object(App\Controllers\Kelas))
#5 C:\xampp\htdocs\sabaraja\system\CodeIgniter.php(317): CodeIgniter\CodeIgniter->handleRequest(NULL, Object(Config\Cache), false)
#6 C:\xampp\htdocs\sabaraja\public\index.php(37): CodeIgniter\CodeIgniter->run()
#7 C:\xampp\htdocs\sabaraja\system\Commands\Server\rewrite.php(43): require_once('C:\\xampp\\htdocs...')
#8 {main}
CRITICAL - 2026-01-06 13:02:11 --> Undefined index: nama_guru
#0 C:\xampp\htdocs\sabaraja\app\Views\admin\kelas\v_rincian_kelas.php(47): CodeIgniter\Debug\Exceptions->errorHandler(8, 'Undefined index...', 'C:\\xampp\\htdocs...', 47, Array)
#1 C:\xampp\htdocs\sabaraja\system\View\View.php(214): include('C:\\xampp\\htdocs...')
#2 C:\xampp\htdocs\sabaraja\system\View\View.php(217): CodeIgniter\View\View->CodeIgniter\View\{closure}()
#3 C:\xampp\htdocs\sabaraja\system\Common.php(1092): CodeIgniter\View\View->render('admin/kelas/v_r...', Array, true)
#4 C:\xampp\htdocs\sabaraja\app\Controllers\Kelas.php(112): view('admin/kelas/v_r...', Array)
#5 C:\xampp\htdocs\sabaraja\system\CodeIgniter.php(802): App\Controllers\Kelas->rincian_kelas('28')
#6 C:\xampp\htdocs\sabaraja\system\CodeIgniter.php(399): CodeIgniter\CodeIgniter->runController(Object(App\Controllers\Kelas))
#7 C:\xampp\htdocs\sabaraja\system\CodeIgniter.php(317): CodeIgniter\CodeIgniter->handleRequest(NULL, Object(Config\Cache), false)
#8 C:\xampp\htdocs\sabaraja\public\index.php(37): CodeIgniter\CodeIgniter->run()
#9 C:\xampp\htdocs\sabaraja\system\Commands\Server\rewrite.php(43): require_once('C:\\xampp\\htdocs...')
#10 {main}
CRITICAL - 2026-01-06 13:07:19 --> Undefined index: nama_guru
#0 C:\xampp\htdocs\sabaraja\app\Views\admin\kelas\v_rincian_kelas.php(47): CodeIgniter\Debug\Exceptions->errorHandler(8, 'Undefined index...', 'C:\\xampp\\htdocs...', 47, Array)
#1 C:\xampp\htdocs\sabaraja\system\View\View.php(214): include('C:\\xampp\\htdocs...')
#2 C:\xampp\htdocs\sabaraja\system\View\View.php(217): CodeIgniter\View\View->CodeIgniter\View\{closure}()
#3 C:\xampp\htdocs\sabaraja\system\Common.php(1092): CodeIgniter\View\View->render('admin/kelas/v_r...', Array, true)
#4 C:\xampp\htdocs\sabaraja\app\Controllers\Kelas.php(112): view('admin/kelas/v_r...', Array)
#5 C:\xampp\htdocs\sabaraja\system\CodeIgniter.php(802): App\Controllers\Kelas->rincian_kelas('28')
#6 C:\xampp\htdocs\sabaraja\system\CodeIgniter.php(399): CodeIgniter\CodeIgniter->runController(Object(App\Controllers\Kelas))
#7 C:\xampp\htdocs\sabaraja\system\CodeIgniter.php(317): CodeIgniter\CodeIgniter->handleRequest(NULL, Object(Config\Cache), false)
#8 C:\xampp\htdocs\sabaraja\public\index.php(37): CodeIgniter\CodeIgniter->run()
#9 C:\xampp\htdocs\sabaraja\system\Commands\Server\rewrite.php(43): require_once('C:\\xampp\\htdocs...')
#10 {main}
CRITICAL - 2026-01-06 13:07:23 --> Undefined index: nama_guru
#0 C:\xampp\htdocs\sabaraja\app\Views\admin\kelas\v_rincian_kelas.php(47): CodeIgniter\Debug\Exceptions->errorHandler(8, 'Undefined index...', 'C:\\xampp\\htdocs...', 47, Array)
#1 C:\xampp\htdocs\sabaraja\system\View\View.php(214): include('C:\\xampp\\htdocs...')
#2 C:\xampp\htdocs\sabaraja\system\View\View.php(217): CodeIgniter\View\View->CodeIgniter\View\{closure}()
#3 C:\xampp\htdocs\sabaraja\system\Common.php(1092): CodeIgniter\View\View->render('admin/kelas/v_r...', Array, true)
#4 C:\xampp\htdocs\sabaraja\app\Controllers\Kelas.php(112): view('admin/kelas/v_r...', Array)
#5 C:\xampp\htdocs\sabaraja\system\CodeIgniter.php(802): App\Controllers\Kelas->rincian_kelas('28')
#6 C:\xampp\htdocs\sabaraja\system\CodeIgniter.php(399): CodeIgniter\CodeIgniter->runController(Object(App\Controllers\Kelas))
#7 C:\xampp\htdocs\sabaraja\system\CodeIgniter.php(317): CodeIgniter\CodeIgniter->handleRequest(NULL, Object(Config\Cache), false)
#8 C:\xampp\htdocs\sabaraja\public\index.php(37): CodeIgniter\CodeIgniter->run()
#9 C:\xampp\htdocs\sabaraja\system\Commands\Server\rewrite.php(43): require_once('C:\\xampp\\htdocs...')
#10 {main}
CRITICAL - 2026-01-06 13:07:31 --> Undefined index: nama_guru
#0 C:\xampp\htdocs\sabaraja\app\Views\admin\kelas\v_rincian_kelas.php(47): CodeIgniter\Debug\Exceptions->errorHandler(8, 'Undefined index...', 'C:\\xampp\\htdocs...', 47, Array)
#1 C:\xampp\htdocs\sabaraja\system\View\View.php(214): include('C:\\xampp\\htdocs...')
#2 C:\xampp\htdocs\sabaraja\system\View\View.php(217): CodeIgniter\View\View->CodeIgniter\View\{closure}()
#3 C:\xampp\htdocs\sabaraja\system\Common.php(1092): CodeIgniter\View\View->render('admin/kelas/v_r...', Array, true)
#4 C:\xampp\htdocs\sabaraja\app\Controllers\Kelas.php(112): view('admin/kelas/v_r...', Array)
#5 C:\xampp\htdocs\sabaraja\system\CodeIgniter.php(802): App\Controllers\Kelas->rincian_kelas('28')
#6 C:\xampp\htdocs\sabaraja\system\CodeIgniter.php(399): CodeIgniter\CodeIgniter->runController(Object(App\Controllers\Kelas))
#7 C:\xampp\htdocs\sabaraja\system\CodeIgniter.php(317): CodeIgniter\CodeIgniter->handleRequest(NULL, Object(Config\Cache), false)
#8 C:\xampp\htdocs\sabaraja\public\index.php(37): CodeIgniter\CodeIgniter->run()
#9 C:\xampp\htdocs\sabaraja\system\Commands\Server\rewrite.php(43): require_once('C:\\xampp\\htdocs...')
#10 {main}
CRITICAL - 2026-01-06 13:12:29 --> Undefined index: tingkat
#0 C:\xampp\htdocs\sabaraja\app\Views\admin\peserta\v_peserta.php(99): CodeIgniter\Debug\Exceptions->errorHandler(8, 'Undefined index...', 'C:\\xampp\\htdocs...', 99, Array)
#1 C:\xampp\htdocs\sabaraja\system\View\View.php(214): include('C:\\xampp\\htdocs...')
#2 C:\xampp\htdocs\sabaraja\system\View\View.php(217): CodeIgniter\View\View->CodeIgniter\View\{closure}()
#3 C:\xampp\htdocs\sabaraja\system\Common.php(1092): CodeIgniter\View\View->render('admin/peserta/v...', Array, true)
#4 C:\xampp\htdocs\sabaraja\app\Controllers\Peserta.php(70): view('admin/peserta/v...', Array)
#5 C:\xampp\htdocs\sabaraja\system\CodeIgniter.php(802): App\Controllers\Peserta->index()
#6 C:\xampp\htdocs\sabaraja\system\CodeIgniter.php(399): CodeIgniter\CodeIgniter->runController(Object(App\Controllers\Peserta))
#7 C:\xampp\htdocs\sabaraja\system\CodeIgniter.php(317): CodeIgniter\CodeIgniter->handleRequest(NULL, Object(Config\Cache), false)
#8 C:\xampp\htdocs\sabaraja\public\index.php(37): CodeIgniter\CodeIgniter->run()
#9 C:\xampp\htdocs\sabaraja\system\Commands\Server\rewrite.php(43): require_once('C:\\xampp\\htdocs...')
#10 {main}
CRITICAL - 2026-01-06 13:13:37 --> Undefined index: tingkat
#0 C:\xampp\htdocs\sabaraja\app\Views\admin\peserta\v_peserta.php(380): CodeIgniter\Debug\Exceptions->errorHandler(8, 'Undefined index...', 'C:\\xampp\\htdocs...', 380, Array)
#1 C:\xampp\htdocs\sabaraja\system\View\View.php(214): include('C:\\xampp\\htdocs...')
#2 C:\xampp\htdocs\sabaraja\system\View\View.php(217): CodeIgniter\View\View->CodeIgniter\View\{closure}()
#3 C:\xampp\htdocs\sabaraja\system\Common.php(1092): CodeIgniter\View\View->render('admin/peserta/v...', Array, true)
#4 C:\xampp\htdocs\sabaraja\app\Controllers\Peserta.php(70): view('admin/peserta/v...', Array)
#5 C:\xampp\htdocs\sabaraja\system\CodeIgniter.php(802): App\Controllers\Peserta->index()
#6 C:\xampp\htdocs\sabaraja\system\CodeIgniter.php(399): CodeIgniter\CodeIgniter->runController(Object(App\Controllers\Peserta))
#7 C:\xampp\htdocs\sabaraja\system\CodeIgniter.php(317): CodeIgniter\CodeIgniter->handleRequest(NULL, Object(Config\Cache), false)
#8 C:\xampp\htdocs\sabaraja\public\index.php(37): CodeIgniter\CodeIgniter->run()
#9 C:\xampp\htdocs\sabaraja\system\Commands\Server\rewrite.php(43): require_once('C:\\xampp\\htdocs...')
#10 {main}
CRITICAL - 2026-01-06 13:14:02 --> Undefined index: tingkat
#0 C:\xampp\htdocs\sabaraja\app\Views\admin\peserta\v_peserta.php(491): CodeIgniter\Debug\Exceptions->errorHandler(8, 'Undefined index...', 'C:\\xampp\\htdocs...', 491, Array)
#1 C:\xampp\htdocs\sabaraja\system\View\View.php(214): include('C:\\xampp\\htdocs...')
#2 C:\xampp\htdocs\sabaraja\system\View\View.php(217): CodeIgniter\View\View->CodeIgniter\View\{closure}()
#3 C:\xampp\htdocs\sabaraja\system\Common.php(1092): CodeIgniter\View\View->render('admin/peserta/v...', Array, true)
#4 C:\xampp\htdocs\sabaraja\app\Controllers\Peserta.php(70): view('admin/peserta/v...', Array)
#5 C:\xampp\htdocs\sabaraja\system\CodeIgniter.php(802): App\Controllers\Peserta->index()
#6 C:\xampp\htdocs\sabaraja\system\CodeIgniter.php(399): CodeIgniter\CodeIgniter->runController(Object(App\Controllers\Peserta))
#7 C:\xampp\htdocs\sabaraja\system\CodeIgniter.php(317): CodeIgniter\CodeIgniter->handleRequest(NULL, Object(Config\Cache), false)
#8 C:\xampp\htdocs\sabaraja\public\index.php(37): CodeIgniter\CodeIgniter->run()
#9 C:\xampp\htdocs\sabaraja\system\Commands\Server\rewrite.php(43): require_once('C:\\xampp\\htdocs...')
#10 {main}
CRITICAL - 2026-01-06 13:14:37 --> Undefined index: tingkat
#0 C:\xampp\htdocs\sabaraja\app\Views\admin\peserta\v_peserta.php(541): CodeIgniter\Debug\Exceptions->errorHandler(8, 'Undefined index...', 'C:\\xampp\\htdocs...', 541, Array)
#1 C:\xampp\htdocs\sabaraja\system\View\View.php(214): include('C:\\xampp\\htdocs...')
#2 C:\xampp\htdocs\sabaraja\system\View\View.php(217): CodeIgniter\View\View->CodeIgniter\View\{closure}()
#3 C:\xampp\htdocs\sabaraja\system\Common.php(1092): CodeIgniter\View\View->render('admin/peserta/v...', Array, true)
#4 C:\xampp\htdocs\sabaraja\app\Controllers\Peserta.php(70): view('admin/peserta/v...', Array)
#5 C:\xampp\htdocs\sabaraja\system\CodeIgniter.php(802): App\Controllers\Peserta->index()
#6 C:\xampp\htdocs\sabaraja\system\CodeIgniter.php(399): CodeIgniter\CodeIgniter->runController(Object(App\Controllers\Peserta))
#7 C:\xampp\htdocs\sabaraja\system\CodeIgniter.php(317): CodeIgniter\CodeIgniter->handleRequest(NULL, Object(Config\Cache), false)
#8 C:\xampp\htdocs\sabaraja\public\index.php(37): CodeIgniter\CodeIgniter->run()
#9 C:\xampp\htdocs\sabaraja\system\Commands\Server\rewrite.php(43): require_once('C:\\xampp\\htdocs...')
#10 {main}
