CRITICAL - 2025-04-27 09:32:28 --> Undefined index: penghasilan
#0 E:\APLIKASI\koding\sneat\app\Views\admin\peserta\v_detail_siswa.php(694): CodeIgniter\Debug\Exceptions->errorHandler(8, 'Undefined index...', 'E:\\APLIKASI\\kod...', 694, Array)
#1 E:\APLIKASI\koding\sneat\system\View\View.php(214): include('E:\\APLIKASI\\kod...')
#2 E:\APLIKASI\koding\sneat\system\View\View.php(217): CodeIgniter\View\View->CodeIgniter\View\{closure}()
#3 E:\APLIKASI\koding\sneat\system\Common.php(1092): CodeIgniter\View\View->render('admin/peserta/v...', Array, true)
#4 E:\APLIKASI\koding\sneat\app\Controllers\Peserta.php(160): view('admin/peserta/v...', Array)
#5 E:\APLIKASI\koding\sneat\system\CodeIgniter.php(802): App\Controllers\Peserta->detail_siswa('3120269432')
#6 E:\APLIKASI\koding\sneat\system\CodeIgniter.php(399): CodeIgniter\CodeIgniter->runController(Object(App\Controllers\Peserta))
#7 E:\APLIKASI\koding\sneat\system\CodeIgniter.php(317): CodeIgniter\CodeIgniter->handleRequest(NULL, Object(Config\Cache), false)
#8 E:\APLIKASI\koding\sneat\public\index.php(37): CodeIgniter\CodeIgniter->run()
#9 E:\APLIKASI\koding\sneat\system\Commands\Server\rewrite.php(43): require_once('E:\\APLIKASI\\kod...')
#10 {main}
CRITICAL - 2025-04-27 18:55:01 --> Undefined index: latitude
#0 E:\APLIKASI\koding\sneat\app\Views\siswa\v_profile.php(192): CodeIgniter\Debug\Exceptions->errorHandler(8, 'Undefined index...', 'E:\\APLIKASI\\kod...', 192, Array)
#1 E:\APLIKASI\koding\sneat\system\View\View.php(214): include('E:\\APLIKASI\\kod...')
#2 E:\APLIKASI\koding\sneat\system\View\View.php(217): CodeIgniter\View\View->CodeIgniter\View\{closure}()
#3 E:\APLIKASI\koding\sneat\system\Common.php(1092): CodeIgniter\View\View->render('siswa/v_profile', Array, true)
#4 E:\APLIKASI\koding\sneat\app\Controllers\Siswa.php(92): view('siswa/v_profile', Array)
#5 E:\APLIKASI\koding\sneat\system\CodeIgniter.php(802): App\Controllers\Siswa->profile()
#6 E:\APLIKASI\koding\sneat\system\CodeIgniter.php(399): CodeIgniter\CodeIgniter->runController(Object(App\Controllers\Siswa))
#7 E:\APLIKASI\koding\sneat\system\CodeIgniter.php(317): CodeIgniter\CodeIgniter->handleRequest(NULL, Object(Config\Cache), false)
#8 E:\APLIKASI\koding\sneat\public\index.php(37): CodeIgniter\CodeIgniter->run()
#9 E:\APLIKASI\koding\sneat\system\Commands\Server\rewrite.php(43): require_once('E:\\APLIKASI\\kod...')
#10 {main}
CRITICAL - 2025-04-27 19:23:53 --> Invalid file: peserta/surat_pindah.php
#0 E:\APLIKASI\koding\sneat\system\View\View.php(198): CodeIgniter\Exceptions\FrameworkException::forInvalidFile('peserta/surat_p...')
#1 E:\APLIKASI\koding\sneat\system\Common.php(1092): CodeIgniter\View\View->render('peserta/surat_p...', Array, true)
#2 E:\APLIKASI\koding\sneat\app\Controllers\Peserta.php(852): view('peserta/surat_p...', Array)
#3 E:\APLIKASI\koding\sneat\system\CodeIgniter.php(802): App\Controllers\Peserta->printmohon('3120269432')
#4 E:\APLIKASI\koding\sneat\system\CodeIgniter.php(399): CodeIgniter\CodeIgniter->runController(Object(App\Controllers\Peserta))
#5 E:\APLIKASI\koding\sneat\system\CodeIgniter.php(317): CodeIgniter\CodeIgniter->handleRequest(NULL, Object(Config\Cache), false)
#6 E:\APLIKASI\koding\sneat\public\index.php(37): CodeIgniter\CodeIgniter->run()
#7 E:\APLIKASI\koding\sneat\system\Commands\Server\rewrite.php(43): require_once('E:\\APLIKASI\\kod...')
#8 {main}
CRITICAL - 2025-04-27 19:25:03 --> Call to undefined function terbilang()
#0 E:\APLIKASI\koding\sneat\system\View\View.php(214): include()
#1 E:\APLIKASI\koding\sneat\system\View\View.php(217): CodeIgniter\View\View->CodeIgniter\View\{closure}()
#2 E:\APLIKASI\koding\sneat\system\Common.php(1092): CodeIgniter\View\View->render('admin/peserta/s...', Array, true)
#3 E:\APLIKASI\koding\sneat\app\Controllers\Peserta.php(852): view('admin/peserta/s...', Array)
#4 E:\APLIKASI\koding\sneat\system\CodeIgniter.php(802): App\Controllers\Peserta->printmohon('3120269432')
#5 E:\APLIKASI\koding\sneat\system\CodeIgniter.php(399): CodeIgniter\CodeIgniter->runController(Object(App\Controllers\Peserta))
#6 E:\APLIKASI\koding\sneat\system\CodeIgniter.php(317): CodeIgniter\CodeIgniter->handleRequest(NULL, Object(Config\Cache), false)
#7 E:\APLIKASI\koding\sneat\public\index.php(37): CodeIgniter\CodeIgniter->run()
#8 E:\APLIKASI\koding\sneat\system\Commands\Server\rewrite.php(43): require_once('E:\\APLIKASI\\kod...')
#9 {main}
CRITICAL - 2025-04-27 19:25:37 --> Undefined offset: -1
#0 E:\APLIKASI\koding\sneat\app\Helpers\formatindo_helper.php(15): CodeIgniter\Debug\Exceptions->errorHandler(8, 'Undefined offse...', 'E:\\APLIKASI\\kod...', 15, Array)
#1 E:\APLIKASI\koding\sneat\app\Views\admin\peserta\surat_pindah.php(293): formatindo('')
#2 E:\APLIKASI\koding\sneat\system\View\View.php(214): include('E:\\APLIKASI\\kod...')
#3 E:\APLIKASI\koding\sneat\system\View\View.php(217): CodeIgniter\View\View->CodeIgniter\View\{closure}()
#4 E:\APLIKASI\koding\sneat\system\Common.php(1092): CodeIgniter\View\View->render('admin/peserta/s...', Array, true)
#5 E:\APLIKASI\koding\sneat\app\Controllers\Peserta.php(853): view('admin/peserta/s...', Array)
#6 E:\APLIKASI\koding\sneat\system\CodeIgniter.php(802): App\Controllers\Peserta->printmohon('3120269432')
#7 E:\APLIKASI\koding\sneat\system\CodeIgniter.php(399): CodeIgniter\CodeIgniter->runController(Object(App\Controllers\Peserta))
#8 E:\APLIKASI\koding\sneat\system\CodeIgniter.php(317): CodeIgniter\CodeIgniter->handleRequest(NULL, Object(Config\Cache), false)
#9 E:\APLIKASI\koding\sneat\public\index.php(37): CodeIgniter\CodeIgniter->run()
#10 E:\APLIKASI\koding\sneat\system\Commands\Server\rewrite.php(43): require_once('E:\\APLIKASI\\kod...')
#11 {main}
CRITICAL - 2025-04-27 19:26:05 --> Undefined offset: -1
#0 E:\APLIKASI\koding\sneat\app\Helpers\formatindo_helper.php(15): CodeIgniter\Debug\Exceptions->errorHandler(8, 'Undefined offse...', 'E:\\APLIKASI\\kod...', 15, Array)
#1 E:\APLIKASI\koding\sneat\app\Views\admin\peserta\surat_pindah.php(293): formatindo('')
#2 E:\APLIKASI\koding\sneat\system\View\View.php(214): include('E:\\APLIKASI\\kod...')
#3 E:\APLIKASI\koding\sneat\system\View\View.php(217): CodeIgniter\View\View->CodeIgniter\View\{closure}()
#4 E:\APLIKASI\koding\sneat\system\Common.php(1092): CodeIgniter\View\View->render('admin/peserta/s...', Array, true)
#5 E:\APLIKASI\koding\sneat\app\Controllers\Peserta.php(853): view('admin/peserta/s...', Array)
#6 E:\APLIKASI\koding\sneat\system\CodeIgniter.php(802): App\Controllers\Peserta->printmohon('3120269432')
#7 E:\APLIKASI\koding\sneat\system\CodeIgniter.php(399): CodeIgniter\CodeIgniter->runController(Object(App\Controllers\Peserta))
#8 E:\APLIKASI\koding\sneat\system\CodeIgniter.php(317): CodeIgniter\CodeIgniter->handleRequest(NULL, Object(Config\Cache), false)
#9 E:\APLIKASI\koding\sneat\public\index.php(37): CodeIgniter\CodeIgniter->run()
#10 E:\APLIKASI\koding\sneat\system\Commands\Server\rewrite.php(43): require_once('E:\\APLIKASI\\kod...')
#11 {main}
CRITICAL - 2025-04-27 19:27:13 --> Undefined offset: -1
#0 E:\APLIKASI\koding\sneat\app\Helpers\formatindo_helper.php(15): CodeIgniter\Debug\Exceptions->errorHandler(8, 'Undefined offse...', 'E:\\APLIKASI\\kod...', 15, Array)
#1 E:\APLIKASI\koding\sneat\app\Views\admin\peserta\surat_pindah.php(293): formatindo('')
#2 E:\APLIKASI\koding\sneat\system\View\View.php(214): include('E:\\APLIKASI\\kod...')
#3 E:\APLIKASI\koding\sneat\system\View\View.php(217): CodeIgniter\View\View->CodeIgniter\View\{closure}()
#4 E:\APLIKASI\koding\sneat\system\Common.php(1092): CodeIgniter\View\View->render('admin/peserta/s...', Array, true)
#5 E:\APLIKASI\koding\sneat\app\Controllers\Peserta.php(853): view('admin/peserta/s...', Array)
#6 E:\APLIKASI\koding\sneat\system\CodeIgniter.php(802): App\Controllers\Peserta->printmohon('3120269432')
#7 E:\APLIKASI\koding\sneat\system\CodeIgniter.php(399): CodeIgniter\CodeIgniter->runController(Object(App\Controllers\Peserta))
#8 E:\APLIKASI\koding\sneat\system\CodeIgniter.php(317): CodeIgniter\CodeIgniter->handleRequest(NULL, Object(Config\Cache), false)
#9 E:\APLIKASI\koding\sneat\public\index.php(37): CodeIgniter\CodeIgniter->run()
#10 E:\APLIKASI\koding\sneat\system\Commands\Server\rewrite.php(43): require_once('E:\\APLIKASI\\kod...')
#11 {main}
CRITICAL - 2025-04-27 19:27:49 --> Undefined offset: -1
#0 E:\APLIKASI\koding\sneat\app\Helpers\formatindo_helper.php(15): CodeIgniter\Debug\Exceptions->errorHandler(8, 'Undefined offse...', 'E:\\APLIKASI\\kod...', 15, Array)
#1 E:\APLIKASI\koding\sneat\app\Views\admin\peserta\surat_pindah.php(293): formatindo('')
#2 E:\APLIKASI\koding\sneat\system\View\View.php(214): include('E:\\APLIKASI\\kod...')
#3 E:\APLIKASI\koding\sneat\system\View\View.php(217): CodeIgniter\View\View->CodeIgniter\View\{closure}()
#4 E:\APLIKASI\koding\sneat\system\Common.php(1092): CodeIgniter\View\View->render('admin/peserta/s...', Array, true)
#5 E:\APLIKASI\koding\sneat\app\Controllers\Peserta.php(853): view('admin/peserta/s...', Array)
#6 E:\APLIKASI\koding\sneat\system\CodeIgniter.php(802): App\Controllers\Peserta->printmohon('3120269432')
#7 E:\APLIKASI\koding\sneat\system\CodeIgniter.php(399): CodeIgniter\CodeIgniter->runController(Object(App\Controllers\Peserta))
#8 E:\APLIKASI\koding\sneat\system\CodeIgniter.php(317): CodeIgniter\CodeIgniter->handleRequest(NULL, Object(Config\Cache), false)
#9 E:\APLIKASI\koding\sneat\public\index.php(37): CodeIgniter\CodeIgniter->run()
#10 E:\APLIKASI\koding\sneat\system\Commands\Server\rewrite.php(43): require_once('E:\\APLIKASI\\kod...')
#11 {main}
CRITICAL - 2025-04-27 19:27:56 --> Undefined offset: -1
#0 E:\APLIKASI\koding\sneat\app\Helpers\formatindo_helper.php(15): CodeIgniter\Debug\Exceptions->errorHandler(8, 'Undefined offse...', 'E:\\APLIKASI\\kod...', 15, Array)
#1 E:\APLIKASI\koding\sneat\app\Views\admin\peserta\surat_pindah.php(293): formatindo('')
#2 E:\APLIKASI\koding\sneat\system\View\View.php(214): include('E:\\APLIKASI\\kod...')
#3 E:\APLIKASI\koding\sneat\system\View\View.php(217): CodeIgniter\View\View->CodeIgniter\View\{closure}()
#4 E:\APLIKASI\koding\sneat\system\Common.php(1092): CodeIgniter\View\View->render('admin/peserta/s...', Array, true)
#5 E:\APLIKASI\koding\sneat\app\Controllers\Peserta.php(853): view('admin/peserta/s...', Array)
#6 E:\APLIKASI\koding\sneat\system\CodeIgniter.php(802): App\Controllers\Peserta->printmohon('3120269432')
#7 E:\APLIKASI\koding\sneat\system\CodeIgniter.php(399): CodeIgniter\CodeIgniter->runController(Object(App\Controllers\Peserta))
#8 E:\APLIKASI\koding\sneat\system\CodeIgniter.php(317): CodeIgniter\CodeIgniter->handleRequest(NULL, Object(Config\Cache), false)
#9 E:\APLIKASI\koding\sneat\public\index.php(37): CodeIgniter\CodeIgniter->run()
#10 E:\APLIKASI\koding\sneat\system\Commands\Server\rewrite.php(43): require_once('E:\\APLIKASI\\kod...')
#11 {main}
CRITICAL - 2025-04-27 19:28:29 --> Undefined offset: -1
#0 E:\APLIKASI\koding\sneat\app\Helpers\formatindo_helper.php(15): CodeIgniter\Debug\Exceptions->errorHandler(8, 'Undefined offse...', 'E:\\APLIKASI\\kod...', 15, Array)
#1 E:\APLIKASI\koding\sneat\app\Views\admin\peserta\surat_pindah.php(293): formatindo('')
#2 E:\APLIKASI\koding\sneat\system\View\View.php(214): include('E:\\APLIKASI\\kod...')
#3 E:\APLIKASI\koding\sneat\system\View\View.php(217): CodeIgniter\View\View->CodeIgniter\View\{closure}()
#4 E:\APLIKASI\koding\sneat\system\Common.php(1092): CodeIgniter\View\View->render('admin/peserta/s...', Array, true)
#5 E:\APLIKASI\koding\sneat\app\Controllers\Peserta.php(853): view('admin/peserta/s...', Array)
#6 E:\APLIKASI\koding\sneat\system\CodeIgniter.php(802): App\Controllers\Peserta->printmohon('3120269432')
#7 E:\APLIKASI\koding\sneat\system\CodeIgniter.php(399): CodeIgniter\CodeIgniter->runController(Object(App\Controllers\Peserta))
#8 E:\APLIKASI\koding\sneat\system\CodeIgniter.php(317): CodeIgniter\CodeIgniter->handleRequest(NULL, Object(Config\Cache), false)
#9 E:\APLIKASI\koding\sneat\public\index.php(37): CodeIgniter\CodeIgniter->run()
#10 E:\APLIKASI\koding\sneat\system\Commands\Server\rewrite.php(43): require_once('E:\\APLIKASI\\kod...')
#11 {main}
CRITICAL - 2025-04-27 19:29:01 --> Undefined offset: -1
#0 E:\APLIKASI\koding\sneat\app\Helpers\formatindo_helper.php(15): CodeIgniter\Debug\Exceptions->errorHandler(8, 'Undefined offse...', 'E:\\APLIKASI\\kod...', 15, Array)
#1 E:\APLIKASI\koding\sneat\app\Views\admin\peserta\surat_pindah.php(293): formatindo('')
#2 E:\APLIKASI\koding\sneat\system\View\View.php(214): include('E:\\APLIKASI\\kod...')
#3 E:\APLIKASI\koding\sneat\system\View\View.php(217): CodeIgniter\View\View->CodeIgniter\View\{closure}()
#4 E:\APLIKASI\koding\sneat\system\Common.php(1092): CodeIgniter\View\View->render('admin/peserta/s...', Array, true)
#5 E:\APLIKASI\koding\sneat\app\Controllers\Peserta.php(857): view('admin/peserta/s...', Array)
#6 E:\APLIKASI\koding\sneat\system\CodeIgniter.php(802): App\Controllers\Peserta->printmohon('3120269432')
#7 E:\APLIKASI\koding\sneat\system\CodeIgniter.php(399): CodeIgniter\CodeIgniter->runController(Object(App\Controllers\Peserta))
#8 E:\APLIKASI\koding\sneat\system\CodeIgniter.php(317): CodeIgniter\CodeIgniter->handleRequest(NULL, Object(Config\Cache), false)
#9 E:\APLIKASI\koding\sneat\public\index.php(37): CodeIgniter\CodeIgniter->run()
#10 E:\APLIKASI\koding\sneat\system\Commands\Server\rewrite.php(43): require_once('E:\\APLIKASI\\kod...')
#11 {main}
CRITICAL - 2025-04-27 19:29:50 --> Undefined offset: -1
#0 E:\APLIKASI\koding\sneat\app\Helpers\formatindo_helper.php(15): CodeIgniter\Debug\Exceptions->errorHandler(8, 'Undefined offse...', 'E:\\APLIKASI\\kod...', 15, Array)
#1 E:\APLIKASI\koding\sneat\app\Views\admin\peserta\surat_pindah.php(293): formatindo('')
#2 E:\APLIKASI\koding\sneat\system\View\View.php(214): include('E:\\APLIKASI\\kod...')
#3 E:\APLIKASI\koding\sneat\system\View\View.php(217): CodeIgniter\View\View->CodeIgniter\View\{closure}()
#4 E:\APLIKASI\koding\sneat\system\Common.php(1092): CodeIgniter\View\View->render('admin/peserta/s...', Array, true)
#5 E:\APLIKASI\koding\sneat\app\Controllers\Peserta.php(857): view('admin/peserta/s...', Array)
#6 E:\APLIKASI\koding\sneat\system\CodeIgniter.php(802): App\Controllers\Peserta->printmohon('3120269432')
#7 E:\APLIKASI\koding\sneat\system\CodeIgniter.php(399): CodeIgniter\CodeIgniter->runController(Object(App\Controllers\Peserta))
#8 E:\APLIKASI\koding\sneat\system\CodeIgniter.php(317): CodeIgniter\CodeIgniter->handleRequest(NULL, Object(Config\Cache), false)
#9 E:\APLIKASI\koding\sneat\public\index.php(37): CodeIgniter\CodeIgniter->run()
#10 E:\APLIKASI\koding\sneat\system\Commands\Server\rewrite.php(43): require_once('E:\\APLIKASI\\kod...')
#11 {main}
CRITICAL - 2025-04-27 19:30:54 --> Undefined offset: -1
#0 E:\APLIKASI\koding\sneat\app\Helpers\formatindo_helper.php(15): CodeIgniter\Debug\Exceptions->errorHandler(8, 'Undefined offse...', 'E:\\APLIKASI\\kod...', 15, Array)
#1 E:\APLIKASI\koding\sneat\app\Views\admin\peserta\surat_pindah.php(293): formatindo('')
#2 E:\APLIKASI\koding\sneat\system\View\View.php(214): include('E:\\APLIKASI\\kod...')
#3 E:\APLIKASI\koding\sneat\system\View\View.php(217): CodeIgniter\View\View->CodeIgniter\View\{closure}()
#4 E:\APLIKASI\koding\sneat\system\Common.php(1092): CodeIgniter\View\View->render('admin/peserta/s...', Array, true)
#5 E:\APLIKASI\koding\sneat\app\Controllers\Peserta.php(857): view('admin/peserta/s...', Array)
#6 E:\APLIKASI\koding\sneat\system\CodeIgniter.php(802): App\Controllers\Peserta->printmohon('3120269432')
#7 E:\APLIKASI\koding\sneat\system\CodeIgniter.php(399): CodeIgniter\CodeIgniter->runController(Object(App\Controllers\Peserta))
#8 E:\APLIKASI\koding\sneat\system\CodeIgniter.php(317): CodeIgniter\CodeIgniter->handleRequest(NULL, Object(Config\Cache), false)
#9 E:\APLIKASI\koding\sneat\public\index.php(37): CodeIgniter\CodeIgniter->run()
#10 E:\APLIKASI\koding\sneat\system\Commands\Server\rewrite.php(43): require_once('E:\\APLIKASI\\kod...')
#11 {main}
CRITICAL - 2025-04-27 19:31:01 --> Undefined offset: -1
#0 E:\APLIKASI\koding\sneat\app\Helpers\formatindo_helper.php(15): CodeIgniter\Debug\Exceptions->errorHandler(8, 'Undefined offse...', 'E:\\APLIKASI\\kod...', 15, Array)
#1 E:\APLIKASI\koding\sneat\app\Views\admin\peserta\surat_pindah.php(293): formatindo('')
#2 E:\APLIKASI\koding\sneat\system\View\View.php(214): include('E:\\APLIKASI\\kod...')
#3 E:\APLIKASI\koding\sneat\system\View\View.php(217): CodeIgniter\View\View->CodeIgniter\View\{closure}()
#4 E:\APLIKASI\koding\sneat\system\Common.php(1092): CodeIgniter\View\View->render('admin/peserta/s...', Array, true)
#5 E:\APLIKASI\koding\sneat\app\Controllers\Peserta.php(857): view('admin/peserta/s...', Array)
#6 E:\APLIKASI\koding\sneat\system\CodeIgniter.php(802): App\Controllers\Peserta->printmohon('3120269432')
#7 E:\APLIKASI\koding\sneat\system\CodeIgniter.php(399): CodeIgniter\CodeIgniter->runController(Object(App\Controllers\Peserta))
#8 E:\APLIKASI\koding\sneat\system\CodeIgniter.php(317): CodeIgniter\CodeIgniter->handleRequest(NULL, Object(Config\Cache), false)
#9 E:\APLIKASI\koding\sneat\public\index.php(37): CodeIgniter\CodeIgniter->run()
#10 E:\APLIKASI\koding\sneat\system\Commands\Server\rewrite.php(43): require_once('E:\\APLIKASI\\kod...')
#11 {main}
CRITICAL - 2025-04-27 19:32:10 --> Undefined offset: -1
#0 E:\APLIKASI\koding\sneat\app\Helpers\formatindo_helper.php(15): CodeIgniter\Debug\Exceptions->errorHandler(8, 'Undefined offse...', 'E:\\APLIKASI\\kod...', 15, Array)
#1 E:\APLIKASI\koding\sneat\app\Views\admin\peserta\surat_pindah.php(293): formatindo('')
#2 E:\APLIKASI\koding\sneat\system\View\View.php(214): include('E:\\APLIKASI\\kod...')
#3 E:\APLIKASI\koding\sneat\system\View\View.php(217): CodeIgniter\View\View->CodeIgniter\View\{closure}()
#4 E:\APLIKASI\koding\sneat\system\Common.php(1092): CodeIgniter\View\View->render('admin/peserta/s...', Array, true)
#5 E:\APLIKASI\koding\sneat\app\Controllers\Peserta.php(857): view('admin/peserta/s...', Array)
#6 E:\APLIKASI\koding\sneat\system\CodeIgniter.php(802): App\Controllers\Peserta->printmohon('3120269432')
#7 E:\APLIKASI\koding\sneat\system\CodeIgniter.php(399): CodeIgniter\CodeIgniter->runController(Object(App\Controllers\Peserta))
#8 E:\APLIKASI\koding\sneat\system\CodeIgniter.php(317): CodeIgniter\CodeIgniter->handleRequest(NULL, Object(Config\Cache), false)
#9 E:\APLIKASI\koding\sneat\public\index.php(37): CodeIgniter\CodeIgniter->run()
#10 E:\APLIKASI\koding\sneat\system\Commands\Server\rewrite.php(43): require_once('E:\\APLIKASI\\kod...')
#11 {main}
CRITICAL - 2025-04-27 19:32:15 --> Undefined offset: -1
#0 E:\APLIKASI\koding\sneat\app\Helpers\formatindo_helper.php(15): CodeIgniter\Debug\Exceptions->errorHandler(8, 'Undefined offse...', 'E:\\APLIKASI\\kod...', 15, Array)
#1 E:\APLIKASI\koding\sneat\app\Views\admin\peserta\surat_pindah.php(293): formatindo('')
#2 E:\APLIKASI\koding\sneat\system\View\View.php(214): include('E:\\APLIKASI\\kod...')
#3 E:\APLIKASI\koding\sneat\system\View\View.php(217): CodeIgniter\View\View->CodeIgniter\View\{closure}()
#4 E:\APLIKASI\koding\sneat\system\Common.php(1092): CodeIgniter\View\View->render('admin/peserta/s...', Array, true)
#5 E:\APLIKASI\koding\sneat\app\Controllers\Peserta.php(857): view('admin/peserta/s...', Array)
#6 E:\APLIKASI\koding\sneat\system\CodeIgniter.php(802): App\Controllers\Peserta->printmohon('3120269432')
#7 E:\APLIKASI\koding\sneat\system\CodeIgniter.php(399): CodeIgniter\CodeIgniter->runController(Object(App\Controllers\Peserta))
#8 E:\APLIKASI\koding\sneat\system\CodeIgniter.php(317): CodeIgniter\CodeIgniter->handleRequest(NULL, Object(Config\Cache), false)
#9 E:\APLIKASI\koding\sneat\public\index.php(37): CodeIgniter\CodeIgniter->run()
#10 E:\APLIKASI\koding\sneat\system\Commands\Server\rewrite.php(43): require_once('E:\\APLIKASI\\kod...')
#11 {main}
CRITICAL - 2025-04-27 19:33:25 --> Undefined offset: -1
#0 E:\APLIKASI\koding\sneat\app\Helpers\formatindo_helper.php(15): CodeIgniter\Debug\Exceptions->errorHandler(8, 'Undefined offse...', 'E:\\APLIKASI\\kod...', 15, Array)
#1 E:\APLIKASI\koding\sneat\app\Views\admin\peserta\surat_pindah.php(293): formatindo('')
#2 E:\APLIKASI\koding\sneat\system\View\View.php(214): include('E:\\APLIKASI\\kod...')
#3 E:\APLIKASI\koding\sneat\system\View\View.php(217): CodeIgniter\View\View->CodeIgniter\View\{closure}()
#4 E:\APLIKASI\koding\sneat\system\Common.php(1092): CodeIgniter\View\View->render('admin/peserta/s...', Array, true)
#5 E:\APLIKASI\koding\sneat\app\Controllers\Peserta.php(857): view('admin/peserta/s...', Array)
#6 E:\APLIKASI\koding\sneat\system\CodeIgniter.php(802): App\Controllers\Peserta->printmohon('3120269432')
#7 E:\APLIKASI\koding\sneat\system\CodeIgniter.php(399): CodeIgniter\CodeIgniter->runController(Object(App\Controllers\Peserta))
#8 E:\APLIKASI\koding\sneat\system\CodeIgniter.php(317): CodeIgniter\CodeIgniter->handleRequest(NULL, Object(Config\Cache), false)
#9 E:\APLIKASI\koding\sneat\public\index.php(37): CodeIgniter\CodeIgniter->run()
#10 E:\APLIKASI\koding\sneat\system\Commands\Server\rewrite.php(43): require_once('E:\\APLIKASI\\kod...')
#11 {main}
CRITICAL - 2025-04-27 19:33:57 --> Undefined offset: -1
#0 E:\APLIKASI\koding\sneat\app\Helpers\formatindo_helper.php(15): CodeIgniter\Debug\Exceptions->errorHandler(8, 'Undefined offse...', 'E:\\APLIKASI\\kod...', 15, Array)
#1 E:\APLIKASI\koding\sneat\app\Views\admin\peserta\surat_pindah.php(293): formatindo('')
#2 E:\APLIKASI\koding\sneat\system\View\View.php(214): include('E:\\APLIKASI\\kod...')
#3 E:\APLIKASI\koding\sneat\system\View\View.php(217): CodeIgniter\View\View->CodeIgniter\View\{closure}()
#4 E:\APLIKASI\koding\sneat\system\Common.php(1092): CodeIgniter\View\View->render('admin/peserta/s...', Array, true)
#5 E:\APLIKASI\koding\sneat\app\Controllers\Peserta.php(857): view('admin/peserta/s...', Array)
#6 E:\APLIKASI\koding\sneat\system\CodeIgniter.php(802): App\Controllers\Peserta->printmohon('3120269432')
#7 E:\APLIKASI\koding\sneat\system\CodeIgniter.php(399): CodeIgniter\CodeIgniter->runController(Object(App\Controllers\Peserta))
#8 E:\APLIKASI\koding\sneat\system\CodeIgniter.php(317): CodeIgniter\CodeIgniter->handleRequest(NULL, Object(Config\Cache), false)
#9 E:\APLIKASI\koding\sneat\public\index.php(37): CodeIgniter\CodeIgniter->run()
#10 E:\APLIKASI\koding\sneat\system\Commands\Server\rewrite.php(43): require_once('E:\\APLIKASI\\kod...')
#11 {main}
CRITICAL - 2025-04-27 19:34:05 --> Undefined offset: -1
#0 E:\APLIKASI\koding\sneat\app\Helpers\formatindo_helper.php(15): CodeIgniter\Debug\Exceptions->errorHandler(8, 'Undefined offse...', 'E:\\APLIKASI\\kod...', 15, Array)
#1 E:\APLIKASI\koding\sneat\app\Views\admin\peserta\surat_pindah.php(293): formatindo('')
#2 E:\APLIKASI\koding\sneat\system\View\View.php(214): include('E:\\APLIKASI\\kod...')
#3 E:\APLIKASI\koding\sneat\system\View\View.php(217): CodeIgniter\View\View->CodeIgniter\View\{closure}()
#4 E:\APLIKASI\koding\sneat\system\Common.php(1092): CodeIgniter\View\View->render('admin/peserta/s...', Array, true)
#5 E:\APLIKASI\koding\sneat\app\Controllers\Peserta.php(857): view('admin/peserta/s...', Array)
#6 E:\APLIKASI\koding\sneat\system\CodeIgniter.php(802): App\Controllers\Peserta->printmohon('3120269432')
#7 E:\APLIKASI\koding\sneat\system\CodeIgniter.php(399): CodeIgniter\CodeIgniter->runController(Object(App\Controllers\Peserta))
#8 E:\APLIKASI\koding\sneat\system\CodeIgniter.php(317): CodeIgniter\CodeIgniter->handleRequest(NULL, Object(Config\Cache), false)
#9 E:\APLIKASI\koding\sneat\public\index.php(37): CodeIgniter\CodeIgniter->run()
#10 E:\APLIKASI\koding\sneat\system\Commands\Server\rewrite.php(43): require_once('E:\\APLIKASI\\kod...')
#11 {main}
CRITICAL - 2025-04-27 19:36:26 --> Undefined offset: -1
#0 E:\APLIKASI\koding\sneat\app\Helpers\formatindo_helper.php(15): CodeIgniter\Debug\Exceptions->errorHandler(8, 'Undefined offse...', 'E:\\APLIKASI\\kod...', 15, Array)
#1 E:\APLIKASI\koding\sneat\app\Views\admin\peserta\surat_pindah.php(293): formatindo('27-04-01')
#2 E:\APLIKASI\koding\sneat\system\View\View.php(214): include('E:\\APLIKASI\\kod...')
#3 E:\APLIKASI\koding\sneat\system\View\View.php(217): CodeIgniter\View\View->CodeIgniter\View\{closure}()
#4 E:\APLIKASI\koding\sneat\system\Common.php(1092): CodeIgniter\View\View->render('admin/peserta/s...', Array, true)
#5 E:\APLIKASI\koding\sneat\app\Controllers\Peserta.php(857): view('admin/peserta/s...', Array)
#6 E:\APLIKASI\koding\sneat\system\CodeIgniter.php(802): App\Controllers\Peserta->printmohon('3120269432')
#7 E:\APLIKASI\koding\sneat\system\CodeIgniter.php(399): CodeIgniter\CodeIgniter->runController(Object(App\Controllers\Peserta))
#8 E:\APLIKASI\koding\sneat\system\CodeIgniter.php(317): CodeIgniter\CodeIgniter->handleRequest(NULL, Object(Config\Cache), false)
#9 E:\APLIKASI\koding\sneat\public\index.php(37): CodeIgniter\CodeIgniter->run()
#10 E:\APLIKASI\koding\sneat\system\Commands\Server\rewrite.php(43): require_once('E:\\APLIKASI\\kod...')
#11 {main}
CRITICAL - 2025-04-27 19:36:56 --> Undefined offset: -1
#0 E:\APLIKASI\koding\sneat\app\Helpers\formatindo_helper.php(15): CodeIgniter\Debug\Exceptions->errorHandler(8, 'Undefined offse...', 'E:\\APLIKASI\\kod...', 15, Array)
#1 E:\APLIKASI\koding\sneat\app\Views\admin\peserta\surat_pindah.php(293): formatindo('27-04-01')
#2 E:\APLIKASI\koding\sneat\system\View\View.php(214): include('E:\\APLIKASI\\kod...')
#3 E:\APLIKASI\koding\sneat\system\View\View.php(217): CodeIgniter\View\View->CodeIgniter\View\{closure}()
#4 E:\APLIKASI\koding\sneat\system\Common.php(1092): CodeIgniter\View\View->render('admin/peserta/s...', Array, true)
#5 E:\APLIKASI\koding\sneat\app\Controllers\Peserta.php(857): view('admin/peserta/s...', Array)
#6 E:\APLIKASI\koding\sneat\system\CodeIgniter.php(802): App\Controllers\Peserta->printmohon('3120269432')
#7 E:\APLIKASI\koding\sneat\system\CodeIgniter.php(399): CodeIgniter\CodeIgniter->runController(Object(App\Controllers\Peserta))
#8 E:\APLIKASI\koding\sneat\system\CodeIgniter.php(317): CodeIgniter\CodeIgniter->handleRequest(NULL, Object(Config\Cache), false)
#9 E:\APLIKASI\koding\sneat\public\index.php(37): CodeIgniter\CodeIgniter->run()
#10 E:\APLIKASI\koding\sneat\system\Commands\Server\rewrite.php(43): require_once('E:\\APLIKASI\\kod...')
#11 {main}
CRITICAL - 2025-04-27 19:44:51 --> Undefined offset: -1
#0 E:\APLIKASI\koding\sneat\app\Helpers\formatindo_helper.php(15): CodeIgniter\Debug\Exceptions->errorHandler(8, 'Undefined offse...', 'E:\\APLIKASI\\kod...', 15, Array)
#1 E:\APLIKASI\koding\sneat\app\Views\admin\peserta\surat_pindah.php(293): formatindo(NULL)
#2 E:\APLIKASI\koding\sneat\system\View\View.php(214): include('E:\\APLIKASI\\kod...')
#3 E:\APLIKASI\koding\sneat\system\View\View.php(217): CodeIgniter\View\View->CodeIgniter\View\{closure}()
#4 E:\APLIKASI\koding\sneat\system\Common.php(1092): CodeIgniter\View\View->render('admin/peserta/s...', Array, true)
#5 E:\APLIKASI\koding\sneat\app\Controllers\Peserta.php(858): view('admin/peserta/s...', Array)
#6 E:\APLIKASI\koding\sneat\system\CodeIgniter.php(802): App\Controllers\Peserta->printmohon('3120269432')
#7 E:\APLIKASI\koding\sneat\system\CodeIgniter.php(399): CodeIgniter\CodeIgniter->runController(Object(App\Controllers\Peserta))
#8 E:\APLIKASI\koding\sneat\system\CodeIgniter.php(317): CodeIgniter\CodeIgniter->handleRequest(NULL, Object(Config\Cache), false)
#9 E:\APLIKASI\koding\sneat\public\index.php(37): CodeIgniter\CodeIgniter->run()
#10 E:\APLIKASI\koding\sneat\system\Commands\Server\rewrite.php(43): require_once('E:\\APLIKASI\\kod...')
#11 {main}
CRITICAL - 2025-04-27 19:46:31 --> Undefined offset: -1
#0 E:\APLIKASI\koding\sneat\app\Helpers\formatindo_helper.php(15): CodeIgniter\Debug\Exceptions->errorHandler(8, 'Undefined offse...', 'E:\\APLIKASI\\kod...', 15, Array)
#1 E:\APLIKASI\koding\sneat\app\Views\admin\peserta\surat_pindah.php(293): formatindo('')
#2 E:\APLIKASI\koding\sneat\system\View\View.php(214): include('E:\\APLIKASI\\kod...')
#3 E:\APLIKASI\koding\sneat\system\View\View.php(217): CodeIgniter\View\View->CodeIgniter\View\{closure}()
#4 E:\APLIKASI\koding\sneat\system\Common.php(1092): CodeIgniter\View\View->render('admin/peserta/s...', Array, true)
#5 E:\APLIKASI\koding\sneat\app\Controllers\Peserta.php(858): view('admin/peserta/s...', Array)
#6 E:\APLIKASI\koding\sneat\system\CodeIgniter.php(802): App\Controllers\Peserta->printmohon('3120269432')
#7 E:\APLIKASI\koding\sneat\system\CodeIgniter.php(399): CodeIgniter\CodeIgniter->runController(Object(App\Controllers\Peserta))
#8 E:\APLIKASI\koding\sneat\system\CodeIgniter.php(317): CodeIgniter\CodeIgniter->handleRequest(NULL, Object(Config\Cache), false)
#9 E:\APLIKASI\koding\sneat\public\index.php(37): CodeIgniter\CodeIgniter->run()
#10 E:\APLIKASI\koding\sneat\system\Commands\Server\rewrite.php(43): require_once('E:\\APLIKASI\\kod...')
#11 {main}
CRITICAL - 2025-04-27 19:46:57 --> Undefined offset: -1
#0 E:\APLIKASI\koding\sneat\app\Helpers\formatindo_helper.php(15): CodeIgniter\Debug\Exceptions->errorHandler(8, 'Undefined offse...', 'E:\\APLIKASI\\kod...', 15, Array)
#1 E:\APLIKASI\koding\sneat\app\Views\admin\peserta\surat_pindah.php(293): formatindo('')
#2 E:\APLIKASI\koding\sneat\system\View\View.php(214): include('E:\\APLIKASI\\kod...')
#3 E:\APLIKASI\koding\sneat\system\View\View.php(217): CodeIgniter\View\View->CodeIgniter\View\{closure}()
#4 E:\APLIKASI\koding\sneat\system\Common.php(1092): CodeIgniter\View\View->render('admin/peserta/s...', Array, true)
#5 E:\APLIKASI\koding\sneat\app\Controllers\Peserta.php(858): view('admin/peserta/s...', Array)
#6 E:\APLIKASI\koding\sneat\system\CodeIgniter.php(802): App\Controllers\Peserta->printmohon('3120269432')
#7 E:\APLIKASI\koding\sneat\system\CodeIgniter.php(399): CodeIgniter\CodeIgniter->runController(Object(App\Controllers\Peserta))
#8 E:\APLIKASI\koding\sneat\system\CodeIgniter.php(317): CodeIgniter\CodeIgniter->handleRequest(NULL, Object(Config\Cache), false)
#9 E:\APLIKASI\koding\sneat\public\index.php(37): CodeIgniter\CodeIgniter->run()
#10 E:\APLIKASI\koding\sneat\system\Commands\Server\rewrite.php(43): require_once('E:\\APLIKASI\\kod...')
#11 {main}
CRITICAL - 2025-04-27 19:53:14 --> Undefined index: nama_lengkap
#0 E:\APLIKASI\koding\sneat\app\Views\admin\peserta\v_peserta.php(73): CodeIgniter\Debug\Exceptions->errorHandler(8, 'Undefined index...', 'E:\\APLIKASI\\kod...', 73, Array)
#1 E:\APLIKASI\koding\sneat\system\View\View.php(214): include('E:\\APLIKASI\\kod...')
#2 E:\APLIKASI\koding\sneat\system\View\View.php(217): CodeIgniter\View\View->CodeIgniter\View\{closure}()
#3 E:\APLIKASI\koding\sneat\system\Common.php(1092): CodeIgniter\View\View->render('admin/peserta/v...', Array, true)
#4 E:\APLIKASI\koding\sneat\app\Controllers\Peserta.php(70): view('admin/peserta/v...', Array)
#5 E:\APLIKASI\koding\sneat\system\CodeIgniter.php(802): App\Controllers\Peserta->index()
#6 E:\APLIKASI\koding\sneat\system\CodeIgniter.php(399): CodeIgniter\CodeIgniter->runController(Object(App\Controllers\Peserta))
#7 E:\APLIKASI\koding\sneat\system\CodeIgniter.php(317): CodeIgniter\CodeIgniter->handleRequest(NULL, Object(Config\Cache), false)
#8 E:\APLIKASI\koding\sneat\public\index.php(37): CodeIgniter\CodeIgniter->run()
#9 E:\APLIKASI\koding\sneat\system\Commands\Server\rewrite.php(43): require_once('E:\\APLIKASI\\kod...')
#10 {main}
